[INFO][2024-04-13 14:23:57] 初始化文档数据，路径：../RawData/Documents\AAA需增添水印的新文件\分流&转专业&二次选拔\南京大学2022级本科生二次选拔方案.pdf
[INFO][2024-04-13 14:23:57] 文档加载完成，共 0 个文档
[INFO][2024-04-13 14:23:57] 正在生成QA对
[INFO][2024-04-13 14:23:57] 文档为空，无法生成QA对
[INFO][2024-04-13 14:23:57] QA对生成完成，生成QA对：0个
[INFO][2024-04-13 14:23:57] ../RawData/Documents\AAA需增添水印的新文件\分流&转专业&二次选拔\南京大学2022级本科生二次选拔方案.pdf 处理完成，输出至：../Output/Documents\AAA需增添水印的新文件\分流&转专业&二次选拔\南京大学2022级本科生二次选拔方案.pdf
[INFO][2024-04-13 14:23:57] 初始化文档数据，路径：../RawData/Documents\AAA需增添水印的新文件\分流&转专业&二次选拔\南京大学2023年全日制本科生跨大类（院系）专业准入计划及实施方案一览表.pdf
[INFO][2024-04-13 14:23:58] 文档加载完成，共 43 个文档
[INFO][2024-04-13 14:23:58] 正在生成QA对
[INFO][2024-04-13 14:24:18] 出错：模型返回格式错误，模型返回：[
    {
        "问题": "哪些课程是准入课程？",
        "回答": "准入课程包括《建成环境导论与学科前沿》、《城市发展与规划导论》、《设计基础》、《建筑通史》、《规划原理》以及《数据分析与决策导论》。",
        "分类": "学术交流活动",
        "关键词": [
            "准入课程",
            "学分",
            "学科前沿",
            "城市发展",
            "设计基础",
            "建筑通史",
            "规划原理",
            "数据分析",
            "决策导论"
        ],
        "依据": [
            "须已修或者在修《建成环境导论与学科前沿》、《城市发展与规划导论》、《设计基础》、《建筑通史》、《规划原理》五门课程中的任意一门，本学期结束时取得相应的学分。",
            "申请准入工业工程、金融工程专业，须在修《数据分析与决策导论》，本学期结束时取得相应学分。"
        ]
    },
    {
        "问题": "如果未满足准入课程学分要求会怎样？",
        "回答": "未满足准入课程学分要求的学生，学校会根据其第一学年课程修读情况来决定是否给予参加准入考核的资格。",
        "分类": "学术交流活动",
        "关键词": "未满足",
        "依据": "未满足准入课程学分要求的，可根据申请者第一学年课程修读情况，决定是否给予参加准入考核的资格。"
    },
    {
        "问题": "准入考核的审核标准是什么？",
        "回答": "准入考核的审核主要看三个方面：1.准入课程的修读情况；2.申请时已修原大类（院系）必修课程学分绩；3.申请者的综合测评成绩，包括论文和竞赛获奖等。",
        "分类": "学术交流活动",
        "关键词": "准入考核",
        "依据": "审核依据：1.准入课程的修读情况；2.申请时已修原大类（院系）必修课程学分绩；3.申请者的综合测评成绩（包括论文，竞赛获奖等方面的内容）。"
    },
    {
        "问题": "申请工业工程或金融工程专业的特殊要求是什么？",
        "回答": "申请这两个专业除了需要通过审核，还必须在修《数据分析与决策导论》这门课程，并在本学期结束时取得相应学分。另外，申请金融工程专业还需已修全部课程学分绩达到4.0（含4.0）以上。",
        "分类": "学术交流活动",
        "关键词": "工业工程",
        "依据": "申请准入工业工程、金融工程专业，须在修《数据分析与决策导论》，本学期结束时取得相应学分。审核依据：1.准入课程的修读情况；2.申请时已修全部课程学分绩须达4.0（含4.0）以上。"
    }
]
[INFO][2024-04-13 14:24:20] 出错：Invalid control character at: line 4 column 38 (char 79)，模型返回：[
    {
        "问题": "转专业到政府管理学院有哪些条件？",
        "回答": "转专业到政府管理学院有不同的条件，具体如下：
1. 需要已取得社会学院的《社会与心理科学导论》课程学分。
2. 必须修读《社会学概论》、《社会工作概论》、《心理学概论（上）》中的至少一门，并在学期结束时获得相应学分。
3. 如果申请准入特定专业，还需要修读该专业教学计划中的2门专业核心课程，并在学期结束时取得学分。
4. 对于所在大类（院系）的通修课程，比如《大学英语（一）》、《大学英语（二）》的成绩需达到80分以上，《微积分I（第一层次）》、《微积分II（第一层次）》或《微积分I（第二层次）》、《微积分II与线性代数（第二层次）》的成绩也需达到80分以上，或者《简明微积分》成绩需达到85分以上。如果申请的是金融学或金融工程专业，数学通修课程要求可能会有所不同。

请注意，以上条件需全部满足。",
        "分类": "学术交流活动",
        "关键词": [
            "转专业条件",
            "政府管理学院",
            "社会与心理科学导论",
            "社会学概论",
            "专业核心课",
            "通修课程"
        ],
        "依据": [
            "须已取得社会学院开设的《社会与心理科学导论》课程学分；",
            "须在修社会学院开设的《社会学概论》《社会工作概论》《心理学概论（上）》中的任意1门，本学期结束时取得相应的学分。",
            "须至少已修或在修拟准入专业教学计划中的2门专业核心课，本学期结束时取得相应的学分。",
            "须已修或者在修所在大类（院系）的通修课程，本学期结束时取得相应的学分。"
        ]
    },
    {
        "问题": "申请金融学或金融工程专业转专业，数学成绩有什么特别要求？",
        "回答": "申请金融学或金融工程专业的转专业，数学通修课程的要求可能会比其他专业更严格，但具体的分数要求没有明确说明。建议咨询学院的教务办公室获取详细信息。",
        "分类": "学术交流活动",
        "关键词": [
            "金融学",
            "金融工程",
            "数学通修课程",
            "特别要求"
        ],
        "依据": [
            "申请准入金融学或金融工程专业的学生，数学通修课程要求"
        ]
    }
]
[INFO][2024-04-13 14:24:41] 出错：模型返回格式错误，模型返回：[
    {
        "问题": "如何确定准入名单？",
        "回答": "准入名单的确定会根据申请时已修原大类（院系）必修课学分绩、综合测评成绩，包括论文和竞赛获奖等方面，以及可能的准入考核成绩和面试表现。如果资格审核通过者超过计划名额，还会组织准入考核或面试来进行进一步筛选。",
        "分类": "学术交流活动",
        "关键词": [
            "准入名单",
            "学分绩",
            "综合测评",
            "面试",
            "准入考核"
        ],
        "依据": [
            "资格审核通过者，根据申请时已修原大类（院系）必修课学分绩、综合测评成绩（综合测评包括论文、竞赛获奖等方面内容），确定准入名单。",
            "当资格审核通过的学生数量超出计划名额时，则组织准入考核，根据申请者申请时已修原大类（院系）必修课学分绩、综合测评成绩（综合测评包括论文、竞赛获奖等 方面内容）及准入考核成绩，确定准入名单。",
            "对资格审核通过者，组织面试；根据面试表现及综合素质评定，确定准入名单。"
        ]
    },
    {
        "问题": "面试在准入过程中起到什么作用？",
        "回答": "面试是决定准入名单的重要环节之一，它用于评估申请者的综合素质，面试成绩将结合申请者的其他成绩来最终确定是否准入。",
        "分类": "学术交流活动",
        "关键词": "面试",
        "依据": [
            "对资格审核通过者，组织面试；根据面试表现及综合素质评定，确定准入名单。",
            "对资格审核通过者，组织面试，根据面试成绩和综合素质评定，确定准入名单。"
        ]
    },
    {
        "问题": "审核会考虑哪些课程的修读情况？",
        "回答": "审核会考虑准入课程的修读情况以及所在大类（院系）的通修课程修读情况。",
        "分类": "学术交流活动",
        "关键词": "修读情况",
        "依据": [
            "审核依据： 1.准入课程的修读情况；2.所在大类（院系）通修课程的修读情况。"
        ]
    },
    {
        "问题": "如果有问题，应该联系哪位老师？",
        "回答": "如果有任何问题，可以联系陈老师（chenbing@nju.edu.cn）或任老师（renxuej@n）。",
        "分类": "其他",
        "关键词": "联系方式",
        "依据": [
            "陈老师：chenbing@nju.edu.cn\n任老师：renxuej@n"
        ]
    }
]
[INFO][2024-04-13 14:24:48] 出错：Expecting value: line 4 column 15 (char 58)，模型返回：[
    {
        "问题": "转专业到外国语学院的具体条件是什么？",
        "回答": 转专业到外国语学院的条件包括：
1. 综合考核分数需达到60分及以上。
2. 文科、理科生源将分别根据“外语平均成绩（30%权重）+数学平均成绩（30%权重）+考核成绩（40%权重）”排名。
3. 学习成绩需在所在大类（院系）表现良好。
4. 外语水平要好，具有较强的语言学习兴趣和潜力。
5. 通过资格审核后，需参加笔试和面试，根据综合成绩确定准入名单。
6. 已修或正在修读所在大类的通修课程，且在学期结束时取得相应学分。具体课程成绩要求如下：
   - 《大学英语（一）》和《大学英语（二）》均需80分以上。
   - 《微积分I（第一层次）》、《微积分II（第一层次）》或《微积分I（第二层次）》、《微积分II与线性代数（第二层次）》均需80分以上。
   - 或者，《简明微积分》的成绩需85分以上。

请注意，这些要求可能会根据具体专业有所调整，具体接收名额由各专业自行确定。
        "分类": "学术交流活动",
        "关键词": [
            "转专业",
            "外国语学院",
            "条件",
            "考核分数",
            "外语平均成绩",
            "数学平均成绩",
            "资格审核",
            "笔试",
            "面试",
            "学分",
            "课程成绩"
        ],
        "依据": [
            "考核通过须综合考核分数60分及以上",
            "对资格审核和综合考核通过者",
            "外语平均成绩（权重占30%）+数学平均成绩（权重占30%）+考核成绩（权重占40%）",
            "学习成绩情况",
            "外语水平",
            "语言学习兴趣",
            "已修或者在修所在大类（院系）的通修课程",
            "《大学英语（一）》、《大学英语（二）》的成绩均须80分以上",
            "《微积分I（第一层次）》、《微积分II（第一层次）》的成绩均须80分以上",
            "《简明微积分》的成绩须85分以上"
        ]
    }
]
[INFO][2024-04-13 14:24:57] 出错：模型返回格式错误，模型返回：[
    {
        "问题": "转专业申请的排序依据是什么？",
        "回答": "转专业申请的排序依据主要包括申请时已修原大类（院系）必修课学分绩和综合测评成绩，其中综合测评成绩涉及论文和竞赛获奖等。如果资格审核通过的学生数量超过计划名额，可能会有准入考核，考核成绩也会被纳入排序考虑。",
        "分类": "学术交流活动",
        "关键词": [
            "转专业",
            "排序依据",
            "学分绩",
            "综合测评",
            "论文",
            "竞赛获奖",
            "准入考核"
        ],
        "依据": [
            "资格审核通过者，根据申请时已修原大类（院系）必修课学分绩、综合测评成绩（综合测评包括论文、竞赛获奖等方面内容），确定准入名单。",
            "当资格审核通过的学生数量超出计划名额时，则组织准入考核，根据申请者申请时已修原大类（院系）必修课学分绩、综合测评成绩（综合测评包括论文、竞赛获奖等方面内容）及准入考核成绩，确定准入名单。"
        ]
    },
    {
        "问题": "面试在转专业申请中起到什么作用？",
        "回答": "面试是转专业申请过程中的重要环节，用于评估学生的综合素质。面试成绩会结合申请者的其他表现来确定最终的准入名单。",
        "分类": "学术交流活动",
        "关键词": "面试",
        "依据": [
            "对资格审核通过者，组织面试；2.根据面试表现及综合素质评定，确定准入名单。",
            "对资格审核通过者，组织面试，根据面试成绩和综合素质评定，确定准入名单。"
        ]
    },
    {
        "问题": "如果想咨询转专业相关事宜，应该联系哪位老师？",
        "回答": "如果您有关于转专业的问题需要咨询，可以联系陈老师，邮箱为 chenbing@nju.edu.cn，或者联系任老师，邮箱为 renxuej@nju.edu.cn。",
        "分类": "其他",
        "关键词": "转专业咨询",
        "依据": "陈老师：chenbing@nju.edu.cn 任老师：renxuej@n"
    }
]
[INFO][2024-04-13 14:25:00] 出错：Invalid control character at: line 4 column 29 (char 64)，模型返回：[
    {
        "问题": "转专业的要求是什么？",
        "回答": "转专业有不同的要求，例如：
- 哲学专业要求已修或在修3门人文艺术传播类课程，其中至少1门是哲学系的，并且需要修3门哲学专业的核心课程。
- 新闻传播学类要求已修或在修2门人文艺术传播类课程，至少1门是新闻传播学院的。
- 政治学与行政学要求取得社会科学试验班的2门学分，修完2门政府管理学院的基础课，以及至少2门专业核心课。
- 行政管理专业同样要求社会科学试验班的2门学分，修完政府管理学院的2门基础课，以及至少2门行政管理专业核心课。

请注意，所有课程都需要在本学期结束时取得相应学分。",
        "分类": "学习资源与课程通知",
        "关键词": [
            "转专业",
            "要求",
            "学分",
            "课程"
        ],
        "依据": [
            "须已修或者在修3门人文艺术传播类的学科基础课程，其中至少1门是哲学系开设的学科基础课程，本学期结束时取得相应的学分；",
            "须已修或者在修至少3门哲学专业的核心课程，本学期结束时取得相应的学分。",
            "须已修或者在修2门人文艺术传播类的学科基础课程，其中至少1门是新闻传播学院开设的学科基础课程，本学期结束时取得相应的学分。",
            "申请时须已取得社会科学试验班第一学期的5门学科基础课程中的任意2门课程学分；",
            "须已修或在修政府管理学院的2门学科基础课《政治学原理》和《行政管理学》，本学期结束时取得相应的学分；",
            "须已修或在修行政管理专业教学计划中的至少"
        ]
    },
    {
        "问题": "哪些课程是哲学系开设的学科基础课程？",
        "回答": "具体哪些哲学系开设的学科基础课程未在信息中明确列出，需要向哲学系咨询以获取详细信息。",
        "分类": "学习资源与课程通知",
        "关键词": [
            "哲学系",
            "开设",
            "学科基础课程"
        ],
        "依据": "须已修或者在修3门人文艺术传播类的学科基础课程，其中至少1门是哲学系开设的学科基础课程，本学期结束时取得相应的学分；"
    },
    {
        "问题": "社会科学试验班第一学期的学科基础课程有哪些？",
        "回答": "社会科学试验班第一学期的5门学科基础课程未在信息中列出，建议直接咨询社会科学试验班的相关负责人或查看课程表以获取详细信息。",
        "分类": "学习资源与课程通知",
        "关键词": [
            "社会科学试验班",
            "第一学期",
            "学科基础课程"
        ],
        "依据": "申请时须已取得社会科学试验班第一学期的5门学科基础课程中的任意2门课程学分；"
    }
]
[INFO][2024-04-13 14:25:30] 出错：模型返回格式错误，模型返回：[
    {
        "问题": "转专业到经济管理试验班有什么成绩要求？",
        "回答": "想要转专业到经济管理试验班，需要《微积分I（第一层次）》、《微积分II（第一层次）》这两门课达到80分以上，或者《简明微积分》达到85分以上。这些成绩都是按四舍五入取整后的结果。",
        "分类": "学术交流活动",
        "关键词": [
            "转专业",
            "经济管理试验班",
            "成绩要求",
            "微积分",
            "简明微积分"
        ],
        "依据": "一层次）》、《微积\n分II（第一层次）》（或者《微积分I（第二层次）》、《微积分II与线性代\n数（第二层次）》）的成绩均须80分以上（含80分，成绩按四舍五入后取\n整），或《简明微积分》的成绩须85分以上（含85分，成绩按四舍五入后取\n整）；"
    },
    {
        "问题": "转专业面试的排序方法是什么？",
        "回答": "转专业面试的排序首先基于资格审核，审核通过后会进行面试。最终的准入名单是根据面试成绩来确定的。",
        "分类": "学术交流活动",
        "关键词": "转专业面试",
        "依据": "1.对资格审核通过者，组织面试；2.根据面\n试成绩，确定准入名单。"
    },
    {
        "问题": "化学相关专业的转专业条件有哪些？",
        "回答": "转专业到化学相关专业，需要已修或在修《大学化学 A》、《大学化学 B》或《化学原理A》之一，并在学期结束时获得学分。另外，还需要已修或在修《普通生物学（上）》、《普通生物学（下）》或《大学生物学》中的一门，同样需在学期结束时取得相应的学分。",
        "分类": "学术交流活动",
        "关键词": "化学专业转专业",
        "依据": "1.须已修或者在修《大学化学 A》或《大学化学 B》或《化学原理A》，本学\n期结束时取得相应学分；\n2.须已修或者在修《普通生物学（上）》或《普通生物学（下）》或《大学生\n物学》课程，本学期结束时取得相应的学分；"
    }
]
[INFO][2024-04-13 14:25:44] 出错：Invalid control character at: line 4 column 40 (char 86)，模型返回：[
    {
        "问题": "转专业到2022软件工程需要满足哪些条件？",
        "回答": "转专业到2022软件工程，学生需要满足以下条件：
1. 完成或正在修读所在大类的通修课程，尤其是数学通修课程00010011A《微积分I（第一层次）》和00010011B《微积分II（第一层次）》，并且这两门课程的成绩要达到80分或以上。
2. 已修或正修软件工程专业的2门学科基础课程（如《计算系统基础》、《C语言程序设计基础》、《软件工程与计算I》、《离散数学》），同样要求每门课80分或以上。

请注意，所有学分和成绩要求必须在本学期结束时达成，并且成绩按四舍五入取整。",
        "分类": "学术交流活动",
        "关键词": [
            "转专业",
            "2022软件工程",
            "条件",
            "学分",
            "成绩"
        ],
        "依据": [
            "须已修或者在修所在大类（院系）的通修课程，本学期结束时取得相应的学分，其中数学通修课程须取得00010011A《微积分I（第一层次）》、00010011B《微积分II（第一层次）》的学分，且成绩均要求80分以上（含80分，成绩按四舍五入后取整）",
            "须已修或者在修软件工程专业开设的学科基础课程（《计算系统基础》、《C语言程序设计基础》、《软件工程与计算I》、《离散数学》）中的2门，本学期结束时取得相应的学分且成绩均要求80分以上（含80分，成绩按四舍五入后取整）"
        ]
    },
    {
        "问题": "转专业到2021软件工程的要求是什么？",
        "回答": "转专业到2021软件工程，要求包括：
1. 完成或正在修读所在大类的通修课程，特别是《微积分I(第一层次)》、《微积分II（第一层次）》和《线性代数（第一层次）》，需获得相应学分。
2. 已修或正修软件工程的2门学科基础课程，具体课程同上，但未提及具体成绩要求。
3. 需要在本学期结束时取得所有相关课程的学分。",
        "分类": "学术交流活动",
        "关键词": [
            "转专业",
            "2021软件工程",
            "条件",
            "学分"
        ],
        "依据": [
            "须已修或者在修所在大类（院系）的通修课程，其中数学通修课程须取得《微积分I(第一层次)》、《微积分II（第一层次）》、《线性代数（第一层次）》的学分",
            "须已修或者在修软件工程专业开设的学科基础课程（《计算系统基础》、《C语言程序设计基础》、《软件工程与计算I》、《离散数学》）中的2门，本学期结束时取得相应的学分"
        ]
    }
]
[INFO][2024-04-13 14:25:52] 出错：Invalid control character at: line 4 column 34 (char 76)，模型返回：[
    {
        "问题": "转专业到行政管理需要满足哪些条件？",
        "回答": "转专业到行政管理，需要满足以下条件：
1. 已取得社会科学试验班第一学期5门学科基础课程中的任意2门课程学分。
2. 已修或在修政府管理学院的《政治学原理》和《行政管理学》，并在本学期结束时取得相应学分。
3. 已修或在修至少2门行政管理专业教学计划中的专业核心课程，并在本学期结束时取得相应学分。",
        "分类": "学术交流活动",
        "关键词": ["行政管理", "转专业", "条件"],
        "依据": [
            "申请时须已取得社会科学试验班第一学期的5门学科基础课程中的任意2门课程学分；",
            "须已修或在修政府管理学院的2门学科基础课《政治学原理》和《行政管理学》，本学期结束时取得相应的学分；",
            "须已修或在修行政管理专业教学计划中的至少2门专业核心课，本学期结束时取得相应的学分。"
        ]
    },
    {
        "问题": "转专业到劳动与社会保障的要求是什么？",
        "回答": "转专业到劳动与社会保障，需满足以下要求：
1. 已取得社会科学试验班第一学期5门学科基础课程中的任意2门课程学分。
2. 已修或在修政府管理学院的《行政管理学》和《社会保障概论》，并在本学期结束时取得相应学分。
3. 已修或在修至少2门劳动与社会保障专业教学计划中的专业核心课程，并在本学期结束时取得相应学分。",
        "分类": "学术交流活动",
        "关键词": ["劳动与社会保障", "转专业", "要求"],
        "依据": [
            "申请时须已取得社会科学试验班第一学期的5门学科基础课程中的任意2门课程学分；",
            "须已修或在修政府管理学院的2门学科基础课《行政管理学》和《社会保障概论》，本学期结束时取得相应的学分；",
            "须已修或在修劳动与社会保障专业教学计划中的至少2门专业核心课，本学期结束时取得相应的学分。"
        ]
    },
    {
        "问题": "经济学专业的转专业学分要求是多少？",
        "回答": "经济学专业（包括产业经济方向）的转专业学分要求在4至5门之间，具体要求可能因方向而异。",
        "分类": "学术交流活动",
        "关键词": ["经济学", "转专业", "学分"],
        "依据": [
            "经济学 5",
            "经济学（产业经济方向） 5",
            "经济学 4",
            "经济学（产业经济方向） 3"
        ]
    }
]
[INFO][2024-04-13 14:25:56] 出错：Invalid control character at: line 12 column 23 (char 306)，模型返回：[
    {
        "问题": "转专业到经济管理试验班有什么成绩要求吗？",
        "回答": "转专业到经济管理试验班要求《微积分I（第一层次）》、《微积分II（第一层次）》这两门课的成绩均在80分以上，或者《简明微积分》的成绩达到85分以上。所有成绩都是按四舍五入取整计算的。",
        "分类": "学术交流活动",
        "关键词": [
            "转专业",
            "经济管理试验班",
            "成绩要求"
        ],
        "依据": [
            "一层次）》、《微积
分II（第一层次）》（或者《微积分I（第二层次）》、《微积分II与线性代
数（第二层次）》）的成绩均须80分以上（含80分，成绩按四舍五入后取
整），或《简明微积分》的成绩须85分以上（含85分，成绩按四舍五入后取
整）；"
        ]
    },
    {
        "问题": "申请转专业需要完成哪些学科基础课的学分？",
        "回答": "申请时需要至少已取得1门经济管理试验班学科基础课的3个学分。",
        "分类": "学术交流活动",
        "关键词": [
            "转专业",
            "学科基础课",
            "学分"
        ],
        "依据": [
            "申请时须至少已取得1门经济管理试验班学科基础课的3个学分。"
        ]
    },
    {
        "问题": "物理学院转专业有特别的课程要求吗？",
        "回答": "对于物理学院，没有明确提及特殊的转专业课程要求。但通常会基于所在大类（院系）的通修课程修读情况进行审核。",
        "分类": "学术交流活动",
        "关键词": [
            "物理学院",
            "转专业",
            "课程要求"
        ],
        "依据": [
            "物理学院",
            "审核依据： 所在大类（院系）通修课程的修读情况。"
        ]
    },
    {
        "问题": "化学化工学院转专业需要满足什么条件？",
        "回答": "化学化工学院的学生需已修或在修《大学化学 A》、《大学化学 B》或《化学原理A》，并且本学期结束时要取得相应学分。",
        "分类": "学术交流活动",
        "关键词": [
            "化学化工学院",
            "转专业",
            "课程要求"
        ],
        "依据": [
            "1.须已修或者在修《大学化学 A》或《大学化学 B》或《化学原理A》，本学期结束时取得相应学分；"
        ]
    },
    {
        "问题": "生命科学学院转专业的要求是什么？",
        "回答": "生命科学学院的学生需要已修或在修《普通生物学（上）》、《普通生物学（下）》或《大学生物学》课程，并在本学期结束时取得相应的学分。",
        "分类": "学术交流活动",
        "关键词": [
            "生命科学学院",
            "转专业",
            "课程要求"
        ],
        "依据": [
            "2.须已修或者在修《普通生物学（上）》或《普通生物学（下）》或《大学生物学》课程，本学期结束时取得相应的学分；"
        ]
    }
]
[INFO][2024-04-13 14:26:08] 出错：Invalid control character at: line 4 column 38 (char 84)，模型返回：[
    {
        "问题": "转专业到2022软件工程需要满足哪些条件？",
        "回答": "转专业到2022软件工程，需要满足以下条件：
1. 已修或在修所在大类的通修课程，并在学期结束时取得相应学分，包括微积分I和II（第一层次），成绩需80分以上。
2. 已修或在修软件工程专业的学科基础课程中的2门（计算系统基础、C语言程序设计基础、软件工程与计算I、离散数学），同样要求学期结束时取得80分以上的成绩。

请注意，所有成绩都按四舍五入取整处理。",
        "分类": "学术交流活动",
        "关键词": [
            "转专业",
            "2022软件工程",
            "条件",
            "通修课程",
            "学科基础课程"
        ],
        "依据": [
            "2022 软件工程 291.",
            "须已修或者在修所在大类（院系）的通修课程，本学期结束时取得相应的学分，其中数学通修课程须取得00010011A《微积分I（第一层次）》、00010011B《微积分II（第一层次）》的学分，且成绩均要求80分以上（含80分，成绩按四舍五入后取整）；",
            "须已修或者在修软件工程专业开设的学科基础课程（《计算系统基础》、《C语言程序设计基础》、《软件工程与计算I》、《离散数学》）中的2门，本学期结束时取得相应的学分且成绩均要求80分以上（含80分，成绩按四舍五入后取整）。"
        ]
    },
    {
        "问题": "转专业到2021软件工程的要求是什么？",
        "回答": "转专业到2021软件工程，需要满足以下条件：
1. 已修或在修所在大类的通修课程，包括微积分I、II（第一层次）和线性代数（第一层次），需取得相应学分。
2. 已修或在修软件工程专业的学科基础课程中的2门（计算系统基础、C语言程序设计基础、软件工程与计算I、离散数学），需要在学期结束时取得相应的学分。

没有提到具体的成绩要求，但通常会期望学生有良好的学业表现。",
        "分类": "学术交流活动",
        "关键词": [
            "转专业",
            "2021软件工程",
            "条件",
            "通修课程",
            "学科基础课程"
        ],
        "依据": [
            "2021 软件工程 121.",
            "须已修或者在修所在大类（院系）的通修课程，本学期结束时取得相应的学分，其中数学通修课程须取得《微积分I(第一层次)》、《微积分II（第一层次）》、《线性代数（第一层次）》的学分；",
            "须已修或者在修软件工程专业开设的学科基础课程（《计算系统基础》、《C语言程序设计基础》、《软件工程与计算I》、《离散数学》）中的2门，本学期结束时取得相应的学分。"
        ]
    }
]
[INFO][2024-04-13 14:26:52] 出错：Expecting ',' delimiter: line 29 column 21 (char 651)，模型返回：[
    {
        "问题": "新生需要在第一学期取得多少个学分才能满足要求？",
        "回答": "新生需要在第一学期取得16个以上学分，其中通识通修课程至少取得10个学分。",
        "分类": "学习资源与课程通知",
        "关键词": [
            "新生",
            "第一学期",
            "学分"
        ],
        "依据": [
            "须在第一学期取得16个以上学分，其中通识通修课程至少取得10个学分。"
        ]
    },
    {
        "问题": "数学通修课程具体包括哪些？",
        "回答": "数学通修课程包括《微积分I（第一层次）》、《微积分II（第一层次）》、《线性代数（第一层次）》。",
        "分类": "学习资源与课程通知",
        "关键词": [
            "数学通修课程",
            "具体内容"
        ],
        "依据": [
            "数学通修课程须取得《微积分I（第一层次）》、《微积分II（第一层次）》、《线性代数（第一层次）》的学分"
        ]
    },
    {
        "问题": "对于物理课程，有哪些选择？",
        "回答": "可以选择"24020010A《大学物理(上)》+24020010B《大学物理(下)》" 或 "《力学》+《热学》＋《电磁学》＋《近代物理》"，以及《光学》、《理论力学》、《数学物理方法》。",
        "分类": "学习资源与课程通知",
        "关键词": [
            "物理课程",
            "选择"
        ],
        "依据": [
            "须已修或者在修“24020010A《大学物理(上)》+24020010B《大学物理(下)》”或“《力学》+《热学》＋《电磁学》＋《近代物理》”、《光学》、《理论力学》、《数学物理方法》课程"
        ]
    },
    {
        "问题": "数学系相关专业的学科基础课程有哪些？",
        "回答": "数学与应用数学专业需要《常微分方程》、《复变函数》、《概率论基础》、《近世代数》，统计学和信息与计算科学专业需要《数值分析》。",
        "分类": "学习资源与课程通知",
        "关键词": [
            "数学系",
            "学科基础课程",
            "专业要求"
        ],
        "依据": [
            "相关专业的学科基础课程为：《常微分方程》、《复变函数》、《概率论基础》、《近世代数》（数学与应用数学专业要求）或《数值分析》（统计学和信息与计算科学专业要求）"
        ]
    }
]
[INFO][2024-04-13 14:27:03] 出错：模型返回格式错误，模型返回：[
    {
        "问题": "哪些学院的学生可以申请这个项目？",
        "回答": "大气科学学院、电子科学与工程学院、现代工程与应用科学学院、软件学院、环境学院、天文与空间科学学院以及计算机科学与技术系2021级和2022级的学生可以申请。",
        "分类": "学术交流活动",
        "关键词": [
            "学院",
            "申请",
            "学生"
        ],
        "依据": [
            "大气科学学院",
            "电子科学与工程学院",
            "现代工程与应用科学学院",
            "软件学院",
            "环境学院",
            "天文与空间科学学院",
            "计算机科学与技术系2021",
            "2022"
        ]
    },
    {
        "问题": "如果我没有修完准入课程，还有机会获得面试资格吗？",
        "回答": "未满足准入课程学分要求的学生，学校会根据已修或者在修的数理化等理科基础课程的修读情况来决定是否给予面试资格。",
        "分类": "学术交流活动",
        "关键词": "面试资格",
        "依据": "未满足准入课程学分要求的，可根据申请者已修或者在修数理化等理科基础课程的修读情况，决定是否给予面试资格。"
    },
    {
        "问题": "申请这个项目需要在本学期结束前完成哪些课程？",
        "回答": "对于不同专业的学生有不同的要求，例如有的需要已修或在修《大学物理(上)》或《普通物理(上)(第一层次)》，有的需要已修或在修《普通物理（力学）》、《大学化学》、《普通物理（热学）》中的一门，还有的需要已修或在修所在大类（院系）一、二年级的通修课程以及2门地球科学与资源环境类的学科基础课程。",
        "分类": "学术交流活动",
        "关键词": "课程要求",
        "依据": "须已修或者在修24020010A《大学物理(上)》或12000016A《普通物理(上)(第一层次)》；须至少已修或者在修《普通物理（力学）》、19000200《大学化学》、《普通物理（热学）》三门课程中的任意一门；须已修或者在修所在大类（院系）一、二年级的通修课程，以及《地球科学与资源环境导论》《大学化学A》。"
    },
    {
        "问题": "如果我有问题，应该联系谁？",
        "回答": "如果有疑问，可以联系姜老师（邮箱：bjiang@nju.edu.cn）或程老师（邮箱：xincheng）。",
        "分类": "校园生活服务",
        "关键词": "咨询",
        "依据": "姜老师：bjiang@nju.edu.cn\n程老师：xincheng"
    }
]
[INFO][2024-04-13 14:27:31] 出错：Expecting ':' delimiter: line 25 column 14 (char 775)，模型返回：[
    {
        "问题": "转专业到数学系需要满足哪些条件？",
        "回答": "转专业到数学系需要满足以下条件：首先，你必须已经获得或正在修读数学系相关专业的学科基础课程，例如《常微分方程》、《复变函数》等，并在学期结束时取得相应的学分。此外，还需通过资格审核，包括面试和/或笔试，如果你已经完成了《数学分析》和《高等代数》等课程，可以免试。最后，会根据面试、笔试成绩和学分绩进行综合评定，来决定是否准入。",
        "分类": "学术交流活动",
        "关键词": [
            "转专业",
            "数学系",
            "条件",
            "学分",
            "面试",
            "笔试"
        ],
        "依据": [
            "须已修或者在修数学系相关专业的学科基础课程",
            "组织面试和（或）笔试",
            "根据“面试和（或）笔试”成绩和申请时的学分绩情况，进行综合评定，确定准入名单"
        ]
    },
    {
        "问题": "如果我是2022级学生，选修了《微积分》和《线性代数》，转专业后需要补修什么课程？",
        "回答": "如果你是2022级学生，选修了《微积分I（第一层次）》、《微积分II（第一层次）》和《线性代数（第一层次）》，在转专业到数学系后，需要补修《数学分析（I）》和《数学分析(II)》这两门课程。",
        "分类": "学习资源与课程通知",
        "关键词": "2022级",
        "微积分",
        "线性代数",
        "补修",
        "课程",
        "数学分析"
        ],
        "依据": "2022级选修“《微积分I（第一层次）》、《微积分II（第一层次）》、《线性代数（第一层次）》”课程者，如准入数学系，则须补修“11000010A《数学分析（I）》、11000010B《数学分析(II)》"
    }
]
[INFO][2024-04-13 14:28:09] QA对生成完成，生成QA对：147个
[INFO][2024-04-13 14:28:09] ../RawData/Documents\AAA需增添水印的新文件\分流&转专业&二次选拔\南京大学2023年全日制本科生跨大类（院系）专业准入计划及实施方案一览表.pdf 处理完成，输出至：../Output/Documents\AAA需增添水印的新文件\分流&转专业&二次选拔\南京大学2023年全日制本科生跨大类（院系）专业准入计划及实施方案一览表.pdf
[INFO][2024-04-13 14:28:09] 初始化文档数据，路径：../RawData/Documents\AAA需增添水印的新文件\校园网相关\南大宿舍校园网与路由器使用指南.pdf
[INFO][2024-04-13 14:28:09] 文档加载完成，共 25 个文档
[INFO][2024-04-13 14:28:09] 正在生成QA对
[INFO][2024-04-13 14:28:27] 出错：分类错误，模型返回：[
    {
        "问题": "路由器的WAN口应该具备什么条件才能充分利用学校网络？",
        "回答": "路由器的WAN口应该是千兆接口，这样可以确保充分利用学校的千兆接入。",
        "分类": "技术问题",
        "关键词": ["路由器", "WAN口", "千兆"],
        "依据": "路由器的WAN⼝应当是⼀个千兆接⼝，这样才能确保完全利⽤学校的千兆接⼊。"
    },
    {
        "问题": "路由器的其他接口有何建议？",
        "回答": "路由器的其他接口最好也是千兆接口，并且无线速率越高越好。",
        "分类": "技术问题",
        "关键词": ["其他接口", "千兆", "无线速率"],
        "依据": "路由器的其他接⼝最好也应当是千兆接⼝，以及⽆限速率越⾼越好。"
    },
    {
        "问题": "目前推荐的无线标准是什么？",
        "回答": "目前推荐的无线标准至少是WiFi 5（802.11ac），部分新品支持WiFi 6（802.11ax），它们具有更好的传输速度和信号稳定性。",
        "分类": "技术问题",
        "关键词": ["无线标准", "WiFi 5", "WiFi 6"],
        "依据": "市⾯上的全新路由器应当⾄少支持WiFi 5（ 8 0 2 . 1 1 ac），部分新品还⽀持WiFi 6（ 8 0 2 . 1 1 ax）..."
    },
    {
        "问题": "为什么建议优先使用NJU-WLAN接入校园网？",
        "回答": "除非必需，否则更推荐直接使用学校搭建的NJU-WLAN接入校园网，因为它通常提供更好的信号覆盖和稳定性，但实际效果会受到空间位置影响。",
        "分类": "网络服务",
        "关键词": ["NJU-WLAN", "接入", "校园网"],
        "依据": "当然，由于NJU-WLAN信号与空间位置有关，这还是以实际体验为准。"
    },
    {
        "问题": "IPv6是什么？",
        "回答": "IPv6是一种更新的IP协议，它能够为每个设备分配独立的地址，自1996年发布以来，已经成为互联网通信的重要组成部分。",
        "分类": "技术问题",
        "关键词": ["IPv6", "IP协议", "设备", "独立地址"],
        "依据": "IPv6是全新（ 25 年前）的IP协议，可以确保给每⼀个设备分配独⽴的"
    }
]
[INFO][2024-04-13 14:28:31] 出错：Invalid control character at: line 15 column 58 (char 655)，模型返回：[
    {
        "问题": "如何设置Windows 7自动获取IP和DNS地址？",
        "回答": "要设置Windows 7自动获取IP和DNS地址，需按照以下步骤操作：\n1. 打开控制面板，选择网络和Internet -> 网络和共享中心。\n2. 在左侧边栏点击更改适配器设置。\n3. 双击‘本地连接 x’（这里的x代表具体连接的编号）。\n4. 点击属性。\n5. 在弹出窗口中双击‘Internet协议版本 4 (TCP/IPv4)’。\n6. 确保已选中‘自动获得IP地址’和‘自动获得DNS服务器地址’。\n完成以上步骤后，系统将自动从网络服务商处获取IP和DNS信息。",
        "分类": "技术问题",
        "关键词": [
            "Windows 7",
            "自动获取",
            "IP地址",
            "DNS服务器地址"
        ],
        "依据": [
            "打开“控制⾯板”，选择“⽹路和Internet”->“⽹络和共享中⼼”，在左侧边栏上点击“更",
            "更改适配器设置”，然后双击“本地连接 x”，点击“属性”，在弹出的窗⼝内双击“Internet协议版本 4",
            "(TCP/IPv 4 )”，确保选中了“⾃动获得IP地址”和“⾃动获得DNS服务器地址”
        ]
    }
]
[INFO][2024-04-13 14:28:32] 出错：模型返回格式错误，模型返回：[
    {
        "问题": "如何启用学校的无感知认证？",
        "回答": "要在学校启用无感知认证，首先需要在网络认证系统页面选择“无感知认证”，然后开启对应设备的开关。具体步骤可以参照信息中心发布的微信推送文章，如《校园网服务升级！“并发两线程”手机电脑可同时在线，“无感知认证”即联即上》和《新鲜出炉的“无感知认证” 答疑解惑篇》中的说明进行操作。但要注意，由于新系统在连接WiFi时会使用随机MAC地址来保护用户隐私，所以使用无感知认证前，你需要关闭设备的随机MAC地址功能。详情可查看【注册无感知认证】的相关指南。",
        "分类": "技术问题",
        "关键词": [
            "无感知认证",
            "启用",
            "步骤",
            "随机MAC地址"
        ],
        "依据": [
            "只需要在⽹络认证系统⻚面上选择“⽆感知认证”，然后启动对应设备的开关，就可以使⽤⽆感知认证了。",
            "不过，现在的新系统通常在连接WiFi时会使⽤“随机MAC地址”的措施以保护⽤户隐私，⽽⽆感知认证是通过记录MAC地址的⽅式实现的，因此如果想要使⽤⽆感知认证，需要关闭随机MAC地址功能"
        ]
    },
    {
        "问题": "无感知认证是否会影响我的设备隐私？",
        "回答": "无感知认证通过记录MAC地址来实现，这可能会与设备的隐私设置冲突，特别是那些在连接WiFi时使用随机MAC地址以保护隐私的设备。如果要使用无感知认证，你需要暂时关闭这个功能。",
        "分类": "技术问题",
        "关键词": "隐私",
        "依据": "不过，现在的新系统通常在连接WiFi时会使⽤“随机MAC地址”的措施以保护⽤户隐私，⽽⽆感知认证是通过记录MAC地址的⽅式实现的，因此如果想要使⽤⽆感知认证，需要关闭随机MAC地址功能"
    }
]
[INFO][2024-04-13 14:28:33] 出错：模型返回格式错误，模型返回：[
    {
        "问题": "如何在校园内使用无线网络?",
        "回答": "在校园内使用无线网络，首先要确保你处在学校的网络覆盖范围内，并且不需要使用南大VPN。如果你习惯用有线连接，确保插入正确的网线接口。如果需要访问校外网站，可以访问p.nju.edu.cn并登录开始计费。如果你打算使用自备路由器，需要搜索并连接到\"NJU_WLAN\"，然后按照提示进行设置。",
        "分类": "技术问题",
        "关键词": [
            "无线网络",
            "南大VPN",
            "自备路由器",
            "NJU_WLAN"
        ],
        "依据": [
            "确保你在校内，且不需要南⼤ V P N",
            "习惯有线上⽹（插⽹线） ? 插正确的⽹线⼝",
            "需要访问校外⽹站？ 访问 p . n j u . e d u . c n 并登录",
            "正确选择、配置路由器搜索 “ N J U _ W L A N ” 并连接"
        ]
    },
    {
        "问题": "访问校外网站的步骤是什么?",
        "回答": "访问校外网站的步骤是首先登录p.nju.edu.cn，然后开始计费，这样就可以在校内访问校外网站了。",
        "分类": "技术问题",
        "关键词": "校外网站",
        "依据": "需要访问校外⽹站？ 访问 p . n j u . e d u . c n 并登录"
    }
]
[INFO][2024-04-13 14:28:44] 出错：Invalid control character at: line 4 column 59 (char 110)，模型返回：[
    {
        "问题": "如何设置Windows 7自动获取IP地址和DNS？",
        "回答": "在Windows 7系统中，你可以通过以下步骤设置自动获取IP地址和DNS服务器地址：
1. 打开控制面板。
2. 选择“网络和Internet”选项。
3. 进入“网络和共享中心”。
4. 在左侧边栏，点击“更改适配器设置”。
5. 双击“本地连接 x”（这里的x代表你的网络连接编号）。
6. 在新窗口中，点击“属性”。
7. 在属性窗口中，找到并双击“Internet协议版本 4 (TCP/IPv4)”。
8. 确保已选中“自动获得IP地址”和“自动获得DNS服务器地址”两个选项。
9. 点击“确定”保存设置。

按照这些步骤操作后，你的Windows 7系统就会自动从你的网络服务商那里获取IP和DNS信息了。",
        "分类": "技术问题",
        "关键词": [
            "Windows 7",
            "自动获取",
            "IP地址",
            "DNS服务器地址"
        ],
        "依据": [
            "Windows 7 ：打开“控制⾯板”，选择“⽹路和Internet”->“⽹络和共享中⼼”，在左侧边栏上点击“更",
            "改适配器设置”，然后双击“本地连接 x”，点击“属性”，在弹出的窗⼝内双击“Internet协议版本 4",
            "(TCP/IPv 4 )”确保选中了“⾃动获得IP地址”和“⾃动获得DNS服务器地址”（如下图所示）即可。"
        ]
    }
]
[INFO][2024-04-13 14:28:47] 出错：模型返回格式错误，模型返回：[
    {
        "问题": "如何在新系统中启用无感知认证？",
        "回答": "在校园网服务升级后，启用无感知认证的方法是通过网络认证系统页面选择“无感知认证”，然后开启对应设备的相应设置。具体操作可以参照信息中心发布的微信推送文章，标题为'校园网服务升级！“并发两线程”手机电脑可同时在线，“无感知认证”即联即上'以及'无感知认证'答疑解惑篇的相关说明进行。另外，由于新系统在连接WiFi时可能会使用随机MAC地址，为了使用无感知认证，需要关闭设备的随机MAC地址功能。你可以按照注册无感知认证的指引进行设置。",
        "分类": "技术问题",
        "关键词": [
            "无感知认证",
            "启用",
            "设备设置",
            "随机MAC地址"
        ],
        "依据": [
            "只需要在⽹络认证系统⻚面上选择“⽆感知认证”，然后启动对应设备的开关，就可以使⽤⽆感知认证了。",
            "不过，现在的新系统通常在连接WiFi时会使⽤“随机MAC地址”的措施以保护⽤户隐私，⽽⽆感知认证是通 过记录MAC地址的⽅式实现的，因此如果想要使⽤⽆感知认证，需要关闭随机MAC地址功能"
        ]
    },
    {
        "问题": "无感知认证和随机MAC地址有何冲突？",
        "回答": "无感知认证依赖于记录设备的MAC地址来实现自动登录，但新的安全措施会随机改变设备的MAC地址以保护用户隐私。因此，如果设备启用了随机MAC地址，无感知认证将无法识别设备，导致认证失败。要使用无感知认证，必须关闭这个随机地址功能。",
        "分类": "技术问题",
        "关键词": "无感知认证",
        "依据": "不过，现在的新系统通常在连接WiFi时会使⽤“随机MAC地址”的措施以保护⽤户隐私，⽽⽆感知认证是通过记录MAC地址的⽅式实现的，因此如果想要使⽤⽆感知认证，需要关闭随机MAC地址功能"
    }
]
[INFO][2024-04-13 14:28:54] 出错：Invalid control character at: line 4 column 55 (char 108)，模型返回：[
    {
        "问题": "如何在Windows 7中设置自动获取IP和DNS地址？",
        "回答": "在Windows 7操作系统中，你可以通过以下步骤来自动获取IP和DNS地址：
1. 打开**控制面板**。
2. 选择**网络和Internet**。
3. 点击**网络和共享中心**。
4. 在左侧边栏，点击**更改适配器设置**。
5. 双击**本地连接 x**（这里的x代表具体的网络连接名称）。
6. 在打开的窗口中，点击**属性**。
7. 双击**Internet协议版本 4 (TCP/IPv4)**。
8. 确保已选中**自动获得IP地址**和**自动获得DNS服务器地址**选项。

按照这些步骤操作后，你的系统就会自动从网络服务商那里获取IP和DNS信息了。",
        "分类": "技术问题",
        "关键词": [
            "Windows 7",
            "自动获取",
            "IP地址",
            "DNS服务器地址"
        ],
        "依据": [
            "Windows 7 ：打开“控制⾯板”，选择“⽹路和Internet”->“⽹络和共享中⼼”，在左侧边栏上点击“更",
            "双击“本地连接 x”，点击“属性”，在弹出的窗⼝内双击“Internet协议版本 4",
            "（TCP/IPv 4 ）”确保选中了“⾃动获得IP地址”和“⾃动获得DNS服务器地址”"
        ]
    }
]
[INFO][2024-04-13 14:29:02] 出错：分类错误，模型返回：[
    {
        "问题": "我是否需要购买路由器连接校园网？",
        "回答": "除非必需，否则推荐直接使用学校搭建的NJU-WLAN接入校园网。",
        "分类": "网络连接",
        "关键词": ["购买", "路由器", "校园网"],
        "依据": "除⾮必需，否则更推荐直接使⽤学校搭建的NJU-WLAN接⼊校园⽹。"
    },
    {
        "问题": "如何获得IPv6地址？",
        "回答": "使⽤⽹线直连校园⽹可以直接获得IPv6地址，但路由器需支持IPv6。",
        "分类": "网络配置",
        "关键词": ["IPv6", "地址", "获取方式"],
        "依据": "使⽤⽹线直连校园⽹可以直接获得IPv 6 地址，但是使⽤路由器则需要路由器⽀持IPv 6 ，才能正常使⽤。"
    },
    {
        "问题": "哪些路由器支持校园网IPv6？",
        "回答": "⽹件路由器、TP-Link路由器、OpenWRT/Padavan固件路由器支持。华硕、梅林固件、小米/红米、华为/荣耀通常不支持。",
        "分类": "网络设备",
        "关键词": ["支持", "校园网", "IPv6", "路由器"],
        "依据": "根据经验，以下路由器可以⽀持校园⽹IPv 6 ：⽹件路由器（原版固件）、TP-Link路由器、OpenWRT/Padavan固件路由器（需要⾃⼰摸索乃⾄刷机，刷机存在⼀定⻛险）。华硕路由器、梅林固件路由器、⼩⽶/红⽶路由器、华为/荣耀路由器通常不⽀持校园⽹IPv6。"
    },
    {
        "问题": "不同品牌路由器有何特殊功能？",
        "回答": "部分路由器如华为的WiFi 6+模式仅支持自家手机，选择时可考虑与设备兼容性。",
        "分类": "网络设备",
        "关键词": ["品牌", "路由器", "特殊功能", "兼容性"],
        "依据": "部分路由器对⾃⼰品牌的设备有专有协议的⽀持，可以发挥更强的性能，比如华为的WiFi 6 +模式⽬前仅⽀持华为⼿机，在这种情况下可以优先考虑和⾃⼰⼿机电脑⼀致的品牌。"
    }
]
[INFO][2024-04-13 14:29:05] 出错：分类错误，模型返回：[
    {
        "问题": "如何检查我的校园网IPv6是否配置正确？",
        "回答": "你可以通过访问测速网站test 6.nju.edu.cn来测试IPv6的连接速度。如果能够成功测速，那就说明你的IPv6配置是正确的。",
        "分类": "技术问题",
        "关键词": [
            "测速网站",
            "IPv6",
            "配置正确"
        ],
        "依据": [
            "如果能够成功测速，就证明正确配置了IPv 6 。",
            "test 6.nju.edu.cn"
        ]
    },
    {
        "问题": "我应该如何保护自己的WiFi后台管理不被他人修改设置？",
        "回答": "除了设置WiFi连接的密码，你还需要修改后台管理员的密码，以防止他人登录并修改你的设置。",
        "分类": "技术问题",
        "关键词": [
            "WiFi后台管理",
            "密码",
            "安全"
        ],
        "依据": [
            "我们强烈建议除了给自己的WiFi连接设置密码外，还应该修改自己的后台管理员密码，否则有被他人登录修改的风险！"
        ]
    },
    {
        "问题": "校园网内哪些网站可以直接访问？",
        "回答": "校园网内以nju.edu.cn为后缀的网址可以直接访问。",
        "分类": "网络访问",
        "关键词": [
            "直接访问",
            "nju.edu.cn"
        ],
        "依据": [
            "在连接校园⽹后，校内（基本是以 nju.edu.cn 为后缀的⽹址）⽹站都可以直接访问。"
        ]
    },
    {
        "问题": "如何访问校外网络？",
        "回答": "需要登录网络认证系统进行身份验证后才能访问校外网络。IPv6的网络请求目前无需认证即可连接外网，但大多数网站无法纯IPv6访问。",
        "分类": "网络访问",
        "关键词": [
            "访问校外网络",
            "网络认证系统",
            "IPv6"
        ],
        "依据": [
            "如果想要访问校外⽹络，就需要登录⽹络认证系统",
            "IPv 6的⽹络请求⽬前不需要认证即可连接外⽹，但是基本上没有哪个⽹站可以纯IPv 6 访问"
        ]
    }
]
[INFO][2024-04-13 14:29:07] 出错：Invalid control character at: line 19 column 57 (char 821)，模型返回：[
    {
        "问题": "如何设置Windows 7自动获取IP地址和DNS?",
        "回答": "在Windows 7中设置自动获取IP地址和DNS，需要按照以下步骤操作：\n1. 打开控制面板，选择「网络和Internet」，然后点击「网络和共享中心」。\n2. 在左侧边栏找到并点击「更改适配器设置」。\n3. 找到并双击「本地连接 x」（这里的x代表可能的网络接口编号）。\n4. 在打开的窗口中，点击「属性」。\n5. 在属性窗口中，双击「Internet协议版本 4 (TCP/IPv4)」。\n6. 在新窗口中，确保已选中「自动获得IP地址」和「自动获得DNS服务器地址」选项。保存设置后，系统会自动从网络提供商处获取这些信息。\n\n请按照以上步骤操作，如果有任何问题，可以尝试重启电脑或联系网络管理员协助处理。",
        "分类": "技术问题",
        "关键词": [
            "Windows 7",
            "自动获取",
            "IP地址",
            "DNS服务器地址",
            "控制面板",
            "网络和共享中心",
            "更改适配器设置",
            "本地连接"
        ],
        "依据": [
            "Windows 7 ：打开“控制⾯板”，选择“⽹路和Internet”->“⽹络和共享中⼼”，在左侧边栏上点击“更",
            "改适配器设置”，然后双击“本地连接 x”，点击“属性”，在弹出的窗⼝内双击“Internet协议版本 4",
            "(TCP/IPv 4 )”确保选中了“⾃动获得IP地址”和“⾃动获得DNS服务器地址”
        ]
    }
]
[INFO][2024-04-13 14:29:18] 出错：Invalid control character at: line 15 column 57 (char 690)，模型返回：[
    {
        "问题": "如何设置Windows 7自动获取IP和DNS地址？",
        "回答": "在Windows 7系统中，你可以通过以下步骤来自动获取IP地址和DNS服务器地址：\n1. 打开控制面板。\n2. 选择“网络和Internet”选项。\n3. 进入“网络和共享中心”。\n4. 在左侧边栏点击“更改适配器设置”。\n5. 双击“本地连接 x”（这里的x代表具体的网络连接名称）。\n6. 在新窗口中选择“属性”。\n7. 双击“Internet协议版本 4 (TCP/IPv4)”。\n8. 在打开的界面中，确保已选中“自动获得IP地址”和“自动获得DNS服务器地址”这两项。\n9. 完成上述步骤后，点击确定即可。",
        "分类": "技术问题",
        "关键词": [
            "Windows 7",
            "自动获取",
            "IP地址",
            "DNS服务器地址"
        ],
        "依据": [
            "Windows 7 ：打开“控制⾯板”，选择“⽹路和Internet”->“⽹络和共享中⼼”，在左侧边栏上点击“更",
            "更改适配器设置”，然后双击“本地连接 x”，点击“属性”，在弹出的窗⼝内双击“Internet协议版本 4",
            "(TCP/IPv 4 ）”确保选中了“⾃动获得IP地址”和“⾃动获得DNS服务器地址”
        ]
    }
]
[INFO][2024-04-13 14:29:21] 出错：分类错误，模型返回：[
    {
        "问题": "如何接入校园网？",
        "回答": "推荐使用学校搭建的NJU-WLAN接入校园网，也可以通过购买支持IPv6的路由器进行连接。",
        "分类": "网络连接",
        "关键词": ["接入", "校园网", "NJU-WLAN"],
        "依据": "除⾮必需，否则更推荐直接使⽤学校搭建的NJU-WLAN接⼊校园⽹。"
    },
    {
        "问题": "哪些路由器支持校园网IPv6？",
        "回答": "网件路由器（原版固件）、TP-Link路由器以及OpenWRT/Padavan固件路由器（需自行刷机）支持校园网IPv6。而华硕、梅林固件、小米/红米、华为/荣耀路由器通常不支持。",
        "分类": "网络连接",
        "关键词": ["支持", "IPv6", "路由器"],
        "依据": "根据经验，以下路由器可以⽀持校园⽹IPv 6 ：⽹件路由器（原版固件）、TP-Link路由器、OpenWRT/Padavan固件路由器（需要⾃⼰摸索乃⾄刷机，刷机存在⼀定⻛险）。华硕路由器、梅林固件路由器、⼩⽶/红⽶路由器、华为/荣耀路由器通常不⽀持校园⽹IPv6。"
    },
    {
        "问题": "使用路由器是否可以直接获得IPv6地址？",
        "回答": "使用网线直连校园网可以直接获得IPv6地址，但使用路由器需要路由器本身支持IPv6才能正常获取。",
        "分类": "网络连接",
        "关键词": ["路由器", "IPv6", "地址"],
        "依据": "使⽤⽹线直连校园⽹可以直接获得IPv 6 地址，但是使⽤路由器则需要路由器⽀持IPv 6 ，才能正常使⽤。"
    },
    {
        "问题": "华为的WiFi 6+模式有何特别之处？",
        "回答": "华为的WiFi 6+模式目前只支持华为手机，能提升与其设备的连接性能。",
        "分类": "网络连接",
        "关键词": ["WiFi 6+", "华为", "手机"],
        "依据": "部分路由器对⾃⼰品牌的设备有专有协议的⽀持，可以发挥更强的性能，比如华为的WiFi 6 +模式⽬前仅⽀持华为⼿机。"
    }
]
[INFO][2024-04-13 14:29:30] 出错：Invalid control character at: line 4 column 61 (char 119)，模型返回：[
    {
        "问题": "如何在Windows 7中设置自动获取IP地址和DNS服务器地址？",
        "回答": "在Windows 7操作系统中，你可以通过以下步骤设置自动获取IP地址和DNS服务器地址：

1. 打开“控制面板”。
2. 选择“网络和Internet”选项。
3. 点击“网络和共享中心”。
4. 在左侧边栏，点击“更改适配器设置”。
5. 双击“本地连接 x”（这里的x代表你的网络连接编号）。
6. 在新窗口中，点击“属性”。
7. 双击“Internet协议版本 4 (TCP/IPv4)”。
8. 确保已选中“自动获得IP地址”和“自动获得DNS服务器地址”两个选项。

按照这些步骤操作后，你的电脑将自动从网络提供商获取IP和DNS信息。",
        "分类": "技术问题",
        "关键词": [
            "Windows 7",
            "自动获取",
            "IP地址",
            "DNS服务器地址",
            "控制面板",
            "网络和共享中心"
        ],
        "依据": [
            "Windows 7 ：打开“控制⾯板”，选择“⽹络和Internet”->“⽹络和共享中⼼”，在左侧边栏上点击“更",
            "改适配器设置”，然后双击“本地连接 x”，点击“属性”，在弹出的窗⼝内双击“Internet协议版本 4",
            "(TCP/IPv 4 )”确保选中了“⾃动获得IP地址”和“⾃动获得DNS服务器地址”
        ]
    }
]
[INFO][2024-04-13 14:29:41] 出错：Expecting ':' delimiter: line 17 column 28 (char 728)，模型返回：[
    {
        "问题": "如何访问校外网络？",
        "回答": "首先需要登录网络认证系统。如果你的设备支持IPv 6，可以直接连接外网，但大多数网站不支持纯IPv 6访问。通常，连接校园网后，打开http://p.nju.edu.cn，使用网络认证系统账号登录。如果已使用统一身份认证，也可以通过http://p2.nju.edu.cn登录，但后者可能会逐渐淘汰。",
        "分类": "技术问题",
        "关键词": [
            "访问", "校外网络", "认证系统", "IPv 6"
        ],
        "依据": [
            "如果想要访问校外⽹络，就需要登录⽹络认证系统（IPv 6的⽹络请求⽬前不需要认证即可连接外⽹，但是基本上没有哪个⽹站可以纯IPv 6 访问）。连接上校园⽹后，在浏览器中打开http://p.nju.edu.cn，使⽤⽹络认证系统账号或者（2021年 9月底学校开始全部使⽤统⼀身份认证，旧⽹络认证系统转移⾄http://p2.nju.edu.cn也能⽤但可能会逐步淘汰）统⼀认证系统账号成功登录后，就可以访问互联⽹。"
        ]
    },
    {
        "问题": "学校的网络计费方式是什么？",
        "回答": "学校的网络计费系统是按照所有设备累计在线时间计算的。例如，如果有两个设备同时在线，180小时的免费时长会在90小时后用完。请注意合理使用网络资源。",
        "分类": "技术问题",
        "关键词": "计费方式", "设备", "在线时间", "免费时长"
        "依据": "需要说明的⼀点是，学校⽹络计费系统是按照所有设备累计的时间计算的，也就是说如果同时有两个设备同时在线，那么 180 ⼩时的免费时⻓就会在 90 ⼩时后⽤完，务必注意。"
    },
    {
        "问题": "如何区分浏览器的搜索栏和地址栏？",
        "回答": "要注意浏览器的搜索栏和地址栏是有区别的。错误示范是使用手机端某度搜索，这通常会直接在搜索栏进行网页搜索。正确的做法是在手机端Safari浏览器中，直接在地址栏输入网址或点击进入以访问特定网站。",
        "分类": "技术问题",
        "关键词": "搜索栏", "地址栏", "浏览器"
        "依据": "以下左侧为⼿机端某度搜索的错误示范 ❌ ，右侧为⼿机端Safari浏览器中的正确示范 ✔ 访问校外⽹络"
    }
]
[INFO][2024-04-13 14:29:43] 出错：分类错误，模型返回：[
    {
        "问题": "如何避免购买到库存或翻新的路由器？",
        "回答": "更推荐直接使用学校搭建的NJU-WLAN接入校园网，除非必需，否则避免购买路由器。",
        "分类": "网络技术",
        "关键词": ["购买", "库存", "翻新", "路由器"],
        "依据": "除⾮必需，否则更推荐直接使⽤学校搭建的NJU-WLAN接⼊校园⽹。"
    },
    {
        "问题": "使用NJU-WLAN信号是否稳定？",
        "回答": "NJU-WLAN信号与空间位置有关，稳定性以实际体验为准。",
        "分类": "网络技术",
        "关键词": ["NJU-WLAN", "信号", "稳定性"],
        "依据": "由于NJU-WLAN信号与空间位置有关，这还是以实际体验为准。"
    },
    {
        "问题": "哪些路由器支持校园网IPv6？",
        "回答": "网件路由器（原版固件）、TP-Link路由器、OpenWRT/Padavan固件路由器（需自行刷机）支持校园网IPv6。",
        "分类": "网络技术",
        "关键词": ["支持", "校园网IPv6", "路由器"],
        "依据": "根据经验，以下路由器可以⽀持校园⽹IPv 6 ：⽹件路由器（原版固件）、TP-Link路由器、OpenWRT/Padavan固件路由器（需要⾃⼰摸索乃⾄刷机，刷机存在⼀定⻛险）。"
    },
    {
        "问题": "华硕路由器和小米/红米路由器是否支持校园网IPv6？",
        "回答": "华硕路由器、梅林固件路由器、小米/红米路由器、华为/荣耀路由器通常不支持校园网IPv6。",
        "分类": "网络技术",
        "关键词": ["华硕路由器", "小米/红米路由器", "支持", "校园网IPv6"],
        "依据": "华硕路由器、梅林固件路由器、⼩⽶/红⽶路由器、华为/荣耀路由器通常不⽀持校园⽹IPv6。"
    },
    {
        "问题": "特定品牌路由器的专有协议有何优势？",
        "回答": "部分路由器对自家品牌的设备有专有协议的支持，可以发挥更强的性能，例如华为的WiFi 6+模式仅支持华为手机。",
        "分类": "网络技术",
        "关键词": ["专有协议", "品牌路由器", "优势"],
        "依据": "部分路由器对⾃⼰品牌的设备有专有协议的⽀持，可以发挥更强的性能，⽐如华为的WiFi 6 +模式⽬前仅⽀持华为⼿机。"
    }
]
[INFO][2024-04-13 14:29:43] 出错：Invalid control character at: line 4 column 60 (char 113)，模型返回：[
    {
        "问题": "如何在Windows 7中设置自动获取IP和DNS地址？",
        "回答": "在Windows 7系统中，你可以通过以下步骤来设置自动获取IP地址和DNS服务器地址：
1. 打开控制面板。
2. 选择“网络和Internet”选项。
3. 点击“网络和共享中心”。
4. 在左侧边栏，点击“更改适配器设置”。
5. 双击“本地连接 x”（这里的x代表你的网络连接编号）。
6. 在打开的窗口中，点击“属性”。
7. 双击“Internet协议版本 4 (TCP/IPv4)”。
8. 确保已选中“自动获得IP地址”和“自动获得DNS服务器地址”这两项。

按照以上步骤操作后，你的电脑将自动从网络服务商获取IP和DNS信息。",
        "分类": "技术问题",
        "关键词": [
            "Windows 7",
            "自动获取",
            "IP地址",
            "DNS服务器地址"
        ],
        "依据": [
            "Windows 7 ：打开“控制⾯板”，选择“⽹路和Internet”->“⽹络和共享中⼼”，在左侧边栏上点击“更",
            "改适配器设置”，然后双击“本地连接 x”，点击“属性”，在弹出的窗⼝内双击“Internet协议版本 4",
            "(TCP/IPv 4 )”确保选中了“⾃动获得IP地址”和“⾃动获得DNS服务器地址”
        ]
    }
]
[INFO][2024-04-13 14:29:54] 出错：Invalid control character at: line 4 column 60 (char 118)，模型返回：[
    {
        "问题": "如何在Windows 7中设置自动获取IP地址和DNS服务器地址？",
        "回答": "在Windows 7系统中，你可以通过以下步骤来设置自动获取IP地址和DNS服务器地址：
1. 打开“控制面板”。
2. 选择“网络和Internet”。
3. 点击“网络和共享中心”。
4. 在左侧边栏，点击“更改适配器设置”。
5. 双击“本地连接 x”（这里的x代表你的网络连接编号）。
6. 点击“属性”。
7. 在新窗口中，双击“Internet协议版本 4 (TCP/IPv4)”。
8. 确保已选中“自动获得IP地址”和“自动获得DNS服务器地址”两个选项。

按照这些步骤操作后，你的系统就会自动从网络服务商那里获取IP和DNS信息了。",
        "分类": "技术问题",
        "关键词": [
            "Windows 7",
            "自动获取",
            "IP地址",
            "DNS服务器地址"
        ],
        "依据": [
            "打开“控制面板”，选择“⽹路和Internet”->“⽹络和共享中⼼”，在左侧边栏上点击“更",
            "双击“本地连接 x”，点击“属性”，在弹出的窗⼝内双击“Internet协议版本 4",
            "（TCP/IPv 4 ）”确保选中了“⾃动获得IP地址”和“⾃动获得DNS服务器地址”"
        ]
    }
]
[INFO][2024-04-13 14:30:00] 出错：分类错误，模型返回：[
    {
        "问题": "如何访问校外网络？",
        "回答": "需要登录网络认证系统。如果使用的是IPv 6网络，目前不需要认证即可连接外网，但大部分网站不支持纯IPv 6访问。建议使用http://p.nju.edu.cn，通过网络认证系统账号或统一身份认证系统账号登录。如果是2021年9月以后，推荐使用http://p2.nju.edu.cn，但可能逐渐被淘汰。",
        "分类": "网络与技术问题",
        "关键词": [
            "访问",
            "校外网络",
            "网络认证系统",
            "统一身份认证"
        ],
        "依据": [
            "如果想要访问校外⽹络，就需要登录⽹络认证系统",
            "（2021年 9⽉底学校开始全部使⽤统⼀身份认证，旧⽹络认证系统转移⾄http://p2.nju.edu.cn也能⽤但可能会逐步淘汰）",
            "在浏览器中打开http://p.nju.edu.cn，使⽤⽹络认证系统账号或者统⼀认证系统账号成功登录后，就可以访问互联⽹"
        ]
    },
    {
        "问题": "学校网络计费方式是什么？",
        "回答": "学校的网络计费系统是按照所有设备累计在线时间计算的。如果两个设备同时在线，180小时的免费时长会在90小时后用完。请留意设备的在线状态。",
        "分类": "网络与技术问题",
        "关键词": [
            "计费",
            "设备",
            "在线时间",
            "免费时长"
        ],
        "依据": [
            "学校⽹络计费系统是按照所有设备累计的时间计算的，也就是说如果同时有两个设备同时在线，那么 180 ⼩时的免费时长就会在 90 ⼩时后⽤完，务必注意"
        ]
    },
    {
        "问题": "如何区分浏览器的搜索栏和地址栏？",
        "回答": "请注意，浏览器的搜索栏通常用于输入关键词进行网络搜索，而地址栏则是用来输入网址直接访问特定网页。错误示例是将搜索词输入到了地址栏，而正确的做法是在浏览器的搜索栏中输入关键词，或在地址栏输入正确的网址来访问校外网络。",
        "分类": "技术问题",
        "关键词": [
            "搜索栏",
            "地址栏",
            "区分",
            "错误示范",
            "正确示范"
        ],
        "依据": [
            "!请注意浏览器搜索栏和地址栏的区别",
            "以下左侧为⼿机端某度搜索的错误示范 ❌ ，右侧为⼿机端Safari浏览器中的正确示范 ✔ 访问校外⽹络"
        ]
    }
]
[INFO][2024-04-13 14:30:06] 出错：Invalid control character at: line 4 column 55 (char 106)，模型返回：[
    {
        "问题": "如何设置Windows 7自动获取IP和DNS地址？",
        "回答": "在Windows 7系统中，你可以通过以下步骤来设置自动获取IP和DNS地址：
1. 打开控制面板。
2. 选择“网络和Internet”选项。
3. 进入“网络和共享中心”。
4. 在左侧边栏，点击“更改适配器设置”。
5. 双击“本地连接 x”（这里的x代表具体的网络连接名称）。
6. 在打开的窗口中选择“属性”。
7. 在属性窗口中找到并双击“Internet协议版本 4 (TCP/IPv4)”。
8. 确保已勾选“自动获得IP地址”和“自动获得DNS服务器地址”。

按照以上步骤操作后，你的电脑应该会自动从网络服务商那里获取IP和DNS信息。",
        "分类": "技术问题",
        "关键词": [
            "Windows 7",
            "自动获取",
            "IP地址",
            "DNS服务器地址"
        ],
        "依据": [
            "打开“控制面板”，选择“⽹络和Internet”->“⽹络和共享中⼼”，在左侧边栏上点击“更",
            "双击“本地连接 x”，点击“属性”，在弹出的窗⼝内双击“Internet协议版本 4",
            "（TCP/IPv 4 ）”确保选中了“⾃动获得IP地址”和“⾃动获得DNS服务器地址”
        ]
    }
]
[INFO][2024-04-13 14:30:18] 出错：Invalid control character at: line 4 column 58 (char 114)，模型返回：[
    {
        "问题": "如何设置Windows 7自动获取IP地址和DNS服务器地址？",
        "回答": "在Windows 7系统中，你可以通过以下步骤来自动获取IP地址和DNS服务器地址：
1. 打开控制面板。
2. 选择“网络和Internet”选项。
3. 点击“网络和共享中心”。
4. 在左侧边栏，点击“更改适配器设置”。
5. 双击“本地连接 x”（这里的x代表你的网络连接编号）。
6. 在新窗口中，选择“属性”。
7. 双击“Internet协议版本 4 (TCP/IPv4)”。
8. 确保已选中“自动获得IP地址”和“自动获得DNS服务器地址”两个选项，然后点击“确定”保存设置。

按照这些步骤操作，你的电脑就会自动从你的网络服务商那里获取IP地址和DNS服务器地址了。",
        "分类": "技术问题",
        "关键词": [
            "Windows 7",
            "自动获取",
            "IP地址",
            "DNS服务器地址"
        ],
        "依据": [
            "Windows 7 ：打开“控制⾯板”，选择“⽹路和Internet”->“⽹络和共享中⼼”，在左侧边栏上点击“更",
            "双击“本地连接 x”，点击“属性”，在弹出的窗⼝内双击“Internet协议版本 4 （TCP/IPv 4 ）”确保选中了“⾃动获得IP地址”和“⾃动获得DNS服务器地址”"
        ]
    }
]
[INFO][2024-04-13 14:30:21] 出错：模型返回格式错误，模型返回：[
    {
        "问题": "哪些品牌的路由器不支持校园网IPv6？",
        "回答": "小米/红米路由器、华为/荣耀路由器通常不支持校园网IPv6。但需要注意的是，华为/荣耀的部分新款路由器据称已能正常使用南京大学教育网IPv6，不过仍有一些用户反馈存在问题，购买时需谨慎。",
        "分类": "技术问题",
        "关键词": [
            "路由器",
            "品牌",
            "IPv6",
            "校园网"
        ],
        "依据": [
            "器、⼩⽶/红⽹路由器、华为/荣耀路由器通常不⽀持校园⽹IPv6。",
            "华为/荣耀的部分新款路由器已经可以正常使⽤南京⼤学教育⽹IPv 6 ，但有不少同学反馈仍然⽆法使⽤⾃⼰的华为/荣耀路由器连接校园⽹IPv 6 ，IT侠没有条件逐个型号进⾏验证，因此请谨慎购买。"
        ]
    },
    {
        "问题": "为了优化校园网上网体验，我应该关注路由器的哪些方面？",
        "回答": "为了获得更好的校园网上网体验，建议关注以下几点：1. 使用超五类以上的网线；2. 确保路由器的WAN口为千兆；3. 注意路由器的无线标准；4. 查看路由器是否支持IPv6。",
        "分类": "技术问题",
        "关键词": "上网体验",
        "依据": "想要校园⽹上⽹体验更佳：1 .⽹线要超五类以上 2 .路由器WAN⼝需要千兆 路由器的性能 路由器⽆线标准 路由器校园⽹IPv 6 支持"
    },
    {
        "问题": "如果我对路由器参数不熟悉，如何获取帮助？",
        "回答": "如果你看不懂路由器的参数列表，可以通过加入互助群（公众号：nju-itxia，后台发送关键词“互助群”）来咨询群内的懂行朋友的意见。",
        "分类": "其他",
        "关键词": "求助",
        "依据": "当然如果你实在看不懂，也可以加⼊我们的互助群（公众号：nju-itxia ，后台发送关键词“互助群”），咨询⼀下懂⾏群友的意⻅。"
    }
]
[INFO][2024-04-13 14:30:29] 出错：Invalid control character at: line 15 column 57 (char 674)，模型返回：[
    {
        "问题": "如何设置Windows 7自动获取IP地址和DNS？",
        "回答": "在Windows 7中，你可以通过以下步骤设置自动获取IP地址和DNS服务器地址：\n1. 打开控制面板。\n2. 选择网络和Internet选项。\n3. 进入网络和共享中心。\n4. 在左侧边栏，点击更改适配器设置。\n5. 双击本地连接x。\n6. 点击属性按钮。\n7. 在新窗口中，双击Internet协议版本 4 (TCP/IPv 4)。\n8. 确保已选中“自动获得IP地址”和“自动获得DNS服务器地址”这两项。\n按照这些步骤操作后，你的系统就会自动从网络提供商获取IP和DNS信息了。",
        "分类": "技术问题",
        "关键词": [
            "Windows 7",
            "自动获取",
            "IP地址",
            "DNS服务器地址"
        ],
        "依据": [
            "Windows 7 ：打开“控制⾯板”，选择“⽹路和Internet”->“⽹络和共享中⼼”，在左侧边栏上点击“更",
            "更改适配器设置”，然后双击“本地连接 x”，点击“属性”，在弹出的窗⼝内双击“Internet协议版本 4",
            "(TCP/IPv 4 ）”确保选中了“⾃动获得IP地址”和“⾃动获得DNS服务器地址”
        ]
    }
]
[INFO][2024-04-13 14:30:37] 出错：模型返回格式错误，模型返回：[
    {
        "问题": "哪些路由器不支持校园网IPv6？",
        "回答": "小米/红米路由器、华为/荣耀路由器通常不支持校园网IPv6。但需要注意的是，华为/荣耀的部分新款路由器据称已能正常使用南京大学教育网IPv6，不过也有同学反映仍有问题，建议谨慎购买。",
        "分类": "技术问题",
        "关键词": [
            "路由器",
            "IPv6",
            "支持",
            "品牌"
        ],
        "依据": [
            "器、⼩⽶/红⽶路由器、华为/荣耀路由器通常不⽀持校园⽹IPv6。",
            "华为/荣耀的部分新款路由器已经可以正常使⽤南京⼤学教育⽹IPv 6 ，但有不少同学反馈仍然⽆法使⽤⾃⼰的华为/荣耀路由器连接校园⽹IPv 6 ，IT侠没有条件逐个型号进⾏验证，因此请谨慎购买。"
        ]
    },
    {
        "问题": "如何提升校园网上网体验？",
        "回答": "为了提升校园网上网体验，你可以确保使用超五类以上的网线，路由器的WAN口需要是千兆，并且选择支持IPv6的路由器。",
        "分类": "新生入学准备",
        "关键词": "上网体验",
        "依据": "想要校园⽹上⽹体验更佳：1.⽹线要超五类以上 2.路由器WAN⼝需要千兆 路由器的性能 路由器IPv 6 支持"
    },
    {
        "问题": "如何获取关于路由器选择的更多信息或帮助？",
        "回答": "如果看不懂路由器参数，可以加入互助群，通过公众号‘nju-itxia’发送关键词“互助群”，向懂行的群友咨询建议。",
        "分类": "学习资源与课程通知",
        "关键词": "互助群",
        "依据": "当然如果你实在看不懂，也可以加⼊我们的互助群（公众号：nju-itxia ，后台发送关键词“互助群”），咨询⼀下懂⾏群友的意⻅。"
    }
]
[INFO][2024-04-13 14:30:42] 出错：Invalid control character at: line 4 column 60 (char 111)，模型返回：[
    {
        "问题": "如何设置Windows 7自动获取IP地址和DNS?",
        "回答": "在Windows 7系统中，你可以通过以下步骤来设置自动获取IP地址和DNS服务器地址：
1. 打开控制面板。
2. 选择“网络和Internet”选项。
3. 进入“网络和共享中心”。
4. 在左侧边栏，点击“更改适配器设置”。
5. 双击“本地连接 x”（这里的x代表你的网络连接编号）。
6. 在打开的窗口中，选择“属性”。
7. 在新出现的窗口中，双击“Internet协议版本 4 (TCP/IPv4)”。
8. 确保已勾选“自动获得IP地址”和“自动获得DNS服务器地址”两个选项。
按照以上步骤操作后，你的网络设置就会自动从你的网络服务提供商那里获取IP和DNS信息了。",
        "分类": "技术问题",
        "关键词": [
            "Windows 7",
            "自动获取",
            "IP地址",
            "DNS服务器地址",
            "控制面板"
        ],
        "依据": [
            "Windows 7 ：打开“控制⾯板”，选择“⽹路和Internet”->“⽹络和共享中⼼”，在左侧边栏上点击“更",
            "双击“本地连接 x”，点击“属性”，在弹出的窗⼝内双击“Internet协议版本 4 （TCP/IPv 4 ）”确保选中了“⾃动获得IP地址”和“⾃动获得DNS服务器地址”"
        ]
    }
]
[INFO][2024-04-13 14:30:54] 出错：Invalid control character at: line 4 column 60 (char 118)，模型返回：[
    {
        "问题": "如何在Windows 7中设置自动获取IP地址和DNS服务器地址？",
        "回答": "在Windows 7系统中，你可以通过以下步骤来设置自动获取IP地址和DNS服务器地址：
1. 打开控制面板。
2. 选择“网络和Internet”选项。
3. 进入“网络和共享中心”。
4. 在左侧边栏，点击“更改适配器设置”。
5. 双击“本地连接 x”（这里的x代表具体的网络连接名称）。
6. 在新窗口中，选择“属性”。
7. 在属性窗口中，双击“Internet协议版本 4 (TCP/IPv4)”。
8. 确保已选中“自动获得IP地址”和“自动获得DNS服务器地址”两个选项。
9. 点击“确定”保存设置。

按照这些步骤操作后，你的电脑将自动从你的网络服务提供商获取IP地址和DNS信息。",
        "分类": "技术问题",
        "关键词": [
            "Windows 7",
            "自动获取IP地址",
            "自动获取DNS服务器地址",
            "控制面板",
            "网络和共享中心",
            "本地连接",
            "Internet协议版本 4 (TCP/IPv4)"
        ],
        "依据": [
            "Windows 7 ：打开“控制⾯板”，选择“⽹路和Internet”->“⽹络和共享中⼼”，在左侧边栏上点击“更",
            "改适配器设置”，然后双击“本地连接 x”，点击“属性”，在弹出的窗⼝内双击“Internet协议版本 4",
            "(TCP/IPv 4 ）”确保选中了“⾃动获得IP地址”和“⾃动获得DNS服务器地址”（如下图所示）即可。"
        ]
    }
]
[INFO][2024-04-13 14:30:55] 出错：Expecting ':' delimiter: line 22 column 14 (char 639)，模型返回：[
    {
        "问题": "哪些路由器不支持校园网IPv6？",
        "回答": "小米/红米路由器、华为/荣耀路由器通常不支持校园网IPv6。但请注意，华为/荣耀的部分新款路由器据称已能正常使用南京大学教育网IPv6，不过仍有同学反映问题，建议谨慎购买。",
        "分类": "技术问题",
        "关键词": [
            "路由器",
            "校园网",
            "IPv6",
            "支持"
        ],
        "依据": [
            "器、⼩⽶/红⽶路由器、华为/荣耀路由器通常不⽀持校园⽹IPv6。",
            "华为/荣耀的部分新款路由器已经可以正常使⽤南京⼤学教育⽹IPv 6 ，但有不少同学反馈仍然⽆法使⽤⾃⼰的华为/荣耀路由器连接校园⽹IPv 6 ，IT侠没有条件逐个型号进⾏验证，因此请谨慎购买。"
        ]
    },
    {
        "问题": "如何提升校园网上网体验？",
        "回答": "为了获得更好的校园网上网体验，你可以确保使用超五类以上的网线，以及具有千兆WAN口的路由器。此外，选择支持IPv6的路由器也很重要。",
        "分类": "网络服务",
        "关键词": "提升",
        "校园网",
        "体验",
        "网线",
        "千兆WAN口",
        "IPv6",
        "支持"
        ],
        "依据": "想要校园⽹上⽹体验更佳：1.⽹线要超五类以上 2.路由器WAN⼝需要千兆 路由器的性能 路由器IPv 6 支持"
    },
    {
        "问题": "如果我对路由器参数不熟悉，应该怎么做？",
        "回答": "如果你看不懂路由器的参数列表，可以加入我们的互助群（公众号：nju-itxia，后台发送关键词“互助群”），向群里的懂行朋友咨询建议。",
        "分类": "技术支持",
        "关键词": "不懂",
        "路由器参数",
        "互助群",
        "咨询"
        ],
        "依据": "当然如果你实在看不懂，也可以加⼊我们的互助群（公众号：nju-itxia ，后台发送关键词“互助群”），咨询⼀下懂⾏群友的意⻅。"
    }
]
[INFO][2024-04-13 14:31:05] 出错：Invalid control character at: line 4 column 55 (char 108)，模型返回：[
    {
        "问题": "如何在Windows 7中设置自动获取IP和DNS地址？",
        "回答": "在Windows 7系统中，你可以按照以下步骤操作来自动获取IP和DNS地址：
1. 打开控制面板。
2. 选择“网络和Internet”选项。
3. 进入“网络和共享中心”。
4. 在左侧边栏点击“更改适配器设置”。
5. 双击“本地连接x”（这里的x代表你的网络连接编号）。
6. 在新窗口中选择“属性”。
7. 双击“Internet协议版本 4 (TCP/IPv4)”。
8. 确保已勾选“自动获得IP地址”和“自动获得DNS服务器地址”两个选项。
9. 完成上述设置后，点击确定以保存更改。",
        "分类": "技术问题",
        "关键词": [
            "Windows 7",
            "自动获取",
            "IP地址",
            "DNS服务器地址"
        ],
        "依据": [
            "Windows 7 ：打开“控制⾯板”，选择“⽹路和Internet”->“⽹络和共享中⼼”，在左侧边栏上点击“更",
            "改适配器设置”，然后双击“本地连接 x”，点击“属性”，在弹出的窗⼝内双击“Internet协议版本 4",
            "(TCP/IPv 4 )”确保选中了“⾃动获得IP地址”和“⾃动获得DNS服务器地址”
        ]
    }
]
[INFO][2024-04-13 14:31:17] 出错：Invalid control character at: line 15 column 57 (char 672)，模型返回：[
    {
        "问题": "如何设置Windows 7自动获取IP和DNS地址？",
        "回答": "在Windows 7系统中，你可以通过以下步骤设置自动获取IP和DNS地址：\n1. 打开控制面板，选择网络和Internet选项。\n2. 进入网络和共享中心。\n3. 在左侧边栏，点击更改适配器设置。\n4. 双击本地连接图标。\n5. 在本地连接属性窗口中，找到并双击Internet协议版本 4 (TCP/IPv4)。\n6. 在新窗口中，确保已选中“自动获得IP地址”和“自动获得DNS服务器地址”选项，然后点击确定。\n按照这些步骤操作后，你的电脑将自动从网络提供商获取IP和DNS信息。",
        "分类": "技术问题",
        "关键词": [
            "Windows 7",
            "自动获取",
            "IP地址",
            "DNS服务器地址"
        ],
        "依据": [
            "Windows 7 ：打开“控制⾯板”，选择“⽹路和Internet”->“⽹络和共享中⼼”，在左侧边栏上点击“更",
            "更改适配器设置”，然后双击“本地连接 x”，点击“属性”，在弹出的窗⼝内双击“Internet协议版本 4",
            "(TCP/IPv 4 ）”确保选中了“⾃动获得IP地址”和“⾃动获得DNS服务器地址”
        ]
    }
]
[INFO][2024-04-13 14:31:28] 出错：Invalid control character at: line 4 column 26 (char 82)，模型返回：[
    {
        "问题": "如何设置Windows 7自动获取IP地址和DNS服务器地址？",
        "回答": "1. 打开控制面板。
2. 选择“网络和Internet”。
3. 进入“网络和共享中心”。
4. 在左侧边栏点击“更改适配器设置”。
5. 双击“本地连接 x”（这里的x代表具体的网络连接名称）。
6. 点击“属性”。
7. 双击“Internet协议版本 4 (TCP/IPv4)”。
8. 确保已选中“自动获得IP地址”和“自动获得DNS服务器地址”选项。

按照以上步骤操作，你的Windows 7系统就会自动从网络提供商那里获取IP和DNS信息了。",
        "分类": "技术问题",
        "关键词": [
            "Windows 7",
            "自动获取",
            "IP地址",
            "DNS服务器地址"
        ],
        "依据": [
            "打开“控制⾯板”，选择“⽹络和Internet”->“⽹络和共享中⼼”，在左侧边栏上点击“更",
            "双击“本地连接 x”，点击“属性”，在弹出的窗⼝内双击“Internet协议版本 4",
            "（TCP/IPv 4 ）”确保选中了“⾃动获得IP地址”和“⾃动获得DNS服务器地址”"
        ]
    }
]
[INFO][2024-04-13 14:31:47] 出错：Invalid control character at: line 4 column 46 (char 93)，模型返回：[
    {
        "问题": "如何在macOS上设置以太网的IPv4地址?",
        "回答": "在macOS中，你可以通过以下步骤设置以太网的IPv4地址：
1. 打开“系统偏好设置”。
2. 点击“网络”选项。
3. 在左侧列表中选择“以太网”。
4. 查看右侧，找到“配置IPv4”部分。
5. 在那里，选择“使用DHCP”。这将自动从网络服务器获取IP地址。

按照这些步骤操作后，你的以太网连接应该会自动配置IPv4地址。",
        "分类": "技术问题",
        "关键词": [
            "macOS",
            "以太网",
            "IPv4",
            "DHCP"
        ],
        "依据": [
            "macOS：打开“系统偏好设置”，点击“网络”，在左侧选择“以太网”，右侧“配置IPv 4 ”处选择“使用 DHCP”（如下图所示）即可。"
        ]
    }
]
[INFO][2024-04-13 14:31:55] 出错：Invalid control character at: line 4 column 44 (char 89)，模型返回：[
    {
        "问题": "如何在macOS上设置自动获取IP地址？",
        "回答": "在macOS上，你可以通过以下步骤设置自动获取IP地址：
1. 打开“系统偏好设置”。
2. 点击“网络”选项。
3. 在左侧列表中选择“以太网”。
4. 查看右侧，找到“配置IPv4”部分。
5. 在那里，选择“使用DHCP”。这样，你的设备会自动从网络服务器获取IP地址。
完成这些步骤后，你的网络设置就应该更新为使用DHCP了。",
        "分类": "技术问题",
        "关键词": [
            "macOS",
            "系统偏好设置",
            "网络",
            "以太网",
            "配置IPv4",
            "使用DHCP"
        ],
        "依据": [
            "macOS：打开“系统偏好设置”，点击“⽹络”，在左侧选择“以太⽹”，右侧“配置IPv 4 ”处选择“使⽤ DHCP”（如下图所示）即可。"
        ]
    }
]
[INFO][2024-04-13 14:32:03] 出错：Invalid control character at: line 4 column 53 (char 100)，模型返回：[
    {
        "问题": "如何在macOS上设置以太网的IPv4地址？",
        "回答": "在macOS中，你可以通过以下步骤设置以太网的IPv4地址为使用DHCP：
1. 打开“系统偏好设置”。
2. 点击“网络”选项。
3. 在左侧的网络服务列表中，选择“以太网”。
4. 查看右侧的配置区域，找到“配置IPv4”部分。
5. 在那里，选择“使用DHCP”。

按照这些步骤操作后，你的macOS将以自动获取的IP地址连接到网络。",
        "分类": "技术问题",
        "关键词": [
            "macOS",
            "系统偏好设置",
            "网络",
            "以太网",
            "配置IPv4",
            "DHCP"
        ],
        "依据": [
            "macOS：打开“系统偏好设置”，点击“网络”，在左侧选择“以太网”，右侧“配置IPv 4 ”处选择“使⽤ DHCP”（如下图所示）即可。"
        ]
    }
]
[INFO][2024-04-13 14:32:21] 出错：分类错误，模型返回：[
    {
        "问题": "如何使用命令行配置Linux的DHCP客户端？",
        "回答": "在Linux中，配置DHCP客户端通常可以通过执行`dhclient`或`dhcpd`等命令来实现。具体操作因发行版而异，建议查阅对应发行版的官方文档或在线教程获取详细步骤。",
        "分类": "技术问题",
        "关键词": ["Linux", "DHCP客户端", "配置"],
        "依据": ["Linux：取决于发⾏版，可以使⽤ dhclient 或者 dhcpd 等命令配置本地DHCP客户端。"]
    },
    {
        "问题": "如何检查是否成功接入了校园网？",
        "回答": "如果能成功获取到非169开头的IP地址，那就表明已经成功接入了校园网。你可以通过访问南大测速网站（test.nju.edu.cn）来测试内网连接速度，这也是验证连接是否正常的一个方法。",
        "分类": "网络连接",
        "关键词": ["成功接入", "校园网", "169开头", "IP地址", "测速网站"],
        "依据": ["如果能够成功获取到⾮ 169 开头的IP地址，就算成功接⼊了校园⽹，可以打开南⼤测速⽹站（test.nju.edu.cn）测试⼀下连接内⽹的速度。"]
    }
]
[INFO][2024-04-13 14:32:50] QA对生成完成，生成QA对：74个
[INFO][2024-04-13 14:32:50] ../RawData/Documents\AAA需增添水印的新文件\校园网相关\南大宿舍校园网与路由器使用指南.pdf 处理完成，输出至：../Output/Documents\AAA需增添水印的新文件\校园网相关\南大宿舍校园网与路由器使用指南.pdf
