[INFO][2024-04-13 13:57:27] 初始化处理聊天记录，路径：../RawData/QQ/南哪23级本科①群.txt
[INFO][2024-04-13 13:57:27] 聊天记录导入完成，共计37328条消息
[INFO][2024-04-13 13:57:27] 正在隐藏用户信息和过滤消息
[INFO][2024-04-13 13:57:27] 用户信息隐藏和消息过滤完成，共计1243位用户，33464条消息
[INFO][2024-04-13 13:57:28] 正在生成QA对
[INFO][2024-04-13 13:57:49] 出错：Expecting value: line 1 column 1 (char 0)，模型返回：```json
[
    {
        "问题": "户口所在地具体到哪一级",
        "回答": "户口所在地的具体信息通常可以在户口本上查看，如果是乡镇或农村，这可能对应的是户籍管理的基层单位。",
        "分类": "新生入学准备",
        "关键词": ["户口所在地", "级别"],
        "依据": [
            "[2023-08-02 11:14:58](user_0114): 入学前户口所在地具体到哪一级嘞",
            "[2023-08-02 11:18:27](user_0119): 看户口本"
        ]
    },
    {
        "问题": "社会关系怎么填写",
        "回答": "社会关系一栏可以填写家庭成员或者亲戚的信息，如果不确定，可以询问父母确认。",
        "分类": "新生入学准备",
        "关键词": ["社会关系", "填写"],
        "依据": [
            "[2023-08-02 11:20:36](user_0055): 社会关系必须要写一条，怎么办",
            "[2023-08-02 11:21:14](user_0115): 家里亲戚什么的写一个上去"
        ]
    },
    {
        "问题": "学生基本信息查询红星是否必填",
        "回答": "学生基本信息查询中的红星可能是必填项，具体情况要看学校的指引，建议确认官方通知或咨询相关人员。",
        "分类": "新生入学准备",
        "关键词": ["基本信息", "查询", "必填"],
        "依据": "[2023-08-02 11:27:07](user_0115): 对"
    },
    {
        "问题": "乘车区间如何填写",
        "回答": "填写乘车区间是为了方便购买火车学生票，通常选择你家所在地和学校所在地，如南京。同一个城市的不同车站可以选择任意一个。",
        "分类": "新生入学准备",
        "关键词": ["乘车区间", "填写"],
        "依据": "[2023-08-02 11:29:13](user_0123): 为了方便你买火车的学生票"
    },
    {
        "问题": "银行卡要不要开手机银行",
        "回答": "是否开手机银行取决于个人需求，有些地方可能没有要求，但开手机银行有时会更方便，具体可咨询学校或银行的官方建议。",
        "分类": "新生入学准备",
        "关键词": ["银行卡", "手机银行"],
        "依据": "[2023-08-02 11:41:35](user_0125): 我感觉弄手机银行会方便点"
    }
]
```
[INFO][2024-04-13 13:57:52] 出错：Expecting value: line 1 column 1 (char 0)，模型返回：```json
[
    {
        "问题": "期中考试形式是什么？",
        "回答": "有些专业课是期中闭卷，期末开卷，但并不是完全抛弃课本，可能需要参考教材。",
        "分类": "学术交流活动",
        "关键词": ["期中", "闭卷", "期末", "开卷", "课本"],
        "依据": [
            "[2023-07-29 16:54:52](user_0037): 我们有一门课是期中闭卷期末开卷。",
            "[2023-07-29 16:54:58](user_0037): 也不要完全抛弃课本只能说。"
        ]
    },
    {
        "问题": "如何了解课程考试的具体规定？",
        "回答": "可以提前向学长学姐询问历年考试方式作为参考，这样能更清楚考试规则。",
        "分类": "学术交流活动",
        "关键词": ["考试", "规定", "学长学姐", "历年", "考试方式"],
        "依据": [
            "[2023-07-29 17:22:07](user_0066): 上课可以提前问一下学长学姐往年都是怎么考试的做参考"
        ]
    },
    {
        "问题": "新生如何转接团支部？",
        "回答": "按照入学指南操作，有的书院会有临时团支部，如果没有则等待辅导员的通知或官方平台的更新。",
        "分类": "课余活动与社团活动",
        "关键词": ["新生", "转接", "团支部", "入学指南", "辅导员通知"],
        "依据": [
            "[2023-07-29 17:30:43](user_0067): 现在可以转关系吗",
            "[2023-07-29 17:33:44](user_0054): 按照入学指南，转到团总支"
        ]
    },
    {
        "问题": "加入南哪频道失败怎么办？",
        "回答": "可能是部分QQ账号没有开通频道功能，尝试加其他频道，如果不行再申请南哪频道。",
        "分类": "技术问题",
        "关键词": ["加入", "南哪频道", "失败", "申请"],
        "依据": [
            "[2023-07-29 17:47:48](user_0075): 有可能是部分qq没开放频道功能，你试试加其他频道。如果可以的话再申请一下南哪频道"
        ]
    },
    {
        "问题": "关于某些奖励的资格条件是什么？",
        "回答": "奖励的资格可能要看个人社区的规定，有的地区的学生可能会有资格。具体信息建议咨询社区。",
        "分类": "其他",
        "关键词": ["奖励", "资格", "社区", "规定"],
        "依据": [
            "[2023-07-29 17:55:14](user_0065): 这个看自己社区吧? 。。。",
            "[2023-07-29 17:55:35](user_0078): 可以去问问，好像看地区的 ，有的地区会奖"
        ]
    }
]
```
[INFO][2024-04-13 13:59:05] QA对生成完成，生成QA对：64个
[INFO][2024-04-13 13:59:05] ../RawData/QQ/南哪23级本科①群.txt 处理完成，输出至：../Output/QQ/南哪23级本科①群.txt
[INFO][2024-04-13 13:59:05] 初始化处理聊天记录，路径：../RawData/QQ/南哪2022级咨询交流①群.txt
[INFO][2024-04-13 13:59:06] 聊天记录导入完成，共计57646条消息
[INFO][2024-04-13 13:59:06] 正在隐藏用户信息和过滤消息
[INFO][2024-04-13 13:59:07] 用户信息隐藏和消息过滤完成，共计1423位用户，51219条消息
[INFO][2024-04-13 13:59:08] 正在生成QA对
[INFO][2024-04-13 13:59:32] 出错：分类错误，模型返回：[
    {
        "问题": "体育馆是否收费？",
        "回答": "看具体项目，比如羽毛球人多，但乒乓球还行，费用可能不同。",
        "分类": "校园生活服务",
        "关键词": ["体育馆", "收费"],
        "依据": [
            "[2022-08-15 18:22:29](user_0041): 问个问题，进体育馆要收费吗",
            "[2022-08-15 18:22:45](user_0042): 看你玩什么项目吧",
            "[2022-08-15 18:23:20](user_0042): 羽毛球人很多",
            "[2022-08-15 18:23:24](user_0042): 乒乓球还行"
        ]
    },
    {
        "问题": "新生在哪里购买卧具？",
        "回答": "具体信息未提及，可能需要询问相关部门或查看学校通知。",
        "分类": "新生入学准备",
        "关键词": ["新生", "卧具", "购买地点"],
        "依据": [
            "[2022-08-15 18:23:25](user_0043): 新生卧具在哪买啊"
        ]
    },
    {
        "问题": "学校发的银行卡是否需要带到学校？",
        "回答": "我认为应该带，但最好确认一下学校的正式通知。",
        "分类": "学习资源与课程通知",
        "关键词": ["银行卡", "学校", "带到学校"],
        "依据": [
            "[2022-08-15 18:24:15](user_0044): 学校发的银行卡要带去学校吗?",
            "[2022-08-15 18:25:21](user_0030): 我觉得要带"
        ]
    },
    {
        "问题": "宿舍的书桌是否有抽屉？",
        "回答": "这个问题没有得到明确答复，需要进一步询问。",
        "分类": "宿舍设施",
        "关键词": ["宿舍", "书桌", "抽屉"],
        "依据": [
            "[2022-08-15 18:26:42](user_0045): 宿舍的书桌有抽屉吗"
        ]
    },
    {
        "问题": "关于宿舍安全，床护栏是否有效？",
        "回答": "护栏可能存在安全隐患，上学期有人摔过，但通常不会发生，具体情况需谨慎评估。",
        "分类": "宿舍安全",
        "关键词": ["宿舍", "护栏", "安全"],
        "依据": [
            "[2022-08-15 18:28:01](user_0049): （指新生）现在邮箱能登录了吗?",
            "[2022-08-15 18:28:30](user_0051): 上学期有人摔过。",
            "[2022-08-15 18:28:36](user_0030): 哈哈"
        ]
    }
]
[INFO][2024-04-13 14:00:26] QA对生成完成，生成QA对：53个
[INFO][2024-04-13 14:00:26] ../RawData/QQ/南哪2022级咨询交流①群.txt 处理完成，输出至：../Output/QQ/南哪2022级咨询交流①群.txt
[INFO][2024-04-13 14:00:26] 初始化处理聊天记录，路径：../RawData/QQ/南哪2021级咨询交流群.txt
[INFO][2024-04-13 14:00:27] 聊天记录导入完成，共计31308条消息
[INFO][2024-04-13 14:00:27] 正在隐藏用户信息和过滤消息
[INFO][2024-04-13 14:00:27] 用户信息隐藏和消息过滤完成，共计1735位用户，28529条消息
[INFO][2024-04-13 14:00:27] 正在生成QA对
[INFO][2024-04-13 14:00:53] 出错：Expecting value: line 1 column 1 (char 0)，模型返回：```json
[
    {
        "问题": "学校会封校吗？",
        "回答": "[2022-06-28 9:26:33](user_0020): 不知道",
        "分类": "其他",
        "关键词": ["封校"],
        "依据": ["2022-06-28 9:26:33](user_0020): 不知道"]
    },
    {
        "问题": "学校核酸检测多久出结果？",
        "回答": "[2022-06-28 9:28:46](user_0023): 幸好早润了\n[2022-06-28 9:28:47](user_0006): 第二天",
        "分类": "学习资源与课程通知",
        "关键词": ["核酸检测", "结果", "泰康", "第二天"],
        "依据": ["2022-06-28 9:28:46](user_0023): 幸好早润了", "[2022-06-28 9:28:47](user_0006): 第二天"]
    }
]
```
[INFO][2024-04-13 14:01:04] 出错：Expecting value: line 1 column 1 (char 0)，模型返回：```json
[
    {
        "问题": "学校会不会封校",
        "回答": "可能会封校，但即使封校请假也能批准，只是出南京可能需要隔离。",
        "分类": "其他",
        "关键词": ["封校", "请假"],
        "依据": [
            "[2022-06-28 9:25:39](user_0014): 带星了",
            "[2022-06-28 9:25:42](user_0014): 呜呜",
            "[2022-06-28 9:25:51](user_0020): 确实，走不掉了",
            "[2022-06-28 9:26:18](user_0029): 会封校吗"
        ]
    },
    {
        "问题": "学校核酸检测多久出结果",
        "回答": "泰康的结果通常第二天就能出来。",
        "分类": "学习资源与课程通知",
        "关键词": ["学校核酸", "结果", "泰康"],
        "依据": "[2022-06-28 9:28:46](user_0030): 学校核酸多久会出啊",
        "依据": "[2022-06-28 9:28:47](user_0006): 第二天"
    }
]
```
[INFO][2024-04-13 14:01:17] 出错：Expecting value: line 1 column 1 (char 0)，模型返回：```json
[
    {
        "问题": "出学校会不会有问题？",
        "回答": "出学校应该不是问题，就算封校了，请假通常也会被批准，但出南京可能需要隔离。",
        "分类": "交通出行",
        "关键词": ["出学校", "封校", "请假"],
        "依据": [
            "[2022-06-28 9:23:51](user_0025): 出学校应该不是问题，就算封校了，请假也会批的吧，问题是出南京可能要隔离"
        ]
    },
    {
        "问题": "学校核酸检测多久出结果？",
        "回答": "泰康的核酸检测第二天就能出结果。",
        "分类": "学习资源与课程通知",
        "关键词": ["学校核酸", "结果", "泰康", "第二天"],
        "依据": [
            "[2022-06-28 9:28:46](user_0023): 幸好早润了",
            "[2022-06-28 9:28:47](user_0006): 第二天"
        ]
    },
    {
        "问题": "关于劳育活动能提前做吗？",
        "回答": "可以考虑报名后几天的劳育活动，问问能否提前进行。",
        "分类": "新生入学准备",
        "关键词": ["劳育", "提前", "做"],
        "依据": [
            "[2022-06-28 9:19:05](user_0023): 可以报名后几天的牢狱，问问能不能提前做"
        ]
    }
]
```
[INFO][2024-04-13 14:01:27] 出错：Expecting value: line 1 column 1 (char 0)，模型返回：```json
[
    {
        "问题": "学校会不会封校？",
        "回答": "可能会封校，但请假应该会批准，只是出南京可能需要隔离。",
        "分类": "其他",
        "关键词": ["封校", "请假"],
        "依据": [
            "[2022-06-28 9:26:33](user_0020): 不知道",
            "[2022-06-28 9:25:42](user_0014): 呜呜"
        ]
    },
    {
        "问题": "学校核酸检测出结果的时间是多久？",
        "回答": "泰康的结果第二天就能出来。",
        "分类": "学习资源与课程通知",
        "关键词": ["核酸", "结果", "泰康"],
        "依据": "[2022-06-28 9:28:46](user_0023): 幸好早润了",
        "依据.1": "[2022-06-28 9:28:47](user_0006): 第二天"
    }
]
```
[INFO][2024-04-13 14:01:53] QA对生成完成，生成QA对：55个
[INFO][2024-04-13 14:01:53] ../RawData/QQ/南哪2021级咨询交流群.txt 处理完成，输出至：../Output/QQ/南哪2021级咨询交流群.txt
