[INFO][2024-04-19 22:08:49] 开始从文件夹 ../QA/QQ 加载QA对！
[INFO][2024-04-19 22:08:49] 从 ../QA/QQ\南哪2021级咨询交流群-save.json 成功加载 55 条QA对！
[INFO][2024-04-19 22:08:49] 从 ../QA/QQ\南哪2022级咨询交流①群-save.json 成功加载 53 条QA对！
[INFO][2024-04-19 22:08:49] 从 ../QA/QQ\南哪23级本科①群-save.json 成功加载 64 条QA对！
[INFO][2024-04-19 22:08:49] 从文件夹 ../QA/QQ 加载完成！共加载 172 条QA对！
[INFO][2024-04-19 22:08:49] 开始从文件夹 ../QA/Documents/AAA需增添水印的新文件/校园网相关 加载QA对！
[INFO][2024-04-19 22:08:49] 从 ../QA/Documents/AAA需增添水印的新文件/校园网相关\南大宿舍校园网与路由器使用指南-save.json 成功加载 74 条QA对！
[INFO][2024-04-19 22:08:49] 从文件夹 ../QA/Documents/AAA需增添水印的新文件/校园网相关 加载完成！共加载 246 条QA对！
[INFO][2024-04-19 22:09:32] 开始从文件夹 ../QA/QQ 加载QA对！
[INFO][2024-04-19 22:09:32] 从 ../QA/QQ\南哪2021级咨询交流群-save.json 成功加载 55 条QA对！
[INFO][2024-04-19 22:09:33] 从 ../QA/QQ\南哪2022级咨询交流①群-save.json 成功加载 53 条QA对！
[INFO][2024-04-19 22:09:33] 从 ../QA/QQ\南哪23级本科①群-save.json 成功加载 64 条QA对！
[INFO][2024-04-19 22:09:33] 从文件夹 ../QA/QQ 加载完成！共加载 172 条QA对！
[INFO][2024-04-19 22:09:33] 开始从文件夹 ../QA/Documents/AAA需增添水印的新文件/校园网相关 加载QA对！
[INFO][2024-04-19 22:09:33] 从 ../QA/Documents/AAA需增添水印的新文件/校园网相关\南大宿舍校园网与路由器使用指南-save.json 成功加载 74 条QA对！
[INFO][2024-04-19 22:09:33] 从文件夹 ../QA/Documents/AAA需增添水印的新文件/校园网相关 加载完成！共加载 246 条QA对！
[INFO][2024-04-19 22:09:55] 开始从文件夹 ../QA/QQ 加载QA对！
[INFO][2024-04-19 22:09:55] 从 ../QA/QQ\南哪2021级咨询交流群-save.json 成功加载 55 条QA对！
[INFO][2024-04-19 22:09:55] 从 ../QA/QQ\南哪2022级咨询交流①群-save.json 成功加载 53 条QA对！
[INFO][2024-04-19 22:09:55] 从 ../QA/QQ\南哪23级本科①群-save.json 成功加载 64 条QA对！
[INFO][2024-04-19 22:09:55] 从文件夹 ../QA/QQ 加载完成！共加载 172 条QA对！
[INFO][2024-04-19 22:09:55] 开始从文件夹 ../QA/Documents/AAA需增添水印的新文件/校园网相关 加载QA对！
[INFO][2024-04-19 22:09:55] 从 ../QA/Documents/AAA需增添水印的新文件/校园网相关\南大宿舍校园网与路由器使用指南-save.json 成功加载 74 条QA对！
[INFO][2024-04-19 22:09:55] 从文件夹 ../QA/Documents/AAA需增添水印的新文件/校园网相关 加载完成！共加载 246 条QA对！
[INFO][2024-04-19 22:11:36] 开始从文件夹 ../QA/QQ 加载QA对！
[INFO][2024-04-19 22:11:36] 从 ../QA/QQ\南哪2021级咨询交流群-save.json 成功加载 55 条QA对！
[INFO][2024-04-19 22:11:36] 从 ../QA/QQ\南哪2022级咨询交流①群-save.json 成功加载 53 条QA对！
[INFO][2024-04-19 22:11:36] 从 ../QA/QQ\南哪23级本科①群-save.json 成功加载 64 条QA对！
[INFO][2024-04-19 22:11:36] 从文件夹 ../QA/QQ 加载完成！共加载 172 条QA对！
[INFO][2024-04-19 22:11:36] 开始从文件夹 ../QA/Documents/AAA需增添水印的新文件/校园网相关 加载QA对！
[INFO][2024-04-19 22:11:36] 从 ../QA/Documents/AAA需增添水印的新文件/校园网相关\南大宿舍校园网与路由器使用指南-save.json 成功加载 74 条QA对！
[INFO][2024-04-19 22:11:36] 从文件夹 ../QA/Documents/AAA需增添水印的新文件/校园网相关 加载完成！共加载 246 条QA对！
[INFO][2024-04-19 22:13:20] 开始从文件夹 ../QA/QQ 加载QA对！
[INFO][2024-04-19 22:13:20] 从 ../QA/QQ\南哪2021级咨询交流群-save.json 成功加载 55 条QA对！
[INFO][2024-04-19 22:13:20] 从 ../QA/QQ\南哪2022级咨询交流①群-save.json 成功加载 53 条QA对！
[INFO][2024-04-19 22:13:20] 从 ../QA/QQ\南哪23级本科①群-save.json 成功加载 64 条QA对！
[INFO][2024-04-19 22:13:20] 从文件夹 ../QA/QQ 加载完成！共加载 172 条QA对！
[INFO][2024-04-19 22:13:20] 开始从文件夹 ../QA/Documents/AAA需增添水印的新文件/校园网相关 加载QA对！
[INFO][2024-04-19 22:13:20] 从 ../QA/Documents/AAA需增添水印的新文件/校园网相关\南大宿舍校园网与路由器使用指南-save.json 成功加载 74 条QA对！
[INFO][2024-04-19 22:13:20] 从文件夹 ../QA/Documents/AAA需增添水印的新文件/校园网相关 加载完成！共加载 246 条QA对！
[INFO][2024-04-19 22:14:00] 开始从文件夹 ../QA/QQ 加载QA对！
[INFO][2024-04-19 22:14:00] 从 ../QA/QQ\南哪2021级咨询交流群-save.json 成功加载 55 条QA对！
[INFO][2024-04-19 22:14:00] 从 ../QA/QQ\南哪2022级咨询交流①群-save.json 成功加载 53 条QA对！
[INFO][2024-04-19 22:14:01] 从 ../QA/QQ\南哪23级本科①群-save.json 成功加载 64 条QA对！
[INFO][2024-04-19 22:14:01] 从文件夹 ../QA/QQ 加载完成！共加载 172 条QA对！
[INFO][2024-04-19 22:14:01] 开始从文件夹 ../QA/Documents/AAA需增添水印的新文件/校园网相关 加载QA对！
[INFO][2024-04-19 22:14:01] 从 ../QA/Documents/AAA需增添水印的新文件/校园网相关\南大宿舍校园网与路由器使用指南-save.json 成功加载 74 条QA对！
[INFO][2024-04-19 22:14:01] 从文件夹 ../QA/Documents/AAA需增添水印的新文件/校园网相关 加载完成！共加载 246 条QA对！
[INFO][2024-04-19 22:14:39] 开始从文件夹 ../QA/QQ 加载QA对！
[INFO][2024-04-19 22:14:39] 从 ../QA/QQ\南哪2021级咨询交流群-save.json 成功加载 55 条QA对！
[INFO][2024-04-19 22:14:39] 从 ../QA/QQ\南哪2022级咨询交流①群-save.json 成功加载 53 条QA对！
[INFO][2024-04-19 22:14:39] 从 ../QA/QQ\南哪23级本科①群-save.json 成功加载 64 条QA对！
[INFO][2024-04-19 22:14:39] 从文件夹 ../QA/QQ 加载完成！共加载 172 条QA对！
[INFO][2024-04-19 22:14:39] 开始从文件夹 ../QA/Documents/AAA需增添水印的新文件/校园网相关 加载QA对！
[INFO][2024-04-19 22:14:39] 从 ../QA/Documents/AAA需增添水印的新文件/校园网相关\南大宿舍校园网与路由器使用指南-save.json 成功加载 74 条QA对！
[INFO][2024-04-19 22:14:39] 从文件夹 ../QA/Documents/AAA需增添水印的新文件/校园网相关 加载完成！共加载 246 条QA对！
[INFO][2024-04-19 22:17:53] 开始从文件夹 ../QA/QQ 加载QA对！
[INFO][2024-04-19 22:17:53] 从 ../QA/QQ\南哪2021级咨询交流群-save.json 成功加载 55 条QA对！
[INFO][2024-04-19 22:17:53] 从 ../QA/QQ\南哪2022级咨询交流①群-save.json 成功加载 53 条QA对！
[INFO][2024-04-19 22:17:53] 从 ../QA/QQ\南哪23级本科①群-save.json 成功加载 64 条QA对！
[INFO][2024-04-19 22:17:53] 从文件夹 ../QA/QQ 加载完成！共加载 172 条QA对！
[INFO][2024-04-19 22:17:53] 开始从文件夹 ../QA/Documents/AAA需增添水印的新文件/校园网相关 加载QA对！
[INFO][2024-04-19 22:17:53] 从 ../QA/Documents/AAA需增添水印的新文件/校园网相关\南大宿舍校园网与路由器使用指南-save.json 成功加载 74 条QA对！
[INFO][2024-04-19 22:17:53] 从文件夹 ../QA/Documents/AAA需增添水印的新文件/校园网相关 加载完成！共加载 246 条QA对！
