[INFO][2024-04-17 19:11:42] 开始从文件夹 ../QA/QQ 加载QA对！
[INFO][2024-04-17 19:11:42] 从 ../QA/QQ\南哪2021级咨询交流群-save.json 成功加载 55 条QA对！
[INFO][2024-04-17 19:11:43] 从 ../QA/QQ\南哪2022级咨询交流①群-save.json 成功加载 53 条QA对！
[INFO][2024-04-17 19:11:43] 从 ../QA/QQ\南哪23级本科①群-save.json 成功加载 64 条QA对！
[INFO][2024-04-17 19:11:43] 从文件夹 ../QA/QQ 加载完成！共加载 172 条QA对！
[INFO][2024-04-17 19:11:43] 开始从文件夹 ../QA/Documents/AAA需增添水印的新文件/校园网相关 加载QA对！
[INFO][2024-04-17 19:11:43] 从 ../QA/Documents/AAA需增添水印的新文件/校园网相关\南大宿舍校园网与路由器使用指南-save.json 成功加载 74 条QA对！
[INFO][2024-04-17 19:11:43] 从文件夹 ../QA/Documents/AAA需增添水印的新文件/校园网相关 加载完成！共加载 246 条QA对！
[INFO][2024-04-17 19:12:25] 聚类总数：121
[INFO][2024-04-17 19:12:25] 
Cluster 0
[INFO][2024-04-17 19:12:25] 问题：上午在学校游泳馆做的核酸下午5点前能出结果吗？
回答：不能。
分类：校园生活服务
来源：../QA/QQ\南哪2021级咨询交流群

[INFO][2024-04-17 19:12:25] 问题：校医院现在还能做核酸吗？
回答：校医院可以进行核酸检测，但也可以在游泳馆进行，效果一样。具体时间是11:00-11:30对黄码和健康监测人员开放。
分类：新生入学准备
来源：../QA/QQ\南哪2021级咨询交流群

[INFO][2024-04-17 19:12:25] 问题：今天可以去鼓楼区吗？
回答：理论上可以，但别忘了做仙林的常态化核酸。
分类：交通出行
来源：../QA/QQ\南哪2021级咨询交流群

[INFO][2024-04-17 19:12:25] 问题：学校在哪里做核酸？
回答：游泳馆
分类：校园生活服务
来源：../QA/QQ\南哪2021级咨询交流群

[INFO][2024-04-17 19:12:25] 问题：学校核酸检测多久出结果？
回答：泰康的结果第二天就能出来。
分类：学习资源与课程通知
来源：../QA/QQ\南哪2021级咨询交流群

[INFO][2024-04-17 19:12:25] 
Cluster 1
[INFO][2024-04-17 19:12:25] 问题：泰康做核酸大概多久会出结果?
回答：用户0068询问泰康做核酸的结果时间，用户0054给出了今天之内这个大概时间范围，但具体时间请咨询泰康或当地政策。
分类：其他
来源：../QA/QQ\南哪2021级咨询交流群

[INFO][2024-04-17 19:12:25] 问题：上午做核酸下午能出结果吗？
回答：快的话是可以的，但具体时间可能会因地点和实验室效率而异。泰康那边据说速度较快，你可以去那里做。
分类：交通出行
来源：../QA/QQ\南哪2021级咨询交流群

[INFO][2024-04-17 19:12:25] 问题：学校是否能做核酸检测？
回答：对话中提到学校里的核酸检测速度可能较慢，但是否可以做以及具体安排还没有定下来，建议及时关注学校通知或者官方公告。
分类：学习资源与课程通知
来源：../QA/QQ\南哪2021级咨询交流群

[INFO][2024-04-17 19:12:25] 问题：学校核酸结果出得快吗
回答：学校核酸结果的出报告时间因地点和机构不同有所差异，有的同学提到泰康检测可能是早上做下午出，有的则提到可能第二天出。具体请咨询校医院或当地检测点的最新信息。
分类：校园生活服务
来源：../QA/QQ\南哪2021级咨询交流群

[INFO][2024-04-17 19:12:25] 问题：南大门怎么进学校报道？
回答：具体的报道入口可以在扩展资料里找到，如果自行前往，可能需要查看官方通知或指南。
分类：交通出行
来源：../QA/QQ\南哪2022级咨询交流①群

[INFO][2024-04-17 19:12:25] 问题：学校是否提供行李寄存服务
回答：如果提前到校，学校可能会有行李寄存服务，但具体地点和是否必选可能需要查看相关通知或者询问学校相关部门。
分类：交通出行
来源：../QA/QQ\南哪23级本科①群

[INFO][2024-04-17 19:12:25] 问题：学校是否有提供床上用品的购买服务？
回答：无答案
分类：新生入学准备
来源：../QA/Documents/AAA需增添水印的新文件/校园网相关\南大宿舍校园网与路由器使用指南

[INFO][2024-04-17 19:12:25] 
Cluster 2
[INFO][2024-04-17 19:12:25] 问题：错过检票时间怎么办？
回答：如果不幸错过了检票时间，通常需要咨询相关部门或查看车站规定，看是否允许补票或者有其他补救措施。建议尽快联系校车或交通部门了解具体政策。
分类：交通出行
来源：../QA/QQ\南哪2021级咨询交流群

[INFO][2024-04-17 19:12:25] 
Cluster 3
[INFO][2024-04-17 19:12:25] 问题：翠翠是学长还是学姐？
回答：翠翠实际上是16级的学长，而天问是19级的学姐。
分类：其他
来源：../QA/QQ\南哪2021级咨询交流群

[INFO][2024-04-17 19:12:25] 问题：翠翠为什么会被称为翠翠？
回答：翠翠这个名字是因为学长姓崔，这个名字被认为很贴合并且好听。
分类：其他
来源：../QA/QQ\南哪2021级咨询交流群

[INFO][2024-04-17 19:12:25] 问题：翠翠平时的工作是什么？
回答：翠翠平时负责维护课表，因为他在学校上班比较忙，所以没有进群。
分类：学习资源与课程通知
来源：../QA/QQ\南哪2021级咨询交流群

[INFO][2024-04-17 19:12:25] 
Cluster 4
[INFO][2024-04-17 19:12:25] 问题：一等座和二等座有什么区别？
回答：一等座在不必要的地方提供了更大的空间和一些额外的服务，比如小零食和有人提醒到站，但据说价格较高。例如，可能会提供矿泉水或柚子茶等饮料，还有脚踏板。而二等座相比之下可能就没有这些额外设施，但具体区别可能因车型而异。
分类：交通出行
来源：../QA/QQ\南哪2021级咨询交流群

[INFO][2024-04-17 19:12:25] 问题：分流的区别是什么？
回答：画红线的两项可能是指不同的分流政策，直接进的是无需再次分流的，而另一项则需要进一步筛选。具体差异需要查看学校的通知或咨询相关部门。
分类：学术交流活动
来源：../QA/QQ\南哪2021级咨询交流群

[INFO][2024-04-17 19:12:25] 
Cluster 5
[INFO][2024-04-17 19:12:25] 问题：火车软座通常会有桌子吗？
回答：火车软座通常会配备一个小桌板，可以从扶手里面掏出来。不过，具体配置可能会因车型和座位等级而有所不同。
分类：交通出行
来源：../QA/QQ\南哪2021级咨询交流群

[INFO][2024-04-17 19:12:25] 
Cluster 6
[INFO][2024-04-17 19:12:25] 问题：请问报名拔尖计划的资格是什么？
回答：报名拔尖计划的资格通常是面向所有来南大的大一新生，但具体条件可能会有变化，比如除了强基和提前批，其他符合条件的学生都可以报考。建议直接咨询招生组获取最新信息。
分类：新生入学准备
来源：../QA/QQ\南哪2021级咨询交流群

[INFO][2024-04-17 19:12:25] 问题：新生在哪里购买卧具？
回答：具体信息未提及，可能需要询问相关部门或查看学校通知。
分类：新生入学准备
来源：../QA/QQ\南哪2022级咨询交流①群

[INFO][2024-04-17 19:12:25] 问题：新生卧具购买地点
回答：具体的购买地点需要查看学校的通知或者新生指南，新生通常会在开学前被告知这些信息。
分类：新生入学准备
来源：../QA/QQ\南哪2022级咨询交流①群

[INFO][2024-04-17 19:12:25] 问题：新生如何转接到团支部？
回答：按照入学指南，新生应该转接到团总支，有的书院可能会有临时的团支部，如果没有找到，可以等待辅导员的通知或者智慧团建里的更新。
分类：课余活动与社团活动
来源：../QA/QQ\南哪23级本科①群

[INFO][2024-04-17 19:12:25] 问题：新生为什么学院团委成员都是2022级？
回答：可能是换届时间未到，或者新入学的新生还未有机会加入，转到团总支就能参与了。
分类：新生入学准备
来源：../QA/QQ\南哪23级本科①群

[INFO][2024-04-17 19:12:25] 问题：团组织转接何时可以操作？
回答：新生团组织的转接可能需要在正式开学后或者按照学校规定的时间进行，具体信息建议查看入学指南或语雀文档，因为涉及到年级的级数可能会有所影响。
分类：校园生活服务
来源：../QA/QQ\南哪23级本科①群

[INFO][2024-04-17 19:12:25] 问题：转入软院23级新生临时团支部后是否还需重新申请？
回答：建议你撤回之前的申请并重新提交，因为大一新生通常由书院管理，不需要学院直接处理团支部转接。
分类：校园生活服务
来源：../QA/QQ\南哪23级本科①群

[INFO][2024-04-17 19:12:25] 问题：开学是否需要交纸质照片？
回答：是的，开学时需要提供纸质照片，具体要求可以在入学指南或语雀文档中找到详细的说明。
分类：新生入学准备
来源：../QA/QQ\南哪23级本科①群

[INFO][2024-04-17 19:12:25] 问题：新生需要在开学前准备哪些物品？
回答：新生入学前应准备好基本的生活用品，如衣物、洗漱用品、学习用具等。同时，别忘了带上录取通知书、身份证、相关证件复印件及一寸照片，可能还需要缴纳学费的相关证明或银行卡。记得查看学校提供的新生指南，了解具体要求。
分类：新生入学准备
来源：../QA/Documents/AAA需增添水印的新文件/校园网相关\南大宿舍校园网与路由器使用指南

[INFO][2024-04-17 19:12:25] 
Cluster 7
[INFO][2024-04-17 19:12:25] 问题：南大给学生发的邮箱的默认密码是多少？
回答：关于邮箱默认密码的具体信息，我无法提供，建议登录南大app或联系学校客服查询，或者使用身份证作为初始密码尝试登录。如果忘记密码且不能找回，通常需要验证身份后重置。
分类：学习资源与课程通知
来源：../QA/QQ\南哪2021级咨询交流群

[INFO][2024-04-17 19:12:25] 
Cluster 8
[INFO][2024-04-17 19:12:25] 问题：外地知网是否需要接vpn下载
回答：外地使用知网可能需要连接VPN，但网速可能会因为使用的人多而变慢。建议尝试使用学校提供的其他访问方式，比如njutoday或者其他官方指南中的方法。
分类：学习资源与课程通知
来源：../QA/QQ\南哪2021级咨询交流群

[INFO][2024-04-17 19:12:25] 问题：开学后需要登录VPN吗？
回答：是的，校外访问校内网站需要通过登录VPN来实现，通常会收到验证码。
分类：学术交流活动
来源：../QA/QQ\南哪2022级咨询交流①群

[INFO][2024-04-17 19:12:25] 问题：假期期间可以使用VPN进行选课吗？
回答：可以，假期选课是校外访问校园网的一种情况，需要通过VPN连接。
分类：学习资源与课程通知
来源：../QA/QQ\南哪2022级咨询交流①群

[INFO][2024-04-17 19:12:25] 问题：是否必须一直挂上VPN？
回答：不一定，有些人不需要挂VPN也能访问某些资源。
分类：技术问题
来源：../QA/QQ\南哪2022级咨询交流①群

[INFO][2024-04-17 19:12:25] 问题：我想测试网速，用VPN会影响吗？
回答：使用VPN后网速可能会变慢，这可能是因为校园内网速和外部网络不同。
分类：技术问题
来源：../QA/QQ\南哪2022级咨询交流①群

[INFO][2024-04-17 19:12:25] 
Cluster 9
[INFO][2024-04-17 19:12:25] 问题：之前登录可以，现在为什么登录有问题？
回答：具体原因未在对话中明确说明，可能是网络状况变化或系统更新导致的。
分类：其他
来源：../QA/QQ\南哪2022级咨询交流①群

[INFO][2024-04-17 19:12:25] 问题：邮箱登录状态
回答：新生的邮箱登录状态通常在开学前会通过邮件或公告告知，如果还未能登录，可能是系统维护期间，建议稍后再试或者联系信息技术部门查询。
分类：学习资源与课程通知
来源：../QA/QQ\南哪2022级咨询交流①群

[INFO][2024-04-17 19:12:25] 问题：南大VPN账号登录短信验证的问题怎么解决？
回答：如果你的所有绑定账号都没有收到验证码，可能是号码未正确关联到你的账户。你可以尝试对照检查绑定信息，或者联系学校的技术支持进行咨询。
分类：技术问题
来源：../QA/QQ\南哪2022级咨询交流①群

[INFO][2024-04-17 19:12:25] 问题：我现在能登录迎新网吗？
回答：[省略]（user_0044提到关于电脑端登录迎新网的信息，但没有明确回答是否可以登录）
分类：新生入学准备
来源：../QA/QQ\南哪23级本科①群

[INFO][2024-04-17 19:12:25] 问题：南大校园网的内网和外网有什么区别？
回答：南大校园网的内网可以免费高速访问以.nju.edu.cn结尾的大部分网站，而外网则需要通过登录p.nju.edu.cn进行计费认证后才能访问一般的互联网服务。
分类：学习资源与课程通知
来源：../QA/Documents/AAA需增添水印的新文件/校园网相关\南大宿舍校园网与路由器使用指南

[INFO][2024-04-17 19:12:25] 问题：如何访问校外网络？
回答：连接上校园网后，打开http://p.nju.edu.cn或http://p2.nju.edu.cn（后者可能会逐步淘汰），使用网络认证系统账号或统一身份认证系统账号登录即可。
分类：技术问题
来源：../QA/Documents/AAA需增添水印的新文件/校园网相关\南大宿舍校园网与路由器使用指南

[INFO][2024-04-17 19:12:25] 
Cluster 10
[INFO][2024-04-17 19:12:25] 问题：VPN登录界面的地址是什么？
回答：具体地址需要查看官方通知或者辅导员的指导，他们会提供正确的登录信息。
分类：技术问题
来源：../QA/QQ\南哪23级本科①群

[INFO][2024-04-17 19:12:25] 
Cluster 11
[INFO][2024-04-17 19:12:25] 问题：地方专项是否可以转专业？
回答：地方专项政策可能因省份和学校而异，有的地方专项可能允许转专业，但具体情况最好咨询招生组或查看学校的官方通知。[2022-06-28 14:58:21](user_0112): 我觉得不影响
分类：课余活动与社团活动
来源：../QA/QQ\南哪2021级咨询交流群

[INFO][2024-04-17 19:12:25] 问题：提前批是否可以转专业？
回答：提前批录取的学生通常不能随意转专业，具体政策可能会因学校而异，建议查看学校的官方通知或咨询教务处。
分类：新生入学准备
来源：../QA/QQ\南哪2021级咨询交流群

[INFO][2024-04-17 19:12:25] 问题：物理专业的录取人数是多少？
回答：物理专业的录取人数通常是230人左右，扣除转专业后可能接近200人。
分类：新生入学准备
来源：../QA/QQ\南哪23级本科①群

[INFO][2024-04-17 19:12:25] 
Cluster 12
[INFO][2024-04-17 19:12:25] 问题：学生票资质认证的具体时间是每年的什么时候？
回答：学生票资质认证通常是一学年进行一次，如果你这个学年已经认证过，那么下一年就不需要重复认证了。
分类：交通出行
来源：../QA/QQ\南哪2021级咨询交流群

[INFO][2024-04-17 19:12:26] 问题：问一下坐出租车多久到南京南站？
回答：高德显示大约40分钟
分类：交通出行
来源：../QA/QQ\南哪2021级咨询交流群

[INFO][2024-04-17 19:12:26] 问题：开学典礼的具体时间是什么时候？
回答：开学典礼的具体时间要看具体通知，每年都不太一样，建议关注官方发布的最新信息。
分类：新生入学准备
来源：../QA/QQ\南哪2022级咨询交流①群

[INFO][2024-04-17 19:12:26] 问题：什么时候可以查到录取结果？
回答：提前批已经出了，普通批不清楚，建议过几天再来询问。[2023-07-15 18:03:31](user_0023): 彳亍口巴，过几天再来问。
分类：新生入学准备
来源：../QA/QQ\南哪23级本科①群

[INFO][2024-04-17 19:12:26] 问题：经济管理实验班分流时间?
回答：大一下学期进行分流，具体操作方式如志愿优先或根据学分绩点，可以关注通知书后的详细说明。
分类：新生入学准备
来源：../QA/QQ\南哪23级本科①群

[INFO][2024-04-17 19:12:26] 
Cluster 13
[INFO][2024-04-17 19:12:26] 问题：信计专业主要学什么？
回答：信计专业主要学习计算机和数学相关的内容，大一初期会学习程序设计，进度很快，随后会进入算法阶段。
分类：学术交流活动
来源：../QA/QQ\南哪2021级咨询交流群

[INFO][2024-04-17 19:12:26] 
Cluster 14
[INFO][2024-04-17 19:12:26] 问题：南京大学校医院的电话号码是多少？
回答：具体的电话号码需要查询最新的学校信息或者联系学校相关部门，因为这里没有提供准确的电话号码。
分类：校园生活服务
来源：../QA/QQ\南哪2021级咨询交流群

[INFO][2024-04-17 19:12:26] 
Cluster 15
[INFO][2024-04-17 19:12:26] 问题：行程码带星对出行有哪些影响？
回答：行程码带星可能会影响某些地方的进出，例如高速服务区可能无法进入。具体情况应参考当地防疫政策。
分类：交通出行
来源：../QA/QQ\南哪2021级咨询交流群

[INFO][2024-04-17 19:12:26] 问题：这波会影响八月中旬的军训吗?
回答：目前看来，军训应该不会受到影响。因为讨论中提到还在六月，而且有人认为如果真受影响，会是类似上海级别的情况，但没有明确证据表明八月中旬会受影响。
分类：新生入学准备
来源：../QA/QQ\南哪2021级咨询交流群

[INFO][2024-04-17 19:12:26] 
Cluster 16
[INFO][2024-04-17 19:12:26] 问题：学校里的瑞幸罗森学友店营业时间是多久？
回答：具体的营业时间我不是很清楚，建议你可以查看学校官方通知或者直接联系店面咨询。
分类：校园生活服务
来源：../QA/QQ\南哪2021级咨询交流群

[INFO][2024-04-17 19:12:26] 问题：从外地进南京南站需要提供纸质核酸报告吗？
回答：不需要纸质报告，电子版的健康码即可。
分类：交通出行
来源：../QA/QQ\南哪2021级咨询交流群

[INFO][2024-04-17 19:12:26] 问题：如果我填了QQ邮箱，可以修改吗？
回答：[2022-08-15 15:56:10](user_0013)提到只要是自己邮箱就行，所以如果你填了QQ邮箱，应该是可以修改的，但最好确认一下具体政策。
分类：新生入学准备
来源：../QA/QQ\南哪2022级咨询交流①群

[INFO][2024-04-17 19:12:26] 问题：这个链接为什么打不开？
回答：链接有问题，可能是学校内网资源，校外访问需要登录p.nju.edu.cn，或者使用学校提供的微软账号（xxxx@365.nju.edu.cn）访问。如果是学校下载的Office软件，不需要登录微软官方账号，而是通过校园网激活。
分类：技术问题
来源：../QA/QQ\南哪2022级咨询交流①群

[INFO][2024-04-17 19:12:26] 问题：数学专业竞争激烈吗？
回答：数学专业竞争较为激烈，通常每年招收120人左右，但今年由于综评等因素，竞争可能会有所下降。想进数学基本需要好好学习，认真对待。
分类：学术交流活动
来源：../QA/QQ\南哪23级本科①群

[INFO][2024-04-17 19:12:26] 问题：对于有线连接的需求，学校提供了什么设施？
回答：在宿舍每个书桌前面的墙上，都有至少一个RJ-45网络接口用于有线上网。通常，标有'普天'字样的接口可用于连接校园网。
分类：校园生活服务
来源：../QA/Documents/AAA需增添水印的新文件/校园网相关\南大宿舍校园网与路由器使用指南

[INFO][2024-04-17 19:12:26] 问题：为什么需要修改后台管理员密码？
回答：大多数默认的后台管理登录信息相同，如果不修改，可能会存在他人登录并修改设置的风险。为了安全，建议为自己的WiFi连接设置密码并更改后台管理员密码。
分类：技术问题
来源：../QA/Documents/AAA需增添水印的新文件/校园网相关\南大宿舍校园网与路由器使用指南

[INFO][2024-04-17 19:12:26] 问题：如何设置Windows 7自动获取IP地址和DNS？
回答：在Windows 7系统中，你可以通过以下步骤来设置自动获取IP地址和DNS服务器地址：
1. 打开控制面板，选择网络和Internet选项。
2. 进入网络和共享中心。
3. 在左侧边栏，点击更改适配器设置。
4. 双击本地连接x（这里的x代表具体的网络连接名称）。
5. 在新窗口中选择属性。
6. 双击Internet协议版本 4 (TCP/IPv4)。
7. 确保已选中“自动获得IP地址”和“自动获得DNS服务器地址”这两项。
按照这些步骤操作后，你的电脑应该会自动从你的网络服务商那里获取IP和DNS信息了。
分类：技术问题
来源：../QA/Documents/AAA需增添水印的新文件/校园网相关\南大宿舍校园网与路由器使用指南

[INFO][2024-04-17 19:12:26] 
Cluster 17
[INFO][2024-04-17 19:12:26] 问题：近邻宝放两个月会出问题吗?
回答：关于近邻宝的问题，用户0063询问是否会有问题，用户0059回答不会，但具体情况可能取决于所在地的政策。建议直接联系卖家或关注最新政策信息。
分类：其他
来源：../QA/QQ\南哪2021级咨询交流群

[INFO][2024-04-17 19:12:26] 
Cluster 18
[INFO][2024-04-17 19:12:26] 问题：扩展信息是单独一页吗？
回答：我看到有人对此有疑问，但具体是否是单独一页的信息我没有立即确认。你可以查看学校的新生指南或者登录学校网站查找相关信息，那里通常会有详细的说明。
分类：新生入学准备
来源：../QA/QQ\南哪2022级咨询交流①群

[INFO][2024-04-17 19:12:26] 问题：扩展信息是单独一页吗？
回答：我也很好奇这个问题，可能是的，但也有可能会整合在其他部分。建议你直接咨询教务处或者查看最新的入学手册以获取准确信息。
分类：新生入学准备
来源：../QA/QQ\南哪2022级咨询交流①群

[INFO][2024-04-17 19:12:26] 
Cluster 19
[INFO][2024-04-17 19:12:26] 问题：体育馆是否收费？
回答：看具体项目，比如羽毛球人多，但乒乓球还行，费用可能不同。
分类：校园生活服务
来源：../QA/QQ\南哪2022级咨询交流①群

[INFO][2024-04-17 19:12:26] 问题：体育馆收费情况
回答：看具体项目，比如羽毛球场地可能会比较多人，但总体上是否收费可能因项目而异。
分类：校园生活服务
来源：../QA/QQ\南哪2022级咨询交流①群

[INFO][2024-04-17 19:12:26] 
Cluster 20
[INFO][2024-04-17 19:12:26] 问题：学生基本信息查询红星是否必填
回答：是的，学生基本信息查询中的红星可能是必填项，具体请参照系统的指示进行操作。
分类：新生入学准备
来源：../QA/QQ\南哪23级本科①群

[INFO][2024-04-17 19:12:26] 
Cluster 21
[INFO][2024-04-17 19:12:26] 问题：开卷考试有哪些规定？
回答：开卷考试的规则多种多样，有的允许带纸质资料，有的只允许带一张A4纸，大部分数理专业的课程是闭卷，少数是A4纸开卷。建议提前询问学长学姐了解历年考试形式作为参考。
分类：学术交流活动
来源：../QA/QQ\南哪23级本科①群

[INFO][2024-04-17 19:12:26] 
Cluster 22
[INFO][2024-04-17 19:12:26] 问题：高中给的档案袋没封条感觉不正规
回答：档案袋通常不需要封条，大学接收时会处理。上大学前这个档案主要是用来存放个人信息，交给大学后就不再重要了。
分类：新生入学准备
来源：../QA/QQ\南哪23级本科①群

[INFO][2024-04-17 19:12:26] 
Cluster 23
[INFO][2024-04-17 19:12:26] 问题：如果学校封校，我在封校前几个小时离开能算安全吗？
回答：这取决于学校的封校政策，通常情况下，封校前离开可能会受到限制或要求返回。建议你在封校前详细了解并遵守学校的通知。
分类：校园生活服务
来源：../QA/QQ\南哪2021级咨询交流群

[INFO][2024-04-17 19:12:26] 问题：建议订离哪个门近的酒店？
回答：参考去年，可以考虑订离广州路、汉口路和小粉桥这三个门近的酒店。
分类：新生入学准备
来源：../QA/QQ\南哪23级本科①群

[INFO][2024-04-17 19:12:26] 
Cluster 24
[INFO][2024-04-17 19:12:26] 问题：教超的运营情况如何？
回答：教超一直都在正常营业，你可以继续在那里购物。
分类：校园生活服务
来源：../QA/QQ\南哪2021级咨询交流群

[INFO][2024-04-17 19:12:26] 问题：学校教超有活页笔记本吗？
回答：教超可能只有得力和晨光品牌的笔记本，其中活页笔记本应该有。@user_0057 提到了这些信息。
分类：校园生活服务
来源：../QA/QQ\南哪23级本科①群

[INFO][2024-04-17 19:12:26] 
Cluster 25
[INFO][2024-04-17 19:12:26] 问题：劳育活动的截止时间是什么时候？
回答：劳育活动还剩一个小时，具体截止时间请查看活动安排或询问组织者。
分类：课余活动与社团活动
来源：../QA/QQ\南哪2021级咨询交流群

[INFO][2024-04-17 19:12:26] 
Cluster 26
[INFO][2024-04-17 19:12:26] 问题：南京南站现在需要核酸检测吗？
回答：目前南京南站只需要查看健康码，电子版的核酸报告就可以。
分类：交通出行
来源：../QA/QQ\南哪2021级咨询交流群

[INFO][2024-04-17 19:12:26] 问题：泰康做核酸需要带什么？
回答：做核酸需要带手机、口罩，有的地方可能不需要身份证，但最好带上以防万一。记得提前查看最新规定，因为出结果的时间可能会变慢，比如中午舍友去问说是12小时出结果。
分类：交通出行
来源：../QA/QQ\南哪2021级咨询交流群

[INFO][2024-04-17 19:12:26] 问题：泰康核酸检测几点结束能12小时内出结果？
回答：据提到，五点或五点半之前做完的可能可以在12小时内出结果，但具体时间可能会有变化，建议提前了解并尽早进行。
分类：交通出行
来源：../QA/QQ\南哪2021级咨询交流群

[INFO][2024-04-17 19:12:26] 问题：哪里可以开核酸检测纸质证明？
回答：关于纸质证明的具体获取地点，对话中没有明确提及，但学校医院可能是其中之一，可以咨询学校相关部门或者当地卫生机构了解详情。
分类：学习资源与课程通知
来源：../QA/QQ\南哪2021级咨询交流群

[INFO][2024-04-17 19:12:26] 问题：哪里可以做非常态化的核酸检测？
回答：泰康可能是其中一个选择，但可能排队较长。也可以通过国务院搜寻附近的民营实验室。
分类：校园生活服务
来源：../QA/QQ\南哪2021级咨询交流群

[INFO][2024-04-17 19:12:26] 问题：常态化核酸检测在哪里做？
回答：常态化核酸检测通常在游泳馆进行，但具体时间可能会有变动，建议确认最新通知。
分类：校园生活服务
来源：../QA/QQ\南哪2021级咨询交流群

[INFO][2024-04-17 19:12:26] 
Cluster 27
[INFO][2024-04-17 19:12:26] 问题：有晚上拼车去禄口机场的伙伴吗？
回答：你可以去小蓝鲸巴士群问问，群号是793727094，还有出行群392272209。
分类：课余活动与社团活动
来源：../QA/QQ\南哪2021级咨询交流群

[INFO][2024-04-17 19:12:26] 
Cluster 28
[INFO][2024-04-17 19:12:26] 问题：巴士和地铁去机场哪个更快？
回答：通常情况下，巴士比地铁快，但如果遇到堵车或者恶劣天气，地铁可能更稳定一些，不会轻易停运或减速。
分类：交通出行
来源：../QA/QQ\南哪2021级咨询交流群

[INFO][2024-04-17 19:12:26] 
Cluster 29
[INFO][2024-04-17 19:12:26] 问题：仙林校区属于哪个社区？
回答：要查找仙林校区所属社区，你需要从街道开始查询，可能是仙林大道或者西岗接到，具体信息需要查看详细地址指引。
分类：新生入学准备
来源：../QA/QQ\南哪2021级咨询交流群

[INFO][2024-04-17 19:12:26] 
Cluster 30
[INFO][2024-04-17 19:12:26] 问题：鼓楼校区去会不会变黄码？
回答：建议近期不要随意去鼓楼校区，虽然黄码可能性不大，但因当前仍在筛查期，存在风险。最好等待核酸结果出来再做决定。
分类：新生入学准备
来源：../QA/QQ\南哪2021级咨询交流群

[INFO][2024-04-17 19:12:26] 问题：如何在宿舍连接有线网络？
回答：在宿舍的书桌前墙面上，你会发现至少一个RJ-45网线接口。在仙林校区，标有'普天'字样的接口用于连接校园网；而其他接口通常是运营商宽带，可能无法用于校园网。在鼓楼校区，墙上唯一的接口就是校园网接口。如果发现网口损坏或缺失，请联系学校信息化建设管理服务中心（ITSC）进行上门维修。
分类：新生入学准备
来源：../QA/Documents/AAA需增添水印的新文件/校园网相关\南大宿舍校园网与路由器使用指南

[INFO][2024-04-17 19:12:26] 
Cluster 31
[INFO][2024-04-17 19:12:26] 问题：分流考核只看大一上学期的成绩吗？
回答：除了大一上学期，还看大一下学期的期中成绩。
分类：新生入学准备
来源：../QA/QQ\南哪2021级咨询交流群

[INFO][2024-04-17 19:12:26] 
Cluster 32
[INFO][2024-04-17 19:12:26] 问题：毕业生需要向宿管阿姨报备吗？
回答：不需要，只有毕业生需要登记。
分类：新生入学准备
来源：../QA/QQ\南哪2021级咨询交流群

[INFO][2024-04-17 19:12:26] 
Cluster 33
[INFO][2024-04-17 19:12:26] 问题：行程码带星星能回家吗？
回答：这要看家里的防疫要求，可能会需要隔离。
分类：交通出行
来源：../QA/QQ\南哪2021级咨询交流群

[INFO][2024-04-17 19:12:26] 问题：行程码带星能否顺利换乘高铁？
回答：换乘地如果没有特别要求，带星的行程码通常不会被截停。但具体情况还是要看当地政策。
分类：交通出行
来源：../QA/QQ\南哪2021级咨询交流群

[INFO][2024-04-17 19:12:26] 
Cluster 34
[INFO][2024-04-17 19:12:26] 问题：南京疫情突然，学校的防疫政策如何？
回答：学校政策还没有更新，建议你在家等待，看家那边的最新防疫政策。
分类：学术交流活动
来源：../QA/QQ\南哪2021级咨询交流群

[INFO][2024-04-17 19:12:26] 
Cluster 35
[INFO][2024-04-17 19:12:26] 问题：乘坐高铁需要实体票吗？
回答：不需要，可以直接刷身份证进站，只要确保你的身份已经实名认证即可。
分类：交通出行
来源：../QA/QQ\南哪2021级咨询交流群

[INFO][2024-04-17 19:12:26] 问题：带了星号能做动车高铁飞机之类的么？
回答：可以，进站只看健康码
分类：交通出行
来源：../QA/QQ\南哪2021级咨询交流群

[INFO][2024-04-17 19:12:26] 
Cluster 36
[INFO][2024-04-17 19:12:26] 问题：现在去南京站需要核酸证明吗？
回答：不需要
分类：交通出行
来源：../QA/QQ\南哪2021级咨询交流群

[INFO][2024-04-17 19:12:26] 
Cluster 37
[INFO][2024-04-17 19:12:26] 问题：如果想要转计科的话，需要面试/笔试吗？对绩点有什么要求吗？
回答：需要笔试、机试和面试，绩点可能没有显式要求
分类：学术交流活动
来源：../QA/QQ\南哪2021级咨询交流群

[INFO][2024-04-17 19:12:26] 
Cluster 38
[INFO][2024-04-17 19:12:26] 问题：下午hpv疫苗预约时间是几点？
回答：关于HPV疫苗的预约时间，如果是校医院，可能不在特定时间段，但最好避开下班后半小时，以防留观等待。具体时间请咨询最新通知或医院安排。
分类：学术交流活动
来源：../QA/QQ\南哪2021级咨询交流群

[INFO][2024-04-17 19:12:26] 
Cluster 39
[INFO][2024-04-17 19:12:26] 问题：学校会不会封校？
回答：可能会封校，但出校请假应该会批准，只是出南京可能需要隔离。
分类：其他
来源：../QA/QQ\南哪2021级咨询交流群

[INFO][2024-04-17 19:12:26] 
Cluster 40
[INFO][2024-04-17 19:12:26] 问题：如何重新订阅学校短信通知
回答：关于短信通知的订阅和退订，具体操作应在OA系统中进行。如果你已经退订并想重新订阅，需要查找相关的OA申请指南或联系学生事务部门获取帮助。
分类：学习资源与课程通知
来源：../QA/QQ\南哪2021级咨询交流群

[INFO][2024-04-17 19:12:26] 
Cluster 41
[INFO][2024-04-17 19:12:26] 问题：宿舍能用电热水壶吗？
回答：不能使用电热水壶，宿舍规定可能不允许，因为安全考虑。
分类：校园生活服务
来源：../QA/QQ\南哪2022级咨询交流①群

[INFO][2024-04-17 19:12:26] 问题：宿舍书桌是否有抽屉
回答：关于宿舍设施的具体情况，最好查看宿舍分配通知或直接联系宿管部门，他们会提供准确的信息。
分类：校园生活服务
来源：../QA/QQ\南哪2022级咨询交流①群

[INFO][2024-04-17 19:12:26] 问题：宿舍安全情况
回答：据上学期的情况，床护栏有时可能不足以防止从床上掉落，但通常情况下不会有问题。如果有安全顾虑，可以向宿管咨询防护措施。
分类：校园生活服务
来源：../QA/QQ\南哪2022级咨询交流①群

[INFO][2024-04-17 19:12:26] 问题：宿舍用台式机靠谱吗？
回答：宿舍用台式机可以考虑，但可能会比较重，搬运不太方便。@user_0014 提到可能遇到困难。
分类：校园生活服务
来源：../QA/QQ\南哪23级本科①群

[INFO][2024-04-17 19:12:26] 
Cluster 42
[INFO][2024-04-17 19:12:26] 问题：摄像头的物理开关在哪里？
回答：摄像头的物理开关通常位于电脑或设备的侧面或者前端，具体位置可能因型号而异。确保它被正确打开并且没有被物理遮挡。
分类：技术问题
来源：../QA/QQ\南哪2022级咨询交流①群

[INFO][2024-04-17 19:12:26] 问题：如何检查网页是否允许使用摄像头？
回答：在浏览器的隐私设置或扩展程序管理中查看是否有允许特定网站访问摄像头的选项。通常需要进入每个网站的设置进行确认。
分类：技术问题
来源：../QA/QQ\南哪2022级咨询交流①群

[INFO][2024-04-17 19:12:26] 问题：电脑摄像头无法检测到怎么解决
回答：遇到登录分级考试模拟测试页面时摄像头无法被检测到的问题，你可以尝试以下步骤：
1. **检查设备连接**：确保摄像头已正确连接并且工作正常，可能是USB接口松动或驱动程序问题。
2. **更新驱动**：访问设备管理器，看看是否有摄像头驱动程序的更新可用并安装。
3. **关闭防火墙或安全软件**：有些软件可能会阻止摄像头的访问，暂时禁用看看是否能解决问题。
4. **测试其他应用**：在其他视频聊天软件或网站上试用摄像头，看是否可以正常使用。
5. **重启电脑**：有时候简单的重启也能解决问题。
如果以上方法都无效，建议联系技术支持或者咨询官方论坛，提供详细的问题描述以便得到专业的帮助。
分类：技术问题
来源：../QA/QQ\南哪2022级咨询交流①群

[INFO][2024-04-17 19:12:26] 
Cluster 43
[INFO][2024-04-17 19:12:26] 问题：如何在设置中启用摄像头？
回答：在电脑的控制面板或设备管理器里找到摄像头选项，点击启用或切换到摄像头状态。具体步骤可能因操作系统不同而略有差异。
分类：技术问题
来源：../QA/QQ\南哪2022级咨询交流①群

[INFO][2024-04-17 19:12:26] 问题：电脑没有摄像头怎么办？
回答：你可以尝试按照这个链接的方法排查：https://www.yuque.com/itxia/help/cam_mic_not_work，确保没有被联想电脑管家或其他软件禁用。如果还是无法打开，可以考虑卸载相关应用并检查权限设置。
分类：技术问题
来源：../QA/QQ\南哪2022级咨询交流①群

[INFO][2024-04-17 19:12:26] 问题：如何启用学校的无感知认证？
回答：要在学校启用无感知认证，首先需要在网络认证系统页面选择“无感知认证”，然后开启对应设备的开关。具体步骤可以参照信息中心发布的微信推送文章，如《校园网服务升级！“并发两线程”手机电脑可同时在线，“无感知认证”即联即上》和《新鲜出炉的“无感知认证” 答疑解惑篇》中的说明进行操作。但要注意，由于新系统在连接WiFi时会使用随机MAC地址来保护用户隐私，所以使用无感知认证前，你需要关闭设备的随机MAC地址功能。详情可查看【注册无感知认证】的相关指南。
分类：技术问题
来源：../QA/Documents/AAA需增添水印的新文件/校园网相关\南大宿舍校园网与路由器使用指南

[INFO][2024-04-17 19:12:26] 问题：如何在新系统中启用无感知认证？
回答：在校园网服务升级后，启用无感知认证的方法是通过网络认证系统页面选择“无感知认证”，然后开启对应设备的相应设置。具体操作可以参照信息中心发布的微信推送文章，标题为'校园网服务升级！“并发两线程”手机电脑可同时在线，“无感知认证”即联即上'以及'无感知认证'答疑解惑篇的相关说明进行。另外，由于新系统在连接WiFi时可能会使用随机MAC地址，为了使用无感知认证，需要关闭设备的随机MAC地址功能。你可以按照注册无感知认证的指引进行设置。
分类：技术问题
来源：../QA/Documents/AAA需增添水印的新文件/校园网相关\南大宿舍校园网与路由器使用指南

[INFO][2024-04-17 19:12:26] 问题：如何开启学校的无感知认证？
回答：要开启学校的无感知认证，首先你需要在网络认证页面选择“无感知认证”选项，然后按照提示启动对应设备的开关。具体步骤可以参照信息中心发布的微信推送文章来操作。如果你的设备启用了‘随机MAC地址’功能，为了使用无感知认证，需要关闭这个功能，详情可查看‘注册无感知认证’的相关指南。
分类：技术问题
来源：../QA/Documents/AAA需增添水印的新文件/校园网相关\南大宿舍校园网与路由器使用指南

[INFO][2024-04-17 19:12:26] 问题：无感知认证是否会影响我的网络隐私？
回答：无感知认证通过记录MAC地址的方式实现，这可能在一定程度上涉及到了网络隐私。为了保护隐私，现在的系统通常会采用“随机MAC地址”措施，但这样可能会与无感知认证冲突。如果要使用无感知认证，需要关闭随机MAC地址功能。
分类：技术问题
来源：../QA/Documents/AAA需增添水印的新文件/校园网相关\南大宿舍校园网与路由器使用指南

[INFO][2024-04-17 19:12:26] 
Cluster 44
[INFO][2024-04-17 19:12:26] 问题：如何在电脑管家中设置权限？
回答：在电脑管家的权限管理或安全中心里，可以查看并调整应用对摄像头等硬件的权限。如果没有卸载，确认是否已关闭相关权限的自动获取功能。
分类：技术问题
来源：../QA/QQ\南哪2022级咨询交流①群

[INFO][2024-04-17 19:12:26] 
Cluster 45
[INFO][2024-04-17 19:12:26] 问题：学校发的银行卡是否需要带到学校？
回答：我认为应该带，但最好确认一下学校的正式通知。
分类：学习资源与课程通知
来源：../QA/QQ\南哪2022级咨询交流①群

[INFO][2024-04-17 19:12:26] 问题：学校银行卡是否带到学校
回答：建议带上学校发的银行卡，具体要求可以咨询学校的财务部门或者查看新生指南。
分类：新生入学准备
来源：../QA/QQ\南哪2022级咨询交流①群

[INFO][2024-04-17 19:12:26] 问题：银行卡来不及激活怎么办？
回答：如果来不及激活银行卡，可以开学时现场交学费。辅导员那里也可以说明情况。不会因为这个影响上学。
分类：新生入学准备
来源：../QA/QQ\南哪2022级咨询交流①群

[INFO][2024-04-17 19:12:26] 问题：银行卡没办成要在缴费前准备好吗？
回答：关于银行卡问题，最好关注财务处的通知，他们会提供具体的要求。@user_0054 提醒了这个信息。
分类：新生入学准备
来源：../QA/QQ\南哪23级本科①群

[INFO][2024-04-17 19:12:26] 问题：银行卡是否需要手机银行
回答：是否开通手机银行取决于个人需求，但有时候不使用手机银行也无妨，具体可以咨询你的开户银行。
分类：新生入学准备
来源：../QA/QQ\南哪23级本科①群

[INFO][2024-04-17 19:12:26] 
Cluster 46
[INFO][2024-04-17 19:12:26] 问题：特长可以写无吗？
回答：可以写无，如果真的没有什么特长或者想突出其他方面，写无是可以的。
分类：新生入学准备
来源：../QA/QQ\南哪2022级咨询交流①群

[INFO][2024-04-17 19:12:26] 
Cluster 47
[INFO][2024-04-17 19:12:26] 问题：上传速度达不到视频监控要求是否影响分级考试？
回答：如果上传速度只是不达标，而其他条件符合，一般来说是可以参加考试的，具体要看学校的规定。
分类：学术交流活动
来源：../QA/QQ\南哪2022级咨询交流①群

[INFO][2024-04-17 19:12:26] 问题：考试视频监控上传速度不够严重吗？
回答：问题不大。
分类：技术问题
来源：../QA/QQ\南哪2022级咨询交流①群

[INFO][2024-04-17 19:12:26] 
Cluster 48
[INFO][2024-04-17 19:12:26] 问题：财务处自助平台登不上去是否正常？
回答：如果还未开学，财务处自助平台暂时无法登录可能是正常的，等系统更新或开学后通常就能访问。
分类：学习资源与课程通知
来源：../QA/QQ\南哪2022级咨询交流①群

[INFO][2024-04-17 19:12:26] 
Cluster 49
[INFO][2024-04-17 19:12:26] 问题：医保系统投保时间问题
回答：医保系统显示过了投保时间可能是因为系统更新或者新年度的保险还未开始，建议关注学校官方通知。
分类：其他
来源：../QA/QQ\南哪2022级咨询交流①群

[INFO][2024-04-17 19:12:26] 
Cluster 50
[INFO][2024-04-17 19:12:26] 问题：登录网盘上传作业步骤
回答：登录网盘后，通常选择文件上传即可，具体操作可能会因平台不同有所差异，可以查看平台的帮助文档或咨询管理员。
分类：学习资源与课程通知
来源：../QA/QQ\南哪2022级咨询交流①群

[INFO][2024-04-17 19:12:26] 
Cluster 51
[INFO][2024-04-17 19:12:26] 问题：为什么我下载不了adobe？
回答：你提到无法下载可能是由于权限问题或者没有正确挂上VPN。
分类：技术问题
来源：../QA/QQ\南哪2022级咨询交流①群

[INFO][2024-04-17 19:12:26] 问题：新生如何下载南京大学APP？
回答：你可以直接在群文件搜索南京大学app，会有apk文件，或者在AppStore搜索南京大学（注意区分版本），官方下载渠道可以在语雀问答中找到。
分类：学习资源与课程通知
来源：../QA/QQ\南哪23级本科①群

[INFO][2024-04-17 19:12:26] 
Cluster 52
[INFO][2024-04-17 19:12:26] 问题：南京学生需要重新申请社保卡吗？
回答：如果你已经有江苏省的三代社保卡，就不需要再申请；如果没有，就需要申请。
分类：新生入学准备
来源：../QA/QQ\南哪2022级咨询交流①群

[INFO][2024-04-17 19:12:26] 
Cluster 53
[INFO][2024-04-17 19:12:26] 问题：迎新系统里有心理测试答题吗？
回答：我们学校的迎新系统里没有心理测试答题部分，我确认过其他学校的同学提到的内容了。
分类：新生入学准备
来源：../QA/QQ\南哪2022级咨询交流①群

[INFO][2024-04-17 19:12:26] 问题：心理测试是什么时候进行？
回答：入学后的集体心理测试通常在新生报到期间进行。
分类：新生入学准备
来源：../QA/QQ\南哪2022级咨询交流①群

[INFO][2024-04-17 19:12:26] 
Cluster 54
[INFO][2024-04-17 19:12:26] 问题：四级只能大一下学期报考吗？
回答：是的，南大规定大一上学期不能考四级。
分类：学术交流活动
来源：../QA/QQ\南哪2022级咨询交流①群

[INFO][2024-04-17 19:12:26] 问题：四级考试是什么时候可以报名？
回答：四级考试通常在3月份报名，考试时间是6月份。
分类：学术交流活动
来源：../QA/QQ\南哪2022级咨询交流①群

[INFO][2024-04-17 19:12:26] 
Cluster 55
[INFO][2024-04-17 19:12:26] 问题：社会实践需要媒体报道吗？
回答：有些社会实践会被媒体报道，但并不是必需的。具体要求可以查看学校的相关规定。
分类：学术交流活动
来源：../QA/QQ\南哪2022级咨询交流①群

[INFO][2024-04-17 19:12:26] 
Cluster 56
[INFO][2024-04-17 19:12:26] 问题：为什么我没有权限进入某个网址？
回答：可能是这个网址设定了权限，或者之前群里的链接过期了。你可以尝试访问另一个链接：https://dafls.nju.edu.cn/e9/84/c13167a584068/page.htm，这是最新提供的链接。如果还是无法访问，可能是系统问题，建议联系技术支持。
分类：技术问题
来源：../QA/QQ\南哪2022级咨询交流①群

[INFO][2024-04-17 19:12:26] 问题：如何访问校外网络？
回答：接⼊校园网后，参照访问校外网络的相关指南，即可访问校外网络。
分类：学习资源与课程通知
来源：../QA/Documents/AAA需增添水印的新文件/校园网相关\南大宿舍校园网与路由器使用指南

[INFO][2024-04-17 19:12:26] 问题：如何检查我的校园网IPv6是否配置正确？
回答：你可以通过访问测速网站test 6.nju.edu.cn来测试IPv6的连接速度。如果能够成功测速，那就说明你的IPv6配置是正确的。
分类：技术问题
来源：../QA/Documents/AAA需增添水印的新文件/校园网相关\南大宿舍校园网与路由器使用指南

[INFO][2024-04-17 19:12:26] 问题：如何测试校园网的内网速度？
回答：你可以通过访问南大测速网站（test.nju.edu.cn）来测试内网的速度。此外，还可以切换到IPv 6模式（test 6.nju.edu.cn）进行测速，如果能成功，说明IPv 6配置正确。
分类：技术问题
来源：../QA/Documents/AAA需增添水印的新文件/校园网相关\南大宿舍校园网与路由器使用指南

[INFO][2024-04-17 19:12:26] 问题：如何访问校外网络？
回答：访问校外网络需要登录网络认证系统。IPv 6的网络请求目前不需要认证即可连接外网，但请注意，纯IPv 6访问可能并不普遍。
分类：技术问题
来源：../QA/Documents/AAA需增添水印的新文件/校园网相关\南大宿舍校园网与路由器使用指南

[INFO][2024-04-17 19:12:26] 问题：使用浏览器访问校外网站要注意什么？
回答：需要注意浏览器的搜索栏和地址栏的区别，确保在地址栏输入正确的网址来访问校外网络，而不是在搜索栏进行搜索。
分类：技术问题
来源：../QA/Documents/AAA需增添水印的新文件/校园网相关\南大宿舍校园网与路由器使用指南

[INFO][2024-04-17 19:12:26] 
Cluster 57
[INFO][2024-04-17 19:12:26] 问题：为什么显示相似度为0？
回答：这个问题可能是由于系统识别上的问题，可能是暂时的技术故障。如果持续遇到此类情况，可以确认是否是系统问题，或者稍后再试。骚瑞，就当无事发生。
分类：技术问题
来源：../QA/QQ\南哪2022级咨询交流①群

[INFO][2024-04-17 19:12:26] 问题：校园卡相似度多少可以接受
回答：校园卡的相似度可能指照片识别，通常只要能通过系统辨认就行，如果集体采集的照片变形，可能需要保证一定的清晰度。
分类：校园生活服务
来源：../QA/QQ\南哪23级本科①群

[INFO][2024-04-17 19:12:26] 
Cluster 58
[INFO][2024-04-17 19:12:26] 问题：新生邮箱的账号是什么？
回答：新生邮箱的账号是 @smail.nju.edu.cn，而不是学号@nju.edu.cn。
分类：新生入学准备
来源：../QA/QQ\南哪2022级咨询交流①群

[INFO][2024-04-17 19:12:26] 问题：新生邮箱的初始密码是什么？
回答：新生邮箱的初始密码是身份证号。
分类：新生入学准备
来源：../QA/QQ\南哪2022级咨询交流①群

[INFO][2024-04-17 19:12:26] 问题：新生邮箱信息会在什么时候录入？
回答：关于新生邮箱信息的录入时间，[2022-08-15 15:48:57](user_0023)提到不清楚，建议等待官方通知。
分类：新生入学准备
来源：../QA/QQ\南哪2022级咨询交流①群

[INFO][2024-04-17 19:12:26] 
Cluster 59
[INFO][2024-04-17 19:12:26] 问题：怎么使用学校下载的Office软件？
回答：学校下载的Office软件不需要登录微软账号，是通过校园网激活的。具体使用方法可以在itsc.nju.edu.cn上查找官方支持的账号信息。
分类：学习资源与课程通知
来源：../QA/QQ\南哪2022级咨询交流①群

[INFO][2024-04-17 19:12:26] 
Cluster 60
[INFO][2024-04-17 19:12:26] 问题：设备检测有问题怎么处理？
回答：对于设备检测问题，可以尝试更换设备或者插耳机试试。如果是软件问题，可以考虑换Google应用或者询问群里的技术人员。例如Mac的问题，可以尝试换平台。
分类：技术问题
来源：../QA/QQ\南哪2022级咨询交流①群

[INFO][2024-04-17 19:12:26] 
Cluster 61
[INFO][2024-04-17 19:12:26] 问题：南小宝网页无法打开是哪里的问题？
回答：南小宝网页无法打开可能是服务器或链接问题，其他人也可能遇到。404状态通常是找不到页面。建议去用户群询问技术人员或者检查是否输入了正确的网址。
分类：技术问题
来源：../QA/QQ\南哪2022级咨询交流①群

[INFO][2024-04-17 19:12:26] 
Cluster 62
[INFO][2024-04-17 19:12:26] 问题：新生如何购买火车票
回答：新生如果没带学生证，可以在APP里尝试展示录取通知书或者到人工窗口购票。官方说明可能允许直接购买。对于机票的要求，有些航空公司针对在读大学生有所优惠，但具体政策可能因航空公司而异。
分类：交通出行
来源：../QA/QQ\南哪2022级咨询交流①群

[INFO][2024-04-17 19:12:26] 
Cluster 63
[INFO][2024-04-17 19:12:26] 问题：机票购买政策针对大学生吗
回答：确实有些航空公司对在读大学生有优惠政策，但具体要求可能会有所不同，建议查看各航空公司的最新规定。
分类：交通出行
来源：../QA/QQ\南哪2022级咨询交流①群

[INFO][2024-04-17 19:12:26] 
Cluster 64
[INFO][2024-04-17 19:12:26] 问题：新生报道后在校园里通常做什么？
回答：可以四处逛逛，熟悉环境，比如认路、找到教室、辅导员办公室和信息中心等重要地方。还可以跟学长学姐交流，或者处理一些生活琐事，比如取快递和铺床。同时，南大学生需要关注如何登录南大VPN，可能会遇到短信验证的问题。
分类：新生入学准备
来源：../QA/QQ\南哪2022级咨询交流①群

[INFO][2024-04-17 19:12:26] 问题：如何在校园内使用无线网络?
回答：在校园内使用无线网络，首先要确保你处在学校的网络覆盖范围内，并且不需要使用南大VPN。如果你习惯用有线连接，确保插入正确的网线接口。如果需要访问校外网站，可以访问p.nju.edu.cn并登录开始计费。如果你打算使用自备路由器，需要搜索并连接到"NJU_WLAN"，然后按照提示进行设置。
分类：技术问题
来源：../QA/Documents/AAA需增添水印的新文件/校园网相关\南大宿舍校园网与路由器使用指南

[INFO][2024-04-17 19:12:26] 问题：如何在校内使用无线网络？
回答：在校内使用无线网络，首先需要确保你不需要使用南大VP N。搜索并连接到名为"N J U _ W L A N"的无线网络，然后按照提示进行登录。如果需要访问校外网站，可以先访问p.nju.edu.cn并登录，计费开始后即可正常浏览。如果你选择使用自备路由器，要确保路由器配置正确。
分类：技术问题
来源：../QA/Documents/AAA需增添水印的新文件/校园网相关\南大宿舍校园网与路由器使用指南

[INFO][2024-04-17 19:12:26] 
Cluster 65
[INFO][2024-04-17 19:12:26] 问题：从北门进学校有志愿者帮忙吗？
回答：有的，志愿者会在学校北门提供帮助搬运行李。
分类：新生入学准备
来源：../QA/QQ\南哪23级本科①群

[INFO][2024-04-17 19:12:26] 
Cluster 66
[INFO][2024-04-17 19:12:26] 问题：辅导员通常如何通知事项？
回答：辅导员通常通过官方书院群进行通知，开学前可能会有线上会议告知相关信息。
分类：学习资源与课程通知
来源：../QA/QQ\南哪23级本科①群

[INFO][2024-04-17 19:12:26] 问题：我应该在哪里查看关于工行卡统一开卡失败的通知？
回答：如果工行卡没有成功开通，关注财务处公众号并等待他们的官方通知是解决问题的关键，他们可能会在那里提供后续步骤。
分类：学习资源与课程通知
来源：../QA/QQ\南哪23级本科①群

[INFO][2024-04-17 19:12:26] 
Cluster 67
[INFO][2024-04-17 19:12:26] 问题：被书院群移除怎么办？
回答：如果被移除，尝试修改群名片并联系辅导员申诉，他们可以帮助处理加入问题。
分类：其他
来源：../QA/QQ\南哪23级本科①群

[INFO][2024-04-17 19:12:26] 
Cluster 68
[INFO][2024-04-17 19:12:26] 问题：红黑榜在哪里查看？
回答：现在只有拔尖和综评的录取信息公布，红黑榜可能还没出来或者不需要立即查看，选课时会有同学分享相关信息。
分类：新生入学准备
来源：../QA/QQ\南哪23级本科①群

[INFO][2024-04-17 19:12:26] 问题：开学时间官方通知在哪里查看？
回答：开学时间通常会在官方通知中发布，如果有小道消息，可能会有讨论，但最终还是建议等待官方通知，我们在问答里会更新相关信息。
分类：新生入学准备
来源：../QA/QQ\南哪23级本科①群

[INFO][2024-04-17 19:12:26] 
Cluster 69
[INFO][2024-04-17 19:12:26] 问题：仙林食堂怎么样？
回答：仙林食堂一般认为还可以，比鼓楼的要好一些，价格小贵，可以偶尔改善伙食，但菜量偏少。一些建议和评价可以在群里找到，如推荐一食堂铁板饭和偶尔尝试外卖。
分类：校园生活服务
来源：../QA/QQ\南哪23级本科①群

[INFO][2024-04-17 19:12:26] 问题：南大食堂评价如何?
回答：评价普遍负面，有提到难吃、有食物质量问题，建议尝试校外餐馆或者自己做饭。
分类：校园生活服务
来源：../QA/QQ\南哪23级本科①群

[INFO][2024-04-17 19:12:26] 
Cluster 70
[INFO][2024-04-17 19:12:26] 问题：大一新生住宿安排是怎样的？
回答：大一新生通常在鼓楼，床铺可以到学校购买，也可以自己网购寄过去，但注意仙林和鼓楼的床尺寸可能不同，具体信息会在新生群公布。床帘建议到达后再买。
分类：新生入学准备
来源：../QA/QQ\南哪23级本科①群

[INFO][2024-04-17 19:12:26] 
Cluster 71
[INFO][2024-04-17 19:12:26] 问题：有没有靠谱的民间新生咨询群或者社团群？
回答：我没有见过靠谱的民间新生咨询群或社团群，通常是一些中介性质的群组。
分类：课余活动与社团活动
来源：../QA/QQ\南哪23级本科①群

[INFO][2024-04-17 19:12:26] 
Cluster 72
[INFO][2024-04-17 19:12:26] 问题：今年数理科学类招生人数是多少？
回答：理科试验班（数理科学类）不算西藏和港澳台是250个人，但这个数字不包括拔尖和强基计划的学生。
分类：新生入学准备
来源：../QA/QQ\南哪23级本科①群

[INFO][2024-04-17 19:12:26] 问题：选课会不会有问题？
回答：由于提到的招生情况，虽然理科试验班人数较少，但预计选课时不会出现太大问题，因为已经考虑到了这些因素。
分类：学习资源与课程通知
来源：../QA/QQ\南哪23级本科①群

[INFO][2024-04-17 19:12:26] 
Cluster 73
[INFO][2024-04-17 19:12:26] 问题：今年数理专业受到招生影响了吗？
回答：江苏今年数理科学类招生大幅度减少，去年收了80个，今年只有50个。
分类：新生入学准备
来源：../QA/QQ\南哪23级本科①群

[INFO][2024-04-17 19:12:26] 问题：今年基础学科招生情况怎么样？
回答：今年可能是由于综评的原因，基础学科招生不理想，比如数学人少，之前江苏数理大类的录取人数减少了大约一半。
分类：新生入学准备
来源：../QA/QQ\南哪23级本科①群

[INFO][2024-04-17 19:12:26] 
Cluster 74
[INFO][2024-04-17 19:12:26] 问题：今年有新增的专业吗？
回答：是的，今年新开设了一个大气相关的专业，可能部分名额被这个专业占据了。
分类：新生入学准备
来源：../QA/QQ\南哪23级本科①群

[INFO][2024-04-17 19:12:26] 
Cluster 75
[INFO][2024-04-17 19:12:26] 问题：户口所在地具体到哪一级
回答：户口所在地通常需要具体到乡镇或农村，查看户口本上的详细信息来确定。
分类：新生入学准备
来源：../QA/QQ\南哪23级本科①群

[INFO][2024-04-17 19:12:26] 
Cluster 76
[INFO][2024-04-17 19:12:26] 问题：社会关系怎么填写
回答：社会关系可以写家里亲戚的信息，如果不清楚具体细节，询问父母会更准确。
分类：新生入学准备
来源：../QA/QQ\南哪23级本科①群

[INFO][2024-04-17 19:12:26] 问题：乘车区间如何填写
回答：填写你家所在的城市，为了方便购买火车学生票，可以选择具体到你家所在的地区，不必纠结于具体车站名称。
分类：新生入学准备
来源：../QA/QQ\南哪23级本科①群

[INFO][2024-04-17 19:12:26] 问题：新学校所在详细地址怎么填？
回答：地址应填写为江苏省南京市鼓楼校区，这是官方给出的地址，具体填写格式可能会有提示，确保信息准确无误。
分类：新生入学准备
来源：../QA/QQ\南哪23级本科①群

[INFO][2024-04-17 19:12:26] 问题：化学生物班是否需要填写才能调剂?
回答：具体不清楚，建议咨询最新的招生政策或相关部门。
分类：新生入学准备
来源：../QA/QQ\南哪23级本科①群

[INFO][2024-04-17 19:12:26] 
Cluster 77
[INFO][2024-04-17 19:12:26] 问题：宿舍问卷调查为什么提交时显示操作失败？
回答：可能是常见的一些bug，尝试切换网络或者多次提交看看。
分类：技术问题
来源：../QA/QQ\南哪23级本科①群

[INFO][2024-04-17 19:12:26] 
Cluster 78
[INFO][2024-04-17 19:12:26] 问题：这个截图保存就可以了吗？
回答：具体操作看系统要求，如果有明确指示，保存即可。
分类：其他
来源：../QA/QQ\南哪23级本科①群

[INFO][2024-04-17 19:12:26] 
Cluster 79
[INFO][2024-04-17 19:12:26] 问题：班级群怎么进？
回答：群文件里有群号，如果长时间未入群可能是辅导员还未放人，可以联系辅导员。
分类：课余活动与社团活动
来源：../QA/QQ\南哪23级本科①群

[INFO][2024-04-17 19:12:26] 
Cluster 80
[INFO][2024-04-17 19:12:26] 问题：报道时候家长能进去看看吗？
回答：去年不允许，不清楚今年政策，建议咨询最新通知或学长学姐。
分类：新生入学准备
来源：../QA/QQ\南哪23级本科①群

[INFO][2024-04-17 19:12:26] 
Cluster 81
[INFO][2024-04-17 19:12:26] 问题：现在需要私加辅导员吗？
回答：这取决于个人需求，可能有些情况下需要，但也可以等待官方安排。
分类：其他
来源：../QA/QQ\南哪23级本科①群

[INFO][2024-04-17 19:12:26] 
Cluster 82
[INFO][2024-04-17 19:12:26] 问题：南哪频道加入失败怎么办？
回答：如果你加入南哪频道失败，可以尝试加其他频道，如果可以再申请。部分QQ可能没有开放频道功能，需要检查并确认。
分类：技术问题
来源：../QA/QQ\南哪23级本科①群

[INFO][2024-04-17 19:12:26] 
Cluster 83
[INFO][2024-04-17 19:12:26] 问题：通知书单号在哪里查询？
回答：可以在bkzs.nju.edu.cn这个网址查询学号和通知书单号。
分类：新生入学准备
来源：../QA/QQ\南哪23级本科①群

[INFO][2024-04-17 19:12:26] 问题：为什么有的同学已经拿到通知书而有的还没？
回答：通常录取通知书会攒一段时间再寄出，所以有的人可能会晚一些收到。比如有的地方省内要到8月份才能拿到，而有的地方像南京的同学已经拿到了。[2023-07-15 17:59:31](user_0041): 湖南表示我的预计是17号送达；[2023-07-15 18:07:23](user_0037): 强基的，估计明天就到了。
分类：新生入学准备
来源：../QA/QQ\南哪23级本科①群

[INFO][2024-04-17 19:12:26] 问题：浙江强基的通知书会一次性送吗？
回答：这个问题没有明确答案，[2023-07-15 18:55:29](user_0049): 反正比较慢，我是15附近出的结果，好像二十几号才有通知书来着，可能需要具体询问学校或查看最新通知。
分类：新生入学准备
来源：../QA/QQ\南哪23级本科①群

[INFO][2024-04-17 19:12:26] 问题：通知书单号在哪里查询？
回答：你可以通过登录bkzs.nju.edu.cn进行录取查询，获取你的学号和通知书单号。
分类：新生入学准备
来源：../QA/QQ\南哪23级本科①群

[INFO][2024-04-17 19:12:26] 
Cluster 84
[INFO][2024-04-17 19:12:26] 问题：高考报名时填的内容是什么
回答：高考报名时可能填写个人信息、志愿等，具体问题可能涉及奖励或某个表格的填写，但这里没有明确提及具体内容。
分类：新生入学准备
来源：../QA/QQ\南哪23级本科①群

[INFO][2024-04-17 19:12:26] 
Cluster 85
[INFO][2024-04-17 19:12:26] 问题：学费和学杂费怎么交
回答：学费和学杂费通常是一起通过银行自动扣款的，确保你的银行卡里有足够的钱即可。
分类：新生入学准备
来源：../QA/QQ\南哪23级本科①群

[INFO][2024-04-17 19:12:26] 
Cluster 86
[INFO][2024-04-17 19:12:26] 问题：住宿费为什么有区间
回答：住宿费区间反映了不同宿舍条件的差异，一般来说，学校会提供不同标准的宿舍供选择，费用也因此有所不同。
分类：新生入学准备
来源：../QA/QQ\南哪23级本科①群

[INFO][2024-04-17 19:12:26] 
Cluster 87
[INFO][2024-04-17 19:12:26] 问题：团关系转入怎么填写？
回答：具体的填写方法可能在学校的迎新指南或者官方网站上有说明，建议你查阅一下相关通知或咨询负责此事的教务部门。
分类：新生入学准备
来源：../QA/QQ\南哪23级本科①群

[INFO][2024-04-17 19:12:26] 
Cluster 88
[INFO][2024-04-17 19:12:26] 问题：课程类别中的‘通修’‘选修’‘平台’‘核心’有什么区别？
回答：通修课程通常包括思政、数学、体育等基础课程，非专业性；选修分为专业选修和公共选修，你可以选择；平台和核心课程通常是专业必修课。具体要求需要参照你的培养方案。
分类：学习资源与课程通知
来源：../QA/QQ\南哪23级本科①群

[INFO][2024-04-17 19:12:26] 
Cluster 89
[INFO][2024-04-17 19:12:26] 问题：这个能填吗？
回答：不能填，填了等于没填。（user_0139）
分类：新生入学准备
来源：../QA/QQ\南哪23级本科①群

[INFO][2024-04-17 19:12:26] 
Cluster 90
[INFO][2024-04-17 19:12:26] 问题：我可以不填绿色通道吗？
回答：可以不填，其它的等开了再填。别急。（user_0044）
分类：新生入学准备
来源：../QA/QQ\南哪23级本科①群

[INFO][2024-04-17 19:12:26] 
Cluster 91
[INFO][2024-04-17 19:12:26] 问题：大二分流到哪个学院?
回答：大二分流到法学、政管、国关、社会和信管五个学院，大一在鼓楼，大二去仙林。
分类：新生入学准备
来源：../QA/QQ\南哪23级本科①群

[INFO][2024-04-17 19:12:26] 
Cluster 92
[INFO][2024-04-17 19:12:26] 问题：建筑与规划实验班怎么样?
回答：信息不够明确，可以询问商院同学或关注23行知群的学长学姐了解详细情况。
分类：学术交流活动
来源：../QA/QQ\南哪23级本科①群

[INFO][2024-04-17 19:12:26] 
Cluster 93
[INFO][2024-04-17 19:12:26] 问题：微信公众号上的财务自助密码是什么？
回答：初次登录财务自助系统的密码可能是与工行卡相关的，但具体信息需要财务处的通知，建议关注财务处的公众号获取最新动态。
分类：学习资源与课程通知
来源：../QA/QQ\南哪23级本科①群

[INFO][2024-04-17 19:12:26] 问题：我应该如何保护自己的WiFi后台管理不被他人修改设置？
回答：除了设置WiFi连接的密码，你还需要修改后台管理员的密码，以防止他人登录并修改你的设置。
分类：技术问题
来源：../QA/Documents/AAA需增添水印的新文件/校园网相关\南大宿舍校园网与路由器使用指南

[INFO][2024-04-17 19:12:26] 
Cluster 94
[INFO][2024-04-17 19:12:26] 问题：南哪词表助手是什么？
回答：词表助手是一种可能用于语言学习或词汇管理的应用程序，但具体操作方式我没有详细信息。如果下载后没有反应，可能是安装或使用上有问题，建议检查是否按照说明进行操作或者联系开发者解决。
分类：学习资源与课程通知
来源：../QA/QQ\南哪23级本科①群

[INFO][2024-04-17 19:12:26] 
Cluster 95
[INFO][2024-04-17 19:12:26] 问题：南京有没有大型的kokuyo专卖店？
回答：有，但离鼓楼大约6公里，地铁不便，可以乘坐公交车，大约需要半小时。不过也可以考虑网购，因为一般文具店也可能有国誉的产品。
分类：交通出行
来源：../QA/QQ\南哪23级本科①群

[INFO][2024-04-17 19:12:26] 
Cluster 96
[INFO][2024-04-17 19:12:26] 问题：如何在电脑端避免操作错误？
回答：在电脑端进行操作时，可以参考正确的示例，避免出现下方列出的错误情况。比如，确保按照正确的步骤操作，仔细核对输入的信息，遵循界面提示等。
分类：技术问题
来源：../QA/Documents/AAA需增添水印的新文件/校园网相关\南大宿舍校园网与路由器使用指南

[INFO][2024-04-17 19:12:26] 
Cluster 97
[INFO][2024-04-17 19:12:26] 问题：如果我已经犯了错误，如何进行修正？
回答：无答案
分类：技术问题
来源：../QA/Documents/AAA需增添水印的新文件/校园网相关\南大宿舍校园网与路由器使用指南

[INFO][2024-04-17 19:12:26] 
Cluster 98
[INFO][2024-04-17 19:12:26] 问题：如何检查Windows 10的网络设置是否为自动获取IP地址？
回答：在Windows 10系统中，你可以通过以下步骤检查网络设置是否设置为“自动获取IP地址”：首先，打开“设置”，然后选择“网络和Internet”->“以太网”。在右侧或新界面中，找到连接的网络（例如“网络 x”），确保“IP设置”一栏的“IP分配”显示为“自动（DHCP）”。
分类：技术问题
来源：../QA/Documents/AAA需增添水印的新文件/校园网相关\南大宿舍校园网与路由器使用指南

[INFO][2024-04-17 19:12:26] 问题：LAN口连接路由器后如何使用南大校园网？
回答：使用LAN口连接路由器时，路由器不需要额外设置，但连接路由器的设备需要设置为“自动获取IP地址（DHCP）”。
分类：技术问题
来源：../QA/Documents/AAA需增添水印的新文件/校园网相关\南大宿舍校园网与路由器使用指南

[INFO][2024-04-17 19:12:26] 问题：如果网线连接后无法正常接入校园网，应该检查什么?
回答：应检查系统的网络设置是否已设置为“自动获取IP地址”。
分类：技术问题
来源：../QA/Documents/AAA需增添水印的新文件/校园网相关\南大宿舍校园网与路由器使用指南

[INFO][2024-04-17 19:12:26] 
Cluster 99
[INFO][2024-04-17 19:12:26] 问题：如何物理接入南大校园网络？
回答：物理接入南大校园网络主要有两种方式：一是采用网线直连的方式，直接将电脑通过网线连接到网络接口；二是使用路由器，先将路由器正确连接到网络接口，然后设备再通过Wi-Fi或有线连接到路由器。记得选择支持IPv6并适合校园网的路由器哦。
分类：技术问题
来源：../QA/Documents/AAA需增添水印的新文件/校园网相关\南大宿舍校园网与路由器使用指南

[INFO][2024-04-17 19:12:26] 问题：如何获得IPv6地址？
回答：使用网线直连校园网可以直接获得IPv6地址，但使用路由器时需确保路由器支持IPv6功能。
分类：学习资源与课程通知
来源：../QA/Documents/AAA需增添水印的新文件/校园网相关\南大宿舍校园网与路由器使用指南

[INFO][2024-04-17 19:12:26] 问题：哪些品牌的路由器不支持校园网IPv6？
回答：小米/红米路由器、华为/荣耀路由器通常不支持校园网IPv6。但需要注意的是，华为/荣耀的部分新款路由器据称已能正常使用南京大学教育网IPv6，不过仍有一些用户反馈存在问题，购买时需谨慎。
分类：技术问题
来源：../QA/Documents/AAA需增添水印的新文件/校园网相关\南大宿舍校园网与路由器使用指南

[INFO][2024-04-17 19:12:26] 问题：哪些路由器不支持校园网IPv6？
回答：小米/红米路由器、华为/荣耀路由器通常不支持校园网IPv6。但需要注意的是，华为/荣耀的部分新款路由器据称已能正常使用南京大学教育网IPv6，不过也有同学反映仍有问题，建议谨慎购买。
分类：技术问题
来源：../QA/Documents/AAA需增添水印的新文件/校园网相关\南大宿舍校园网与路由器使用指南

[INFO][2024-04-17 19:12:26] 问题：哪些路由器品牌不支持校园网IPv6？
回答：小米/红米路由器、华为/荣耀路由器通常不支持校园网IPv6。但据2022年3月3日更新的信息，华为/荣耀的部分新款路由器可能已能正常使用南京大学教育网IPv6，不过仍存在一些同学反馈无法连接，建议谨慎购买。
分类：技术问题
来源：../QA/Documents/AAA需增添水印的新文件/校园网相关\南大宿舍校园网与路由器使用指南

[INFO][2024-04-17 19:12:26] 问题：如何提升校园网上网体验？
回答：为了获得更好的校园网上网体验，你可以确保使用超五类以上的网线，以及具有千兆WAN口的路由器。同时，选择支持IPv6的路由器也很重要。
分类：技术问题
来源：../QA/Documents/AAA需增添水印的新文件/校园网相关\南大宿舍校园网与路由器使用指南

[INFO][2024-04-17 19:12:26] 
Cluster 100
[INFO][2024-04-17 19:12:26] 问题：如何登录路由器后台进行网络设置？
回答：通常需要通过连接路由器默认的WiFi或用电脑通过LAN口连接路由器，然后在浏览器输入后台管理登录地址，使用提供的账户和密码登录。
分类：技术问题
来源：../QA/Documents/AAA需增添水印的新文件/校园网相关\南大宿舍校园网与路由器使用指南

[INFO][2024-04-17 19:12:26] 
Cluster 101
[INFO][2024-04-17 19:12:26] 问题：如何设置路由器以访问校园网?
回答：通常情况下，路由器默认设置为“自动获取IP地址（DHCP）”，所以不需要额外的配置，直接连接即可使用。但连接到路由器的设备需要设置为“自动获取IP地址（DHCP）”。如果你的路由器有配套的APP，使用APP进行配置可能会更方便。
分类：技术问题
来源：../QA/Documents/AAA需增添水印的新文件/校园网相关\南大宿舍校园网与路由器使用指南

[INFO][2024-04-17 19:12:26] 问题：哪些路由器支持校园网IPv6？
回答：网件路由器（原版固件）、TP-Link路由器以及使用OpenWRT/Padavan固件的路由器通常支持校园网IPv6。而华硕、梅林固件、小米/红米、华为/荣耀的路由器通常不支持。
分类：技术问题
来源：../QA/Documents/AAA需增添水印的新文件/校园网相关\南大宿舍校园网与路由器使用指南

[INFO][2024-04-17 19:12:26] 问题：路由器应该选择哪种频段以获得最佳速度？
回答：在宿舍内，如果想要获得最大速度，建议较新的设备连接到5GHz频段，因为这个频段通常提供更快的网速。如果路由器开启了双频合一，设备会自动切换到最合适的频段。
分类：技术问题
来源：../QA/Documents/AAA需增添水印的新文件/校园网相关\南大宿舍校园网与路由器使用指南

[INFO][2024-04-17 19:12:26] 问题：如何设置路由器以实现最优的网络性能？
回答：首先，要仔细查看路由器上的贴纸、按钮和插口，同时阅读说明书了解具体操作步骤。确保了解不同频段的特性，根据设备支持的情况选择连接5GHz或2.4GHz频段。
分类：技术问题
来源：../QA/Documents/AAA需增添水印的新文件/校园网相关\南大宿舍校园网与路由器使用指南

[INFO][2024-04-17 19:12:26] 
Cluster 102
[INFO][2024-04-17 19:12:26] 问题：如何避免买到库存或翻新的路由器？
回答：除非必要，建议直接使用学校提供的NJU-WLAN接入校园网，这样可以避免购买可能存在的库存或翻新路由器的风险。
分类：新生入学准备
来源：../QA/Documents/AAA需增添水印的新文件/校园网相关\南大宿舍校园网与路由器使用指南

[INFO][2024-04-17 19:12:26] 
Cluster 103
[INFO][2024-04-17 19:12:26] 问题：在宿舍安装路由器有什么好处？
回答：在宿舍安装路由器可以方便地管理网络设备，便于设备间传输文件，还能通过合理规划节省通讯成本，为宿舍增添一些‘智能’功能。
分类：新生入学准备
来源：../QA/Documents/AAA需增添水印的新文件/校园网相关\南大宿舍校园网与路由器使用指南

[INFO][2024-04-17 19:12:26] 问题：如果全宿舍共享一个路由器，每月的平均费用大约是多少？
回答：如果全宿舍共享一个路由器，理论上每月最多需要4.8元的资费。
分类：其他
来源：../QA/Documents/AAA需增添水印的新文件/校园网相关\南大宿舍校园网与路由器使用指南

[INFO][2024-04-17 19:12:26] 
Cluster 104
[INFO][2024-04-17 19:12:26] 问题：关于路由器的选择，需要注意哪些方面？
回答：选择路由器时，需要注意其性能、覆盖范围、连接设备的数量以及是否支持你的网络需求。确保它能满足你的日常使用和宿舍共享的需求。
分类：技术问题
来源：../QA/Documents/AAA需增添水印的新文件/校园网相关\南大宿舍校园网与路由器使用指南

[INFO][2024-04-17 19:12:26] 
Cluster 105
[INFO][2024-04-17 19:12:26] 问题：校园网的计费方式是怎样的？
回答：校园网的计费是基于路由器的，一旦你登录一次，只要路由器保持开启状态，它就会一直被认为是在线并被计费，除非你自己选择登出。这意味着，即使有多台设备连接到同一个路由器，网络接入认证系统也只会看到路由器这一个设备。
分类：技术问题
来源：../QA/Documents/AAA需增添水印的新文件/校园网相关\南大宿舍校园网与路由器使用指南

[INFO][2024-04-17 19:12:26] 问题：对于IPv6的理解正确吗？
回答：IPv6是一种较新的IP协议，它能够为每个设备分配独立的地址，尽管它已经有25年的历史了。
分类：技术问题
来源：../QA/Documents/AAA需增添水印的新文件/校园网相关\南大宿舍校园网与路由器使用指南

[INFO][2024-04-17 19:12:26] 问题：学校网络计费方式是什么？
回答：学校网络计费是按所有设备累计在线时间计算的。例如，两个设备同时在线，180小时的免费时长会在90小时后用完。
分类：技术问题
来源：../QA/Documents/AAA需增添水印的新文件/校园网相关\南大宿舍校园网与路由器使用指南

[INFO][2024-04-17 19:12:26] 
Cluster 106
[INFO][2024-04-17 19:12:26] 问题：使用LAN口连接路由器会怎样？
回答：使用LAN口连接路由器，路由器会充当交换机的角色，所有连接到路由器的设备都会获得校园内网的IP地址。对于不支持IPv6的路由器，也可以通过这种方式使用IPv6。而且，每个连接到路由器的设备会被视为独立的设备，各自进行在线计费。
分类：技术问题
来源：../QA/Documents/AAA需增添水印的新文件/校园网相关\南大宿舍校园网与路由器使用指南

[INFO][2024-04-17 19:12:26] 
Cluster 107
[INFO][2024-04-17 19:12:26] 问题：路由器的WAN口应该具备什么条件才能充分利用学校网络？
回答：路由器的WAN口应该是千兆接口，这样可以确保充分利用学校的千兆接入。
分类：技术问题
来源：../QA/Documents/AAA需增添水印的新文件/校园网相关\南大宿舍校园网与路由器使用指南

[INFO][2024-04-17 19:12:26] 问题：路由器的其他接口有何建议？
回答：路由器的其他接口最好也是千兆接口，并且无线速率越高越好。
分类：技术问题
来源：../QA/Documents/AAA需增添水印的新文件/校园网相关\南大宿舍校园网与路由器使用指南

[INFO][2024-04-17 19:12:26] 问题：南大校园网WAN口连接如何设置？
回答：确保路由器的“外网（WAN）连接设置”选择“自动获取IP地址（DHCP）”，大多数路由器默认就是这样设置的，这样就能正常访问校园网了。
分类：技术问题
来源：../QA/Documents/AAA需增添水印的新文件/校园网相关\南大宿舍校园网与路由器使用指南

[INFO][2024-04-17 19:12:26] 问题：路由器的WAN口应该具备什么条件才能充分利用学校的网络接入？
回答：路由器的WAN口应该是千兆接口，这样能确保完全利用学校的千兆接入。
分类：技术问题
来源：../QA/Documents/AAA需增添水印的新文件/校园网相关\南大宿舍校园网与路由器使用指南

[INFO][2024-04-17 19:12:26] 问题：路由器的其他接口有什么要求？
回答：路由器的其他接口最好是千兆接口，并且无线速率越高越好。
分类：技术问题
来源：../QA/Documents/AAA需增添水印的新文件/校园网相关\南大宿舍校园网与路由器使用指南

[INFO][2024-04-17 19:12:26] 
Cluster 108
[INFO][2024-04-17 19:12:26] 问题：目前推荐的无线标准是什么？
回答：目前推荐的无线标准至少是WiFi 5（802.11ac），部分新品支持WiFi 6（802.11ax），它们具有更好的传输速度和信号稳定性。
分类：技术问题
来源：../QA/Documents/AAA需增添水印的新文件/校园网相关\南大宿舍校园网与路由器使用指南

[INFO][2024-04-17 19:12:26] 问题：新的无线标准有哪些优势？
回答：新的无线标准如WiFi 5（802.11ac）和WiFi 6（802.11ax）提供更好的传输速度和信号稳定性。
分类：技术问题
来源：../QA/Documents/AAA需增添水印的新文件/校园网相关\南大宿舍校园网与路由器使用指南

[INFO][2024-04-17 19:12:26] 问题：宿舍区的无线网络情况如何？
回答：宿舍区已经部署了NJU-WLAN接⼊点，使用了WiFi 6技术，但速度可能未达到该标准。若遇到连接问题，应确保IP获取方式为自动（DHCP），若仍无法解决，可联系ITSC进行上门检修。
分类：校园生活服务
来源：../QA/Documents/AAA需增添水印的新文件/校园网相关\南大宿舍校园网与路由器使用指南

[INFO][2024-04-17 19:12:26] 问题：部分路由器的专有协议有何优势？
回答：部分路由器如华为的WiFi 6 +模式，能对自家品牌的设备提供更强的性能支持，比如只支持华为手机。选择时可以考虑与自己手机电脑品牌一致的路由器。
分类：技术问题
来源：../QA/Documents/AAA需增添水印的新文件/校园网相关\南大宿舍校园网与路由器使用指南

[INFO][2024-04-17 19:12:26] 
Cluster 109
[INFO][2024-04-17 19:12:26] 问题：如果我习惯用有线连接，应该怎么做呢？
回答：如果你习惯使用有线上网，只需要确保插对了网线接口，通常学校会提供相应的接口供学生使用。
分类：技术问题
来源：../QA/Documents/AAA需增添水印的新文件/校园网相关\南大宿舍校园网与路由器使用指南

[INFO][2024-04-17 19:12:26] 
Cluster 110
[INFO][2024-04-17 19:12:26] 问题：学校推荐使用哪种方式接入校园网？
回答：学校推荐直接使用NJU-WLAN接入校园网，但实际体验可能会受到信号与空间位置的影响。
分类：技术问题
来源：../QA/Documents/AAA需增添水印的新文件/校园网相关\南大宿舍校园网与路由器使用指南

[INFO][2024-04-17 19:12:26] 问题：如何在Windows 10上设置NJU-WLAN连接?
回答：在Windows 10中，你需要打开“设置”，然后选择“网络和Internet”->“WLAN”。在右侧或新界面中找到“NJU-WLAN”，确保“随机硬件地址”一栏的“对此网络使用随机地址”设置为“关”。参照此步骤操作即可。
分类：技术问题
来源：../QA/Documents/AAA需增添水印的新文件/校园网相关\南大宿舍校园网与路由器使用指南

[INFO][2024-04-17 19:12:26] 问题：如何在iOS设备上关闭NJU-WLAN的私有地址选项?
回答：在iOS设备上，进入“设置”，选择“无线局域网”，点击“NJU-WLAN”右侧的“i”按钮，确保“私有地址”选项是关闭状态。
分类：技术问题
来源：../QA/Documents/AAA需增添水印的新文件/校园网相关\南大宿舍校园网与路由器使用指南

[INFO][2024-04-17 19:12:26] 问题：如何在MIUI 12上设置WLAN连接NJU-WLAN时使用设备MAC地址？
回答：在MIUI 12系统中，你可以通过以下步骤设置WLAN连接NJU-WLAN时使用设备MAC地址：
1. 打开手机的设置菜单。
2. 选择"WLAN"选项。
3. 点击"NJU-WLAN"旁边的箭头进入详情页面。
4. 在详情页中，找到并确保"隐私"选项已设置为"使用设备MAC"。
这样设置后，你的设备将以设备MAC地址连接到NJU-WLAN网络。
分类：技术问题
来源：../QA/Documents/AAA需增添水印的新文件/校园网相关\南大宿舍校园网与路由器使用指南

[INFO][2024-04-17 19:12:26] 问题：如果使用校园网的频率不高，应该怎么做?
回答：可以使用网线直接连接网络接口，通常不需要额外设置就能接入校园网。如果无线网络NJU-WLAN普及，也可以不使用网线。
分类：新生入学准备
来源：../QA/Documents/AAA需增添水印的新文件/校园网相关\南大宿舍校园网与路由器使用指南

[INFO][2024-04-17 19:12:26] 问题：NJU-WLAN信号与什么有关？
回答：NJU-WLAN信号与空间位置有关，实际体验可能会因地点不同而有所差异。
分类：校园生活服务
来源：../QA/Documents/AAA需增添水印的新文件/校园网相关\南大宿舍校园网与路由器使用指南

[INFO][2024-04-17 19:12:26] 问题：如何检查是否成功接入了校园网?
回答：如果你能成功获取到非169开头的IP地址，那就说明已经成功接入了校园网。你可以通过访问南大测速网站（test.nju.edu.cn）进行网络速度测试，来验证连接内网的功能。
分类：校园生活服务
来源：../QA/Documents/AAA需增添水印的新文件/校园网相关\南大宿舍校园网与路由器使用指南

[INFO][2024-04-17 19:12:26] 
Cluster 111
[INFO][2024-04-17 19:12:26] 问题：对于macOS用户，是否需要设置NJU-WLAN连接?
回答：macOS用户目前不需要进行设置，因为macOS暂时还不能使用随机MAC地址。
分类：技术问题
来源：../QA/Documents/AAA需增添水印的新文件/校园网相关\南大宿舍校园网与路由器使用指南

[INFO][2024-04-17 19:12:26] 问题：如何在macOS上设置自动获取IP地址？
回答：在macOS上，你可以通过以下步骤设置自动获取IP地址：首先，打开“系统偏好设置”，然后点击“网络”。在左侧的列表中选择“以太网”，接着在右侧找到“配置IPv4”部分，选择“使用DHCP”。这样系统就会从网络服务器自动获取IP地址了。
分类：技术问题
来源：../QA/Documents/AAA需增添水印的新文件/校园网相关\南大宿舍校园网与路由器使用指南

[INFO][2024-04-17 19:12:26] 
Cluster 112
[INFO][2024-04-17 19:12:26] 问题：如果宿舍的网口有问题，应该找哪个部门维修？
回答：如果遇到墙壁上的网口损坏或未安装的情况，应联系学校的信息化建设管理服务中心（ITSC），他们会进行上门检修。
分类：新生入学准备
来源：../QA/Documents/AAA需增添水印的新文件/校园网相关\南大宿舍校园网与路由器使用指南

[INFO][2024-04-17 19:12:26] 
Cluster 113
[INFO][2024-04-17 19:12:26] 问题：哪种类型的网线适合连接宿舍的网络接口?
回答：推荐购买超五类（CAT 5e）级别或以上的网线，以确保最佳的网络质量。
分类：新生入学准备
来源：../QA/Documents/AAA需增添水印的新文件/校园网相关\南大宿舍校园网与路由器使用指南

[INFO][2024-04-17 19:12:26] 
Cluster 114
[INFO][2024-04-17 19:12:26] 问题：如何获取学术交流活动的信息？
回答：学术交流活动的信息通常会通过学校官网、教务处通知、邮件列表或者学术部门的公告板发布。建议关注学校的官方网站和官方社交媒体平台，以及加入相关的学术群组或邮件列表，以便及时获取最新活动信息。
分类：学术交流活动
来源：../QA/Documents/AAA需增添水印的新文件/校园网相关\南大宿舍校园网与路由器使用指南

[INFO][2024-04-17 19:12:26] 
Cluster 115
[INFO][2024-04-17 19:12:26] 问题：如果我不清楚路由器参数，应该怎么做？
回答：如果你看不懂路由器的参数列表，可以加入互助群（公众号：nju-itxia，后台发送关键词“互助群”），向群里的懂行群友咨询意见。
分类：其他
来源：../QA/Documents/AAA需增添水印的新文件/校园网相关\南大宿舍校园网与路由器使用指南

[INFO][2024-04-17 19:12:26] 
Cluster 116
[INFO][2024-04-17 19:12:26] 问题：路由器上的WAN接口有什么作用？
回答：WAN接口通常用于连接外部网络，比如宽带接入，它可以让路由器从网络服务提供商那里获取一个内网IP地址。
分类：技术问题
来源：../QA/Documents/AAA需增添水印的新文件/校园网相关\南大宿舍校园网与路由器使用指南

[INFO][2024-04-17 19:12:26] 问题：使用路由器连接校园网的两种方式是什么？
回答：使用路由器连接校园网可以通过WAN接口连接，这样路由器会获得一个校园网内网IP地址，连接到路由器的设备则会被分配私有IP地址。
分类：技术问题
来源：../QA/Documents/AAA需增添水印的新文件/校园网相关\南大宿舍校园网与路由器使用指南

[INFO][2024-04-17 19:12:26] 
Cluster 117
[INFO][2024-04-17 19:12:26] 问题：如何找到路由器的后台管理登录信息？
回答：路由器背面通常会贴有文字，记录着后台管理登录地址、初始管理员账户和密码。如果信息不全，可以尝试在品牌官网查找默认的账户和密码。
分类：技术问题
来源：../QA/Documents/AAA需增添水印的新文件/校园网相关\南大宿舍校园网与路由器使用指南

[INFO][2024-04-17 19:12:26] 
Cluster 118
[INFO][2024-04-17 19:12:26] 问题：如何使用命令行配置Linux的DHCP客户端？
回答：在Linux中，配置DHCP客户端通常可以通过执行`dhclient`或`dhcpd`等命令来实现。具体操作因发行版而异，建议查阅对应发行版的官方文档或在线教程获取详细步骤。
分类：技术问题
来源：../QA/Documents/AAA需增添水印的新文件/校园网相关\南大宿舍校园网与路由器使用指南

[INFO][2024-04-17 19:12:26] 问题：如何在Linux上配置DHCP客户端?
回答：在Linux中，你可以使用`dhclient`或`dhcpd`命令来配置本地DHCP客户端。具体操作可能因发行版而异，建议查阅对应发行版的官方文档或在线教程以获取详细步骤。
分类：技术问题
来源：../QA/Documents/AAA需增添水印的新文件/校园网相关\南大宿舍校园网与路由器使用指南

[INFO][2024-04-17 19:12:26] 
Cluster 119
[INFO][2024-04-17 19:12:26] 问题：每个学生每月有多少免费上网时间？
回答：每个学生每月有180小时的免费上网时间。
分类：学习资源与课程通知
来源：../QA/Documents/AAA需增添水印的新文件/校园网相关\南大宿舍校园网与路由器使用指南

[INFO][2024-04-17 19:12:26] 
Cluster 120
[INFO][2024-04-17 19:12:26] 问题：180小时的免费上网时间够在教室和图书馆使用吗？
回答：如果要在教室和图书馆同时登录，180小时的免费上网时间是不够用的。
分类：学习资源与课程通知
来源：../QA/Documents/AAA需增添水印的新文件/校园网相关\南大宿舍校园网与路由器使用指南

