[INFO] [2024-05-01 14:09:44] ../RawData/QQ/南哪23级本科①群.txt 处理完成，输出至：../QA/QQ/南哪23级本科①群.txt
[INFO] [2024-05-01 14:09:45] ../RawData/QQ/南哪2022级咨询交流①群.txt 处理完成，输出至：../QA/QQ/南哪2022级咨询交流①群.txt
[INFO] [2024-05-01 14:09:45] ../RawData/QQ/南哪2021级咨询交流群.txt 处理完成，输出至：../QA/QQ/南哪2021级咨询交流群.txt
[INFO] [2024-05-01 14:16:35] ../RawData/QQ/南哪23级本科①群.txt 处理完成，输出至：../QA/QQ/南哪23级本科①群.txt
[INFO] [2024-05-01 14:16:35] ../RawData/QQ/南哪2022级咨询交流①群.txt 处理完成，输出至：../QA/QQ/南哪2022级咨询交流①群.txt
[INFO] [2024-05-01 14:16:35] ../RawData/QQ/南哪2021级咨询交流群.txt 处理完成，输出至：../QA/QQ/南哪2021级咨询交流群.txt
[INFO] [2024-05-01 14:19:40] ../RawData/QQ/南哪23级本科①群.txt 处理完成，输出至：../QA/QQ/南哪23级本科①群.txt
[INFO] [2024-05-01 14:19:40] ../RawData/QQ/南哪2022级咨询交流①群.txt 处理完成，输出至：../QA/QQ/南哪2022级咨询交流①群.txt
[INFO] [2024-05-01 14:19:40] ../RawData/QQ/南哪2021级咨询交流群.txt 处理完成，输出至：../QA/QQ/南哪2021级咨询交流群.txt
[INFO] [2024-05-12 17:12:33] 初始化文档数据，路径：../RawData/Documents\AAA需增添水印的新文件\分流&转专业&二次选拔\南京大学2022级本科生二次选拔方案.pdf
[INFO] [2024-05-12 17:12:33] 文档加载完成，共 0 个文档
[INFO] [2024-05-12 17:12:33] 正在生成QA对
[INFO] [2024-05-12 17:12:33] 文档为空，无法生成QA对
[INFO] [2024-05-12 17:12:33] QA对生成完成，生成QA对：0个
[INFO] [2024-05-12 17:12:33] ../RawData/Documents\AAA需增添水印的新文件\分流&转专业&二次选拔\南京大学2022级本科生二次选拔方案.pdf 处理完成，输出至：../QA/Documents\AAA需增添水印的新文件\分流&转专业&二次选拔\南京大学2022级本科生二次选拔方案.pdf
[INFO] [2024-05-12 17:12:33] 初始化文档数据，路径：../RawData/Documents\AAA需增添水印的新文件\分流&转专业&二次选拔\南京大学2023年全日制本科生跨大类（院系）专业准入计划及实施方案一览表.pdf
[INFO] [2024-05-12 17:12:33] 文档加载完成，共 36 个文档
[INFO] [2024-05-12 17:12:33] 正在生成QA对
[INFO] [2024-05-12 17:13:03] 初始化文档数据，路径：../RawData/Documents\AAA需增添水印的新文件\分流&转专业&二次选拔\南京大学2022级本科生二次选拔方案.pdf
[INFO] [2024-05-12 17:13:03] 文档加载完成，共 0 个文档
[INFO] [2024-05-12 17:13:03] 正在生成QA对
[INFO] [2024-05-12 17:13:03] 文档为空，无法生成QA对
[INFO] [2024-05-12 17:13:03] QA对生成完成，生成QA对：0个
[INFO] [2024-05-12 17:13:03] ../RawData/Documents\AAA需增添水印的新文件\分流&转专业&二次选拔\南京大学2022级本科生二次选拔方案.pdf 处理完成，输出至：../QA/Documents\AAA需增添水印的新文件\分流&转专业&二次选拔\南京大学2022级本科生二次选拔方案.pdf
[INFO] [2024-05-12 17:13:03] 初始化文档数据，路径：../RawData/Documents\AAA需增添水印的新文件\分流&转专业&二次选拔\南京大学2023年全日制本科生跨大类（院系）专业准入计划及实施方案一览表.pdf
[INFO] [2024-05-12 17:13:03] 文档加载完成，共 36 个文档
[INFO] [2024-05-12 17:13:03] 正在生成QA对
[INFO] [2024-05-12 17:13:07] QA对生成完成，生成QA对：0个
[INFO] [2024-05-12 17:13:07] ../RawData/Documents\AAA需增添水印的新文件\分流&转专业&二次选拔\南京大学2023年全日制本科生跨大类（院系）专业准入计划及实施方案一览表.pdf 处理完成，输出至：../QA/Documents\AAA需增添水印的新文件\分流&转专业&二次选拔\南京大学2023年全日制本科生跨大类（院系）专业准入计划及实施方案一览表.pdf
[INFO] [2024-05-12 17:13:07] 初始化文档数据，路径：../RawData/Documents\AAA需增添水印的新文件\校园网相关\南大宿舍校园网与路由器使用指南.pdf
[INFO] [2024-05-12 17:13:08] 文档加载完成，共 25 个文档
[INFO] [2024-05-12 17:13:08] 正在生成QA对
[INFO] [2024-05-12 17:14:10] 初始化文档数据，路径：../RawData/Documents\AAA需增添水印的新文件\分流&转专业&二次选拔\南京大学2022级本科生二次选拔方案.pdf
[INFO] [2024-05-12 17:14:10] 文档加载完成，共 0 个文档
[INFO] [2024-05-12 17:14:10] 正在生成QA对
[INFO] [2024-05-12 17:14:10] 文档为空，无法生成QA对
[INFO] [2024-05-12 17:14:10] QA对生成完成，生成QA对：0个
[INFO] [2024-05-12 17:14:10] ../RawData/Documents\AAA需增添水印的新文件\分流&转专业&二次选拔\南京大学2022级本科生二次选拔方案.pdf 处理完成，输出至：../QA/Documents\AAA需增添水印的新文件\分流&转专业&二次选拔\南京大学2022级本科生二次选拔方案.pdf
[INFO] [2024-05-12 17:14:10] 初始化文档数据，路径：../RawData/Documents\AAA需增添水印的新文件\分流&转专业&二次选拔\南京大学2023年全日制本科生跨大类（院系）专业准入计划及实施方案一览表.pdf
[INFO] [2024-05-12 17:14:11] 文档加载完成，共 36 个文档
[INFO] [2024-05-12 17:14:11] 正在生成QA对
[INFO] [2024-05-12 17:14:48] 初始化文档数据，路径：../RawData/Documents\AAA需增添水印的新文件\分流&转专业&二次选拔\南京大学2022级本科生二次选拔方案.pdf
[INFO] [2024-05-12 17:14:48] 文档加载完成，共 0 个文档
[INFO] [2024-05-12 17:14:48] 正在生成QA对
[INFO] [2024-05-12 17:14:48] 文档为空，无法生成QA对
[INFO] [2024-05-12 17:14:48] QA对生成完成，生成QA对：0个
[INFO] [2024-05-12 17:14:48] ../RawData/Documents\AAA需增添水印的新文件\分流&转专业&二次选拔\南京大学2022级本科生二次选拔方案.pdf 处理完成，输出至：../QA/Documents\AAA需增添水印的新文件\分流&转专业&二次选拔\南京大学2022级本科生二次选拔方案.pdf
[INFO] [2024-05-12 17:14:48] 初始化文档数据，路径：../RawData/Documents\AAA需增添水印的新文件\分流&转专业&二次选拔\南京大学2023年全日制本科生跨大类（院系）专业准入计划及实施方案一览表.pdf
[INFO] [2024-05-12 17:14:48] 文档加载完成，共 36 个文档
[INFO] [2024-05-12 17:14:48] 正在生成QA对
