[INFO] [2024-05-12 20:08:26] 初始化文档数据，路径：../RawData\Documents\南大社团介绍\艺术表演类\半人间沙龙社.txt
[INFO] [2024-05-12 20:08:26] 文档加载完成，共 3 个文档
[INFO] [2024-05-12 20:08:26] 正在生成QA对
[INFO] [2024-05-12 20:08:46] QA对生成完成，生成QA对：7个
[INFO] [2024-05-12 20:08:46] ../RawData\Documents\南大社团介绍\艺术表演类\半人间沙龙社.txt 处理完成，输出至：./temp/BATCH01/\Documents\南大社团介绍\艺术表演类\半人间沙龙社.txt
[INFO] [2024-05-12 20:08:46] 初始化文档数据，路径：../RawData\Documents\南大社团介绍\艺术表演类\南京大学古琴社.txt
[INFO] [2024-05-12 20:08:46] 文档加载完成，共 4 个文档
[INFO] [2024-05-12 20:08:46] 正在生成QA对
[INFO] [2024-05-12 20:09:10] 出错：分类错误，模型返回：[  
    {  
        "问题": "南京大学古琴社是什么时候成立的？",
        "回答": "南京大学古琴社成立于2004年11月。",
        "分类": "学生组织与社团",
        "关键词": ["南京大学古琴社", "成立时间"],
        "依据": ["南京大学古琴社，成立于2004年11月"]
    },  
    {  
        "问题": "古琴社的宗旨是什么？",
        "回答": "古琴社的宗旨是团结古琴爱好者，以古琴为切入点，弘扬民族传统文化。",
        "分类": "学生组织与社团",
        "关键词": ["古琴社", "宗旨", "弘扬传统文化"],
        "依据": ["社团以团结古琴爱好者，以古琴为切入点，弘扬民族传统文化为宗旨"]
    },  
    {  
        "问题": "古琴社的活动主要围绕什么展开？",
        "回答": "古琴社的活动主要围绕琴和箫这两门乐器进行。",
        "分类": "学生组织与社团",
        "关键词": ["古琴社", "活动", "琴", "箫"],
        "依据": ["社团活动主要围绕琴和箫开展"]
    },  
    {  
        "问题": "古琴社有什么定期举行的活动？",
        "回答": "古琴社每年会举行春季和秋季的社团出游。",
        "分类": "学生组织与社团",
        "关键词": ["古琴社", "活动", "春季出游", "秋季出游"],
        "依据": ["**春季和秋季的社团出游**"]
    },  
    {  
        "问题": "对古琴或箫感兴趣的人可以加入古琴社吗？",
        "回答": "非常欢迎对古琴和箫有兴趣的人加入古琴社，这里可以深化对传统文化的理解。",
        "分类": "学生组织与社团",
        "关键词": ["古琴社", "加入条件", "兴趣"],
        "依据": ["如果你对古琴和箫这两门乐器有兴趣"]
    }  
]
[INFO] [2024-05-12 20:09:31] QA对生成完成，生成QA对：11个
[INFO] [2024-05-12 20:09:31] ../RawData\Documents\南大社团介绍\艺术表演类\南京大学古琴社.txt 处理完成，输出至：./temp/BATCH01/\Documents\南大社团介绍\艺术表演类\南京大学古琴社.txt
[INFO] [2024-05-12 20:09:31] 初始化文档数据，路径：../RawData\Documents\南大社团介绍\艺术表演类\南京大学合唱团招新.txt
[INFO] [2024-05-12 20:09:31] 文档加载完成，共 3 个文档
[INFO] [2024-05-12 20:09:31] 正在生成QA对
[INFO] [2024-05-12 20:10:02] 出错：Expecting value: line 32 column 15 (char 950)，模型返回：[
    {
        "问题": "南京大学合唱团的前身是什么？",
        "回答": "南京大学合唱团的前身是南京大学阳光合唱团。",
        "分类": "学术交流活动",
        "关键词": ["南京大学合唱团", "前身", "南京大学阳光合唱团"],
        "依据": ["南京大学合唱团成立于1999年，前身为南京大学阳光合唱团"]
    },
    {
        "问题": "谁担任南京大学合唱团的艺术总监和常任指挥？",
        "回答": "陈晓艳副教授担任南京大学合唱团的艺术总监和常任指挥。",
        "分类": "学术交流活动",
        "关键词": ["艺术总监", "常任指挥", "陈晓艳"],
        "依据": ["合唱团艺术总监、常任指挥为陈晓艳副教授"]
    },
    {
        "问题": "南京大学合唱团的成员主要由哪些人组成？",
        "回答": "合唱团的成员主要来自全校各院系、本硕博各年级，具有一定的声乐素养的合唱爱好者。",
        "分类": "学术交流活动",
        "关键词": ["成员构成", "声乐素养", "合唱爱好者"],
        "依据": ["团员是来自全校各院系、本硕博各年级的、具有一定声乐素养的合唱爱好者."]
    },
    {
        "问题": "南京大学合唱团表演的曲目类型有哪些？",
        "回答": "他们涉及的作品包括中国歌曲、经典艺术歌曲和歌剧作品，以及通俗曲目、音乐剧选段。",
        "分类": "学术交流活动",
        "关键词": ["表演曲目", "中国歌曲", "艺术歌曲", "歌剧作品", "通俗曲目", "音乐剧选段"],
        "依据": ["合唱团涉及的作品既有充满民族风情的中国歌曲，也有经典艺术歌曲和歌剧作品，以及大家耳熟能详的通俗曲目、音乐剧选段"]
    },
    {
        "问题": "南京大学合唱团的宗旨是什么？",
        "回答": 合唱团的宗旨是弘扬合唱艺术，普及声乐知识，丰富校园文化，提高南大学子的艺术修养和综合素质。",
        "分类": "学术交流活动",
        "关键词": ["宗旨", "弘扬合唱艺术", "普及声乐知识", "丰富校园文化", "艺术修养", "综合素质"],
        "依据": ["南京大学合唱团以‘弘扬合唱艺术，普及声乐知识，丰富校园文化，提高南大学子的艺术修养和综合素质’为宗旨"]
    }
]
[INFO] [2024-05-12 20:10:36] QA对生成完成，生成QA对：13个
[INFO] [2024-05-12 20:10:36] ../RawData\Documents\南大社团介绍\艺术表演类\南京大学合唱团招新.txt 处理完成，输出至：./temp/BATCH01/\Documents\南大社团介绍\艺术表演类\南京大学合唱团招新.txt
[INFO] [2024-05-12 20:10:36] 初始化文档数据，路径：../RawData\Documents\南大社团介绍\艺术表演类\南京大学文物爱好者协会.txt
[INFO] [2024-05-12 20:10:36] 文档加载完成，共 3 个文档
[INFO] [2024-05-12 20:10:36] 正在生成QA对
[INFO] [2024-05-12 20:10:56] 出错：Expecting value: line 18 column 15 (char 557)，模型返回：[
    {
        "问题": "这个文档描述的是什么类型的活动或组织？",
        "回答": "这个文档描述的可能是一个大学里的社团活动或者兴趣小组，涉及考古实践、文化游览、知识竞赛以及社交聚会等内容。",
        "分类": "课余活动与社团活动",
        "关键词": ["考古实践", "文物知识竞赛", "社团活动"],
        "依据": ["亲临考古发掘现场，圆梦考古实践", "参加一次文物知识竞赛", "和一群拥有同样爱好的同学畅所欲言"]
    },
    {
        "问题": "如何加入这个社团或获取更多信息？",
        "回答": "可以通过关注他们的微信公众号来获取更多信息并加入社团，具体操作是在微信中搜索该社团的公众号，或者扫描文档中提供的二维码。",
        "分类": "课余活动与社团活动",
        "关键词": ["微信公众号", "社团群号", "加入方式"],
        "依据": ["赶紧动动小手，关注一下我们的微信公众号然后投入我们的怀抱吧"]
    },
    {
        "问题": "这个社团的成员可以参与哪些活动？",
        "回答": 社员可以参与考古实地考察、参观名胜古迹如鸡鸣寺和灵谷寺、参加文物知识竞赛、听讲座、模拟考古，还能制作文物表情包和文创产品。",
        "分类": "课余活动与社团活动",
        "关键词": ["活动种类", "考古实践", "文物制作"],
        "依据": ["亲临考古发掘现场", "文物知识竞赛", "模拟考古, 制作文物表情包"]
    }
]
[INFO] [2024-05-12 20:10:57] 出错：分类错误，模型返回：[
    {
        "问题": "南京大学文物爱好者协会提供了哪些活动机会？",
        "回答": "南京大学文物爱好者协会提供了参观博物馆（包括专业讲解）、参与考古发掘现场实践以及在校园内如鸡鸣寺赏樱或观看灵谷寺萤火虫等活动机会。",
        "分类": "学生社团活动",
        "关键词": ["南京大学", "文物爱好者协会", "活动", "博物馆", "考古发掘"],
        "依据": ["加入我们，你可以：\n- [x] 参观到南京乃至全国各地的博物馆（并且可以白嫖到学长学姐们专业的讲解哦）\n- [x] 亲临考古发掘现场，圆梦考古实践\n- [x] 在开满樱花的鸡鸣寺漫步抑或是赴一场灵谷寺的萤火虫舞会"]
    },
    {
        "问题": "对于热爱历史文物的人来说，加入南京大学文物爱好者协会有什么好处？",
        "回答": "对于热爱历史文物的人，加入该协会能提供实地参观博物馆并聆听专业讲解的机会，有助于更深入地了解文物，同时还能参与考古实践，丰富实践经验。",
        "分类": "学生社团活动",
        "关键词": ["历史文物", "博物馆", "考古实践", "南京大学文物爱好者协会"],
        "依据": ["你是否热爱历史文物却苦于没有近距离接触文物的机会？\n加入我们，你可以：\n- [x] 参观到南京乃至全国各地的博物馆（并且可以白嫖到学长学姐们专业的讲解哦）\n- [x] 亲临考古发掘现场，圆梦考古实践"]
    }
]
[INFO] [2024-05-12 20:11:09] 出错：分类错误，模型返回：[
    {
        "问题": "南京大学文物爱好者协会能提供哪些活动或机会？",
        "回答": "南京大学文物爱好者协会提供了参观博物馆（包括专业讲解）、参与考古发掘现场实践以及在校园内如鸡鸣寺赏樱、灵谷寺观看萤火虫等活动的机会。",
        "分类": "学生社团活动",
        "关键词": ["南京大学", "文物爱好者协会", "活动", "博物馆", "考古", "鸡鸣寺", "灵谷寺"],
        "依据": ["加入我们，你可以：\n- [x] 参观到南京乃至全国各地的博物馆（并且可以白嫖到学长学姐们专业的讲解哦）\n- [x] 亲临考古发掘现场，圆梦考古实践\n- [x] 在开满樱花的鸡鸣寺漫步抑或是赴一场灵谷寺的萤火虫舞会"]
    }
]
