[INFO] [2024-04-25 23:43:32] 初始化处理聊天记录，路径：../TEST\test.qa
[INFO] [2024-04-25 23:43:32] 聊天记录导入完成，共计26条消息
[INFO] [2024-04-25 23:43:32] 正在隐藏用户信息和过滤消息
[INFO] [2024-04-25 23:43:32] 用户信息隐藏和消息过滤完成，共计11位用户，21条消息
[INFO] [2024-04-25 23:43:32] 正在生成QA对
[INFO] [2024-04-25 23:45:15] 初始化处理聊天记录，路径：../TEST\test.qa
[INFO] [2024-04-25 23:45:15] 聊天记录导入完成，共计26条消息
[INFO] [2024-04-25 23:45:15] 正在隐藏用户信息和过滤消息
[INFO] [2024-04-25 23:45:15] 用户信息隐藏和消息过滤完成，共计11位用户，21条消息
[INFO] [2024-04-25 23:45:15] 正在生成QA对
[INFO] [2024-04-25 23:45:27] QA对生成完成，生成QA对：2个
[INFO] [2024-04-25 23:45:27] ../TEST\test.qa 处理完成，输出至：/temp/1/\test.qa
[INFO] [2024-04-25 23:52:59] 初始化处理聊天记录，路径：../TEST\test.qa
[INFO] [2024-04-25 23:52:59] 聊天记录导入完成，共计26条消息
[INFO] [2024-04-25 23:52:59] 正在隐藏用户信息和过滤消息
[INFO] [2024-04-25 23:52:59] 用户信息隐藏和消息过滤完成，共计11位用户，21条消息
[INFO] [2024-04-25 23:52:59] 正在生成QA对
[INFO] [2024-04-25 23:53:14] QA对生成完成，生成QA对：2个
[INFO] [2024-04-25 23:53:14] ../TEST\test.qa 处理完成，输出至：./temp/TEST/\test.qa
[INFO] [2024-04-25 23:55:52] 初始化处理聊天记录，路径：../TEST\test.qa
[INFO] [2024-04-25 23:55:52] 聊天记录导入完成，共计26条消息
[INFO] [2024-04-25 23:55:52] 正在隐藏用户信息和过滤消息
[INFO] [2024-04-25 23:55:52] 用户信息隐藏和消息过滤完成，共计11位用户，21条消息
[INFO] [2024-04-25 23:55:52] 正在生成QA对
[INFO] [2024-04-25 23:56:05] QA对生成完成，生成QA对：3个
[INFO] [2024-04-25 23:56:05] ../TEST\test.qa 处理完成，输出至：./temp/TEST/\test.qa
