[INFO] [2024-04-28 22:29:38] 加载文件成功！共加载 2 个文件。
[INFO] [2024-04-28 22:29:38] 初始化成功！
[INFO] [2024-04-28 22:30:48] 加载文件成功！共加载 2 个文件。
[INFO] [2024-04-28 22:30:48] 初始化成功！
[INFO] [2024-04-28 22:30:48] 数据库创建成功！
[INFO] [2024-04-28 22:32:22] 加载文件成功！共加载 2 个文件。
[INFO] [2024-04-28 22:32:22] 初始化成功！
[INFO] [2024-04-28 22:32:22] 数据库连接成功！
[INFO] [2024-04-28 22:37:19] 加载文件成功！共加载 2 个文件。
[INFO] [2024-04-28 22:37:19] 初始化成功！
[INFO] [2024-04-28 22:37:19] 数据库连接成功！
[INFO] [2024-04-28 22:37:44] 加载文件成功！共加载 2 个文件。
[INFO] [2024-04-28 22:37:44] 初始化成功！
[INFO] [2024-04-28 22:37:44] 数据库连接成功！
[INFO] [2024-04-28 22:38:31] 加载文件成功！共加载 2 个文件。
[INFO] [2024-04-28 22:38:31] 初始化成功！
[INFO] [2024-04-28 22:38:31] 数据库连接成功！
[INFO] [2024-04-28 22:39:31] 加载文件成功！共加载 2 个文件。
[INFO] [2024-04-28 22:39:31] 初始化成功！
[INFO] [2024-04-28 22:39:31] 数据库连接成功！
[INFO] [2024-04-28 22:39:59] 加载文件成功！共加载 2 个文件。
[INFO] [2024-04-28 22:39:59] 初始化成功！
[INFO] [2024-04-28 22:39:59] 数据库连接成功！
[INFO] [2024-04-28 22:40:19] 加载文件成功！共加载 2 个文件。
[INFO] [2024-04-28 22:40:19] 初始化成功！
[INFO] [2024-04-28 22:40:19] 数据库连接成功！
[INFO] [2024-04-28 22:59:05] 预加载状态成功，当前进度：未开始运行。
[INFO] [2024-04-28 22:59:05] 数据库连接成功！
[INFO] [2024-04-28 23:32:11] 预加载状态成功，当前进度：未开始运行。
[INFO] [2024-04-28 23:32:11] 数据库连接成功！
