[INFO] [2024-04-30 20:09:50] 加载文件成功！共加载 1 个文件。
[INFO] [2024-04-30 20:09:50] 初始化成功！
[INFO] [2024-04-30 20:09:50] 数据库创建成功！
[INFO] [2024-04-30 20:14:39] 预加载状态成功，当前进度：1/1
[INFO] [2024-04-30 20:14:39] 数据库连接成功！
[INFO] [2024-04-30 20:15:01] 预加载状态成功，当前进度：未开始运行。
[INFO] [2024-04-30 20:15:01] 数据库连接成功！
[INFO] [2024-04-30 20:15:28] 预加载状态成功，当前进度：1/1
[INFO] [2024-04-30 20:15:28] 数据库连接成功！
[INFO] [2024-04-30 20:15:40] 预加载状态成功，当前进度：未开始运行。
[INFO] [2024-04-30 20:15:40] 数据库连接成功！
[INFO] [2024-04-30 21:51:04] 预加载状态成功，当前进度：未开始运行。
[INFO] [2024-04-30 21:51:04] 数据库连接成功！
[INFO] [2024-05-01 11:29:45] 预加载状态成功，当前进度：未开始运行。
[INFO] [2024-05-01 11:29:45] 数据库创建成功！
[INFO] [2024-05-01 11:32:14] 预加载状态成功，当前进度：未开始运行。
[INFO] [2024-05-01 11:32:14] 数据库连接成功！
[INFO] [2024-05-01 11:33:38] 预加载状态成功，当前进度：未开始运行。
[INFO] [2024-05-01 11:33:38] 数据库连接成功！
[INFO] [2024-05-01 11:34:10] 预加载状态成功，当前进度：未开始运行。
[INFO] [2024-05-01 11:34:10] 数据库连接成功！
[INFO] [2024-05-01 11:35:59] 预加载状态成功，当前进度：1/1
[INFO] [2024-05-01 11:35:59] 数据库连接成功！
[INFO] [2024-05-01 11:40:06] 预加载状态成功，当前进度：1/1
[INFO] [2024-05-01 11:40:06] 数据库连接成功！
[INFO] [2024-05-01 11:43:26] 预加载状态成功，当前进度：1/1
[INFO] [2024-05-01 11:43:26] 数据库连接成功！
